2010-08-15 08 DONE Checked. No new data. (Sat Aug 28 06:10:04 2010)
2010-08-16 08 DONE Checked. No new data. (Sun Aug 29 06:10:04 2010)
2010-08-17 07 DONE Checked. No new data. (Mon Aug 30 06:10:04 2010)
2010-08-18 08 DONE Checked. No new data. (Tue Aug 31 06:10:04 2010)
2010-08-19 08 DONE Checked. No new data. (Wed Sep  1 06:10:04 2010)
2010-08-20 08 DONE Checked. No new data. (Thu Sep  2 06:10:04 2010)
2010-08-21 07 DONE Checked. No new data. (Fri Sep  3 06:10:05 2010)
2010-08-22 08 DONE Checked. No new data. (Sat Sep  4 06:10:04 2010)
2010-08-23 08 DONE Checked. No new data. (Sun Sep  5 06:10:04 2010)
2010-08-24 08 DONE Checked. No new data. (Mon Sep  6 06:10:05 2010)
2010-08-25 08 DONE Checked. No new data. (Tue Sep  7 06:10:04 2010)
2010-08-26 08 DONE Checked. No new data. (Wed Sep  8 06:10:04 2010)
2010-08-27 08 DONE Checked. No new data. (Thu Sep  9 06:10:04 2010)
2010-08-28 08 DONE Checked. No new data. (Fri Sep 10 06:10:05 2010)
2010-08-29 08 DONE Checked. No new data. (Sat Sep 11 06:10:04 2010)
2010-08-30 07 DONE Checked. No new data. (Sun Sep 12 06:10:04 2010)
2010-08-31 00 PENDING No data files found. Skip. (Mon Sep 13 06:10:03 2010)
2010-09-01 06 DONE Checked. No new data. (Tue Sep 14 06:10:05 2010)
2010-09-02 08 DONE Checked. No new data. (Wed Sep 15 06:10:04 2010)
2010-09-03 08 DONE Checked. No new data. (Thu Sep 16 06:10:04 2010)
2010-09-04 08 DONE Checked. No new data. (Fri Sep 17 06:10:04 2010)
2010-09-05 08 DONE Checked. No new data. (Sat Sep 18 06:10:04 2010)
2010-09-06 07 DONE Checked. No new data. (Sun Sep 19 06:10:05 2010)
2010-09-07 08 DONE Checked. No new data. (Mon Sep 20 06:10:04 2010)
2010-09-08 08 DONE Checked. No new data. (Tue Sep 21 06:10:05 2010)
2010-09-09 08 DONE Checked. No new data. (Wed Sep 22 06:10:04 2010)
2010-09-10 08 DONE Checked. No new data. (Thu Sep 23 06:10:05 2010)
2010-09-11 08 DONE Checked. No new data. (Fri Sep 24 06:10:04 2010)
2010-09-12 08 DONE Checked. No new data. (Sat Sep 25 06:10:04 2010)
2010-09-13 08 DONE Checked. No new data. (Sun Sep 26 06:10:05 2010)
2010-09-14 08 DONE Checked. No new data. (Mon Sep 27 06:10:04 2010)
2010-09-15 07 DONE Checked. No new data. (Tue Sep 28 06:10:04 2010)
2010-09-16 08 DONE Checked. No new data. (Wed Sep 29 06:10:04 2010)
2010-09-17 08 DONE Checked. No new data. (Thu Sep 30 06:10:04 2010)
2010-09-18 07 DONE Checked. No new data. (Fri Oct  1 06:10:09 2010)
2010-09-19 08 DONE Checked. No new data. (Sat Oct  2 06:10:04 2010)
2010-09-20 08 DONE Checked. No new data. (Sun Oct  3 06:10:04 2010)
2010-09-21 08 DONE Checked. No new data. (Mon Oct  4 06:10:04 2010)
2010-09-22 07 DONE Checked. No new data. (Tue Oct  5 06:10:05 2010)
2010-09-23 08 DONE Checked. No new data. (Wed Oct  6 06:10:04 2010)
2010-09-24 08 DONE Checked. No new data. (Thu Oct  7 06:10:04 2010)
2010-09-25 08 DONE Checked. No new data. (Fri Oct  8 06:10:05 2010)
2010-09-26 08 DONE Checked. No new data. (Sat Oct  9 06:10:04 2010)
2010-09-27 09 DONE Checked. No new data. (Sun Oct 10 06:10:05 2010)
2010-09-28 08 DONE Checked. No new data. (Mon Oct 11 06:10:05 2010)
2010-09-29 08 DONE Checked. No new data. (Tue Oct 12 06:10:05 2010)
2010-09-30 08 DONE Checked. No new data. (Wed Oct 13 06:10:04 2010)
2010-10-01 07 DONE Checked. No new data. (Thu Oct 14 06:10:04 2010)
2010-10-02 00 PENDING No data files found. Skip. (Fri Oct 15 06:10:04 2010)
2010-10-03 06 DONE Checked. No new data. (Sat Oct 16 06:10:04 2010)
2010-10-04 08 DONE Checked. No new data. (Sun Oct 17 06:10:04 2010)
2010-10-05 08 DONE Checked. No new data. (Mon Oct 18 06:10:04 2010)
2010-10-06 08 DONE Checked. No new data. (Tue Oct 19 06:10:04 2010)
2010-10-07 08 DONE Checked. No new data. (Wed Oct 20 06:10:04 2010)
2010-10-08 07 DONE Checked. No new data. (Thu Oct 21 06:10:12 2010)
2010-10-09 08 DONE Checked. No new data. (Fri Oct 22 06:10:11 2010)
2010-10-10 08 DONE Checked. No new data. (Sat Oct 23 06:10:12 2010)
2010-10-11 08 DONE Checked. No new data. (Sun Oct 24 06:10:11 2010)
2010-10-12 08 DONE Checked. No new data. (Mon Oct 25 06:10:13 2010)
2010-10-13 09 DONE Checked. No new data. (Tue Oct 26 06:10:13 2010)
2010-10-14 09 DONE Checked. No new data. (Wed Oct 27 06:10:15 2010)
2010-10-15 08 DONE Checked. No new data. (Thu Oct 28 06:10:04 2010)
2010-10-16 09 DONE Checked. No new data. (Fri Oct 29 06:10:06 2010)
2010-10-17 08 DONE Checked. No new data. (Sat Oct 30 06:10:04 2010)
2010-10-18 09 DONE Checked. No new data. (Sun Oct 31 06:10:04 2010)
2010-10-19 09 DONE Checked. No new data. (Mon Nov  1 06:10:04 2010)
2010-10-20 07 DONE Checked. No new data. (Tue Nov  2 06:10:04 2010)
2010-10-21 08 DONE Checked. No new data. (Wed Nov  3 06:10:04 2010)
2010-10-22 08 DONE Checked. No new data. (Thu Nov  4 06:10:04 2010)
2010-10-23 08 DONE Checked. No new data. (Fri Nov  5 06:10:05 2010)
2010-10-24 07 DONE Checked. No new data. (Sat Nov  6 06:10:05 2010)
2010-10-25 08 DONE Checked. No new data. (Sun Nov  7 06:10:05 2010)
2010-10-26 08 DONE Checked. No new data. (Mon Nov  8 06:10:05 2010)
2010-10-27 08 DONE Checked. No new data. (Tue Nov  9 06:10:07 2010)
2010-10-28 09 DONE Checked. No new data. (Wed Nov 10 06:10:04 2010)
2010-10-29 09 DONE Checked. No new data. (Thu Nov 11 06:10:05 2010)
2010-10-30 09 DONE Checked. No new data. (Fri Nov 12 06:10:06 2010)
2010-10-31 09 DONE Checked. No new data. (Sat Nov 13 06:10:06 2010)
2010-11-01 09 DONE Checked. No new data. (Sun Nov 14 06:10:04 2010)
2010-11-02 08 DONE Checked. No new data. (Mon Nov 15 06:10:04 2010)
2010-11-03 00 PENDING No data files found. Skip. (Tue Nov 16 06:10:03 2010)
2010-11-04 06 DONE Checked. No new data. (Wed Nov 17 06:10:05 2010)
2010-11-05 08 DONE Checked. No new data. (Thu Nov 18 06:10:05 2010)
2010-11-06 08 DONE Checked. No new data. (Fri Nov 19 06:10:04 2010)
2010-11-07 08 DONE Checked. No new data. (Sat Nov 20 06:10:04 2010)
2010-11-08 08 DONE Checked. No new data. (Sun Nov 21 06:10:04 2010)
2010-11-09 07 DONE Checked. No new data. (Mon Nov 22 06:10:05 2010)
2010-11-10 08 DONE Checked. No new data. (Tue Nov 23 06:10:05 2010)
2010-11-11 08 DONE Checked. No new data. (Wed Nov 24 06:10:04 2010)
2010-11-12 08 DONE Checked. No new data. (Thu Nov 25 06:10:04 2010)
2010-11-13 08 DONE Checked. No new data. (Fri Nov 26 06:10:05 2010)
2010-11-14 09 DONE Checked. No new data. (Sat Nov 27 06:10:05 2010)
2010-11-15 09 DONE Checked. No new data. (Sun Nov 28 06:10:04 2010)
2010-11-16 08 DONE Checked. No new data. (Mon Nov 29 06:10:05 2010)
2010-11-17 09 DONE Checked. No new data. (Tue Nov 30 06:10:05 2010)
2010-11-18 09 DONE Checked. No new data. (Wed Dec  1 06:10:05 2010)
2010-11-19 08 DONE Checked. No new data. (Thu Dec  2 06:10:05 2010)
2010-11-20 09 DONE Checked. No new data. (Fri Dec  3 06:10:04 2010)
2010-11-21 08 DONE Checked. No new data. (Sat Dec  4 06:10:04 2010)
2010-11-22 08 DONE Checked. No new data. (Sun Dec  5 06:10:04 2010)
2010-11-23 08 DONE Checked. No new data. (Mon Dec  6 06:10:05 2010)
2010-11-24 08 DONE Checked. No new data. (Tue Dec  7 06:10:04 2010)
2010-11-25 07 DONE Checked. No new data. (Wed Dec  8 06:10:04 2010)
2010-11-26 08 DONE Checked. No new data. (Thu Dec  9 06:10:04 2010)
2010-11-27 08 DONE Checked. No new data. (Fri Dec 10 06:10:04 2010)
2010-11-28 08 DONE Checked. No new data. (Sat Dec 11 06:10:05 2010)
2010-11-29 09 DONE Checked. No new data. (Sun Dec 12 06:10:05 2010)
2010-11-30 09 DONE Checked. No new data. (Mon Dec 13 06:10:05 2010)
2010-12-01 09 DONE Checked. No new data. (Tue Dec 14 06:10:04 2010)
2010-12-02 09 DONE Checked. No new data. (Wed Dec 15 06:10:04 2010)
2010-12-03 09 DONE Checked. No new data. (Thu Dec 16 06:10:05 2010)
2010-12-04 08 DONE Checked. No new data. (Fri Dec 17 06:10:05 2010)
2010-12-05 00 PENDING No data files found. Skip. (Sat Dec 18 06:10:03 2010)
2010-12-06 06 DONE Checked. No new data. (Sun Dec 19 06:10:05 2010)
2010-12-07 08 DONE Checked. No new data. (Mon Dec 20 06:10:05 2010)
2010-12-08 08 DONE Checked. No new data. (Tue Dec 21 06:10:05 2010)
2010-12-09 08 DONE Checked. No new data. (Wed Dec 22 06:10:05 2010)
2010-12-10 08 DONE Checked. No new data. (Thu Dec 23 06:10:05 2010)
2010-12-11 07 DONE Checked. No new data. (Fri Dec 24 06:10:04 2010)
2010-12-12 08 DONE Checked. No new data. (Sat Dec 25 06:10:04 2010)
2010-12-13 08 DONE Checked. No new data. (Sun Dec 26 06:10:04 2010)
2010-12-14 08 DONE Checked. No new data. (Mon Dec 27 06:10:04 2010)
2010-12-15 08 DONE Checked. No new data. (Tue Dec 28 06:10:04 2010)
2010-12-16 09 DONE Checked. No new data. (Wed Dec 29 06:10:04 2010)
2010-12-17 09 DONE Checked. No new data. (Thu Dec 30 06:10:03 2010)
2010-12-18 08 DONE Checked. No new data. (Fri Dec 31 06:10:04 2010)
2010-12-19 09 DONE Checked. No new data. (Sat Jan  1 06:10:04 2011)
2010-12-20 08 DONE Checked. No new data. (Sun Jan  2 06:10:05 2011)
2010-12-21 09 SKIPPED Failed last time. Skip. (Thu Dec 23 06:10:11 2010)
2010-12-22 09 DONE Checked. No new data. (Tue Jan  4 06:10:05 2011)
2010-12-23 08 DONE Checked. No new data. (Wed Jan  5 06:10:03 2011)
2010-12-24 08 DONE Checked. No new data. (Thu Jan  6 06:10:05 2011)
2010-12-25 08 DONE Checked. No new data. (Fri Jan  7 06:10:05 2011)
2010-12-26 08 DONE Checked. No new data. (Sat Jan  8 06:10:04 2011)
2010-12-27 07 DONE Checked. No new data. (Sun Jan  9 06:10:04 2011)
2010-12-28 08 DONE Checked. No new data. (Mon Jan 10 06:10:04 2011)
2010-12-29 08 DONE Checked. No new data. (Tue Jan 11 06:10:04 2011)
2010-12-30 08 DONE Checked. No new data. (Wed Jan 12 06:10:05 2011)
2010-12-31 09 DONE Checked. No new data. (Thu Jan 13 06:10:05 2011)
2011-01-01 09 DONE Checked. No new data. (Fri Jan 14 06:10:04 2011)
2011-01-02 09 DONE Checked. No new data. (Sat Jan 15 06:10:05 2011)
2011-01-03 09 DONE Checked. No new data. (Sun Jan 16 06:10:06 2011)
2011-01-04 09 DONE Checked. No new data. (Mon Jan 17 06:10:05 2011)
2011-01-05 08 DONE Checked. No new data. (Tue Jan 18 06:10:05 2011)
2011-01-06 00 PENDING No data files found. Skip. (Wed Jan 19 06:10:03 2011)
2011-01-07 06 DONE Checked. No new data. (Thu Jan 20 06:10:05 2011)
2011-01-08 08 DONE Checked. No new data. (Fri Jan 21 06:10:04 2011)
2011-01-09 08 DONE Checked. No new data. (Sat Jan 22 06:10:04 2011)
2011-01-10 08 DONE Checked. No new data. (Sun Jan 23 06:10:04 2011)
2011-01-11 08 DONE Checked. No new data. (Mon Jan 24 06:10:04 2011)
2011-01-12 07 DONE Checked. No new data. (Tue Jan 25 06:10:04 2011)
2011-01-13 08 DONE Checked. No new data. (Wed Jan 26 06:10:04 2011)
2011-01-14 08 DONE Checked. No new data. (Thu Jan 27 06:10:04 2011)
2011-01-15 08 DONE Checked. No new data. (Fri Jan 28 06:10:04 2011)
2011-01-16 08 DONE Checked. No new data. (Sat Jan 29 06:10:04 2011)
2011-01-17 09 DONE Checked. No new data. (Sun Jan 30 06:10:05 2011)
2011-01-18 09 DONE Checked. No new data. (Mon Jan 31 06:10:04 2011)
2011-01-19 08 DONE Checked. No new data. (Tue Feb  1 06:10:04 2011)
2011-01-20 09 DONE Checked. No new data. (Wed Feb  2 06:10:05 2011)
2011-01-21 08 DONE Checked. No new data. (Thu Feb  3 06:10:06 2011)
2011-01-22 09 DONE Checked. No new data. (Fri Feb  4 06:10:04 2011)
2011-01-23 09 DONE Checked. No new data. (Sat Feb  5 06:10:04 2011)
2011-01-24 08 DONE Checked. No new data. (Sun Feb  6 06:10:04 2011)
2011-01-25 08 DONE Checked. No new data. (Mon Feb  7 06:10:04 2011)
2011-01-26 08 DONE Checked. No new data. (Tue Feb  8 06:10:04 2011)
2011-01-27 08 DONE Checked. No new data. (Wed Feb  9 06:10:03 2011)
2011-01-28 07 DONE Checked. No new data. (Thu Feb 10 06:10:04 2011)
2011-01-29 08 DONE Checked. No new data. (Fri Feb 11 06:10:04 2011)
2011-01-30 08 DONE Checked. No new data. (Sat Feb 12 06:10:05 2011)
2011-01-31 08 DONE Checked. No new data. (Sun Feb 13 06:10:04 2011)
2011-02-01 09 DONE Checked. No new data. (Mon Feb 14 06:10:04 2011)
2011-02-02 09 DONE Checked. No new data. (Tue Feb 15 06:10:05 2011)
2011-02-03 09 DONE Checked. No new data. (Wed Feb 16 06:10:04 2011)
2011-02-04 09 DONE Checked. No new data. (Thu Feb 17 06:10:04 2011)
2011-02-05 09 DONE Checked. No new data. (Fri Feb 18 06:10:03 2011)
2011-02-06 08 DONE Checked. No new data. (Sat Feb 19 06:10:04 2011)
2011-02-07 00 PENDING No data files found. Skip. (Sun Feb 20 06:10:04 2011)
2011-02-08 06 DONE Checked. No new data. (Mon Feb 21 06:10:05 2011)
2011-02-09 08 DONE Checked. No new data. (Tue Feb 22 06:10:04 2011)
2011-02-10 08 DONE Checked. No new data. (Wed Feb 23 06:10:04 2011)
2011-02-11 08 DONE Checked. No new data. (Thu Feb 24 06:10:04 2011)
2011-02-12 08 DONE Checked. No new data. (Fri Feb 25 06:10:05 2011)
2011-02-13 07 DONE Checked. No new data. (Sat Feb 26 06:10:05 2011)
2011-02-14 08 DONE Checked. No new data. (Sun Feb 27 06:10:05 2011)
2011-02-15 08 DONE Checked. No new data. (Mon Feb 28 06:10:04 2011)
2011-02-16 08 DONE Checked. No new data. (Tue Mar  1 06:10:04 2011)
2011-02-17 08 DONE Checked. No new data. (Wed Mar  2 06:10:05 2011)
2011-02-18 09 DONE Checked. No new data. (Thu Mar  3 06:10:04 2011)
2011-02-19 09 DONE Checked. No new data. (Fri Mar  4 06:10:04 2011)
2011-02-20 08 DONE Checked. No new data. (Sat Mar  5 06:10:05 2011)
2011-02-21 09 DONE Checked. No new data. (Sun Mar  6 06:10:05 2011)
2011-02-22 08 DONE Checked. No new data. (Mon Mar  7 06:10:04 2011)
2011-02-23 09 DONE Checked. No new data. (Tue Mar  8 06:10:04 2011)
2011-02-24 09 DONE Checked. No new data. (Wed Mar  9 06:10:04 2011)
2011-02-25 07 DONE Checked. No new data. (Thu Mar 10 06:10:05 2011)
2011-02-26 08 DONE Checked. No new data. (Fri Mar 11 06:10:05 2011)
2011-02-27 08 DONE Checked. No new data. (Sat Mar 12 06:10:04 2011)
2011-02-28 08 DONE Checked. No new data. (Sun Mar 13 06:10:05 2011)
2011-03-01 07 DONE Checked. No new data. (Mon Mar 14 06:10:05 2011)
2011-03-02 08 DONE Checked. No new data. (Tue Mar 15 06:10:04 2011)
2011-03-03 08 DONE Checked. No new data. (Wed Mar 16 06:10:04 2011)
2011-03-04 08 DONE Checked. No new data. (Thu Mar 17 06:10:04 2011)
2011-03-05 09 DONE Checked. No new data. (Fri Mar 18 06:10:05 2011)
2011-03-06 08 DONE Checked. No new data. (Sat Mar 19 06:10:04 2011)
2011-03-07 08 DONE Checked. No new data. (Sun Mar 20 06:10:04 2011)
2011-03-08 08 DONE Checked. No new data. (Mon Mar 21 06:10:04 2011)
2011-03-09 08 DONE Checked. No new data. (Tue Mar 22 06:10:05 2011)
2011-03-10 07 DONE Checked. No new data. (Wed Mar 23 06:10:04 2011)
2011-03-11 00 PENDING No data files found. Skip. (Thu Mar 24 06:10:03 2011)
2011-03-12 06 DONE Checked. No new data. (Fri Mar 25 06:10:05 2011)
2011-03-13 08 DONE Checked. No new data. (Sat Mar 26 06:10:06 2011)
2011-03-14 08 DONE Checked. No new data. (Sun Mar 27 06:10:04 2011)
2011-03-15 08 DONE Checked. No new data. (Mon Mar 28 06:10:04 2011)
2011-03-16 08 DONE Checked. No new data. (Tue Mar 29 06:10:05 2011)
2011-03-17 07 DONE Checked. No new data. (Wed Mar 30 06:10:04 2011)
2011-03-18 08 DONE Checked. No new data. (Thu Mar 31 06:10:04 2011)
2011-03-19 08 DONE Checked. No new data. (Fri Apr  1 06:10:04 2011)
2011-03-20 08 DONE Checked. No new data. (Sat Apr  2 06:10:06 2011)
2011-03-21 08 DONE Checked. No new data. (Sun Apr  3 06:10:06 2011)
2011-03-22 08 DONE Checked. No new data. (Mon Apr  4 06:10:04 2011)
2011-03-23 08 DONE Checked. No new data. (Tue Apr  5 06:10:04 2011)
2011-03-24 08 DONE Checked. No new data. (Wed Apr  6 06:10:05 2011)
2011-03-25 08 DONE Checked. No new data. (Thu Apr  7 06:10:04 2011)
2011-03-26 07 DONE Checked. No new data. (Fri Apr  8 06:10:04 2011)
2011-03-27 08 DONE Checked. No new data. (Sat Apr  9 06:10:04 2011)
2011-03-28 08 DONE Checked. No new data. (Sun Apr 10 06:10:05 2011)
2011-03-29 07 DONE Checked. No new data. (Mon Apr 11 06:10:05 2011)
2011-03-30 08 DONE Checked. No new data. (Tue Apr 12 06:10:04 2011)
2011-03-31 08 DONE Checked. No new data. (Wed Apr 13 06:10:04 2011)
2011-04-01 08 DONE Checked. No new data. (Thu Apr 14 06:10:05 2011)
2011-04-02 07 DONE Checked. No new data. (Fri Apr 15 06:10:05 2011)
2011-04-03 08 DONE Checked. No new data. (Sat Apr 16 06:10:05 2011)
2011-04-04 08 DONE Checked. No new data. (Sun Apr 17 06:10:04 2011)
2011-04-05 08 DONE Checked. No new data. (Mon Apr 18 06:10:05 2011)
2011-04-06 08 DONE Checked. No new data. (Tue Apr 19 06:10:04 2011)
2011-04-07 08 DONE Checked. No new data. (Wed Apr 20 06:10:04 2011)
2011-04-08 08 DONE Checked. No new data. (Thu Apr 21 06:10:04 2011)
2011-04-09 08 DONE Checked. No new data. (Fri Apr 22 06:10:05 2011)
2011-04-10 08 DONE Checked. No new data. (Sat Apr 23 06:10:05 2011)
2011-04-11 07 DONE Checked. No new data. (Sun Apr 24 06:10:04 2011)
2011-04-12 00 PENDING No data files found. Skip. (Mon Apr 25 06:10:04 2011)
2011-04-13 06 DONE Checked. No new data. (Tue Apr 26 06:10:05 2011)
2011-04-14 08 DONE Checked. No new data. (Wed Apr 27 06:10:04 2011)
2011-04-15 08 DONE Checked. No new data. (Thu Apr 28 06:10:05 2011)
2011-04-16 08 DONE Checked. No new data. (Fri Apr 29 06:10:05 2011)
2011-04-17 08 DONE Checked. No new data. (Sat Apr 30 06:10:04 2011)
2011-04-18 05 DONE Checked. No new data. (Sun May  1 06:10:03 2011)
2011-04-19 08 DONE Checked. No new data. (Mon May  2 06:10:04 2011)
2011-04-20 08 DONE Checked. No new data. (Tue May  3 06:10:04 2011)
2011-04-21 08 DONE Checked. No new data. (Wed May  4 06:10:04 2011)
2011-04-22 08 DONE Checked. No new data. (Thu May  5 06:10:04 2011)
2011-04-23 08 DONE Checked. No new data. (Fri May  6 06:10:05 2011)
2011-04-24 08 DONE Checked. No new data. (Sat May  7 06:10:05 2011)
2011-04-25 08 DONE Checked. No new data. (Sun May  8 06:10:04 2011)
2011-04-26 08 DONE Checked. No new data. (Mon May  9 06:10:04 2011)
2011-04-27 07 DONE Checked. No new data. (Tue May 10 06:10:04 2011)
2011-04-28 08 DONE Checked. No new data. (Wed May 11 06:10:05 2011)
2011-04-29 08 DONE Checked. No new data. (Thu May 12 06:10:05 2011)
2011-04-30 07 DONE Checked. No new data. (Fri May 13 06:10:05 2011)
2011-05-01 08 DONE Checked. No new data. (Sat May 14 06:10:04 2011)
2011-05-02 08 DONE Checked. No new data. (Sun May 15 06:10:05 2011)
2011-05-03 08 DONE Checked. No new data. (Mon May 16 06:10:05 2011)
2011-05-04 07 DONE Checked. No new data. (Tue May 17 06:10:04 2011)
2011-05-05 08 DONE Checked. No new data. (Wed May 18 06:10:06 2011)
2011-05-06 08 DONE Checked. No new data. (Thu May 19 06:10:05 2011)
2011-05-07 08 DONE Checked. No new data. (Fri May 20 06:10:04 2011)
2011-05-08 08 DONE Checked. No new data. (Sat May 21 06:10:03 2011)
2011-05-09 08 DONE Checked. No new data. (Sun May 22 06:10:05 2011)
2011-05-10 15 DONE Checked. No new data. (Mon May 23 06:10:04 2011)
2011-05-11 08 DONE Checked. No new data. (Tue May 24 06:10:04 2011)
2011-05-12 08 DONE Checked. No new data. (Wed May 25 06:10:04 2011)
2011-05-13 07 DONE Checked. No new data. (Thu May 26 06:10:04 2011)
2011-05-14 00 PENDING No data files found. Skip. (Fri May 27 06:10:03 2011)
2011-05-15 06 DONE Checked. No new data. (Sat May 28 06:10:04 2011)
2011-05-16 08 DONE Checked. No new data. (Sun May 29 06:10:05 2011)
2011-05-17 08 DONE Checked. No new data. (Mon May 30 06:10:04 2011)
2011-05-18 08 DONE Checked. No new data. (Tue May 31 06:10:05 2011)
2011-05-19 08 DONE Checked. No new data. (Wed Jun  1 06:10:04 2011)
2011-05-20 07 DONE Checked. No new data. (Thu Jun  2 06:10:05 2011)
2011-05-21 08 DONE Checked. No new data. (Fri Jun  3 06:10:05 2011)
2011-05-22 08 DONE Checked. No new data. (Sat Jun  4 06:10:05 2011)
2011-05-23 08 DONE Checked. No new data. (Sun Jun  5 06:10:05 2011)
2011-05-24 08 DONE Checked. No new data. (Mon Jun  6 06:10:05 2011)
2011-05-25 08 DONE Checked. No new data. (Tue Jun  7 06:10:05 2011)
2011-05-26 08 DONE Checked. No new data. (Wed Jun  8 06:10:04 2011)
2011-05-27 08 DONE Checked. No new data. (Thu Jun  9 06:10:05 2011)
2011-05-28 08 DONE Checked. No new data. (Fri Jun 10 06:10:04 2011)
2011-05-29 07 DONE Checked. No new data. (Sat Jun 11 06:10:04 2011)
2011-05-30 08 DONE Checked. No new data. (Sun Jun 12 06:10:04 2011)
2011-05-31 08 DONE Checked. No new data. (Mon Jun 13 06:10:05 2011)
2011-06-01 07 DONE Checked. No new data. (Tue Jun 14 06:10:04 2011)
2011-06-02 08 DONE Checked. No new data. (Wed Jun 15 06:10:05 2011)
2011-06-03 08 DONE Checked. No new data. (Thu Jun 16 06:10:05 2011)
2011-06-04 08 DONE Checked. No new data. (Fri Jun 17 06:10:05 2011)
2011-06-05 07 DONE Checked. No new data. (Sat Jun 18 06:10:05 2011)
2011-06-06 08 DONE Checked. No new data. (Sun Jun 19 06:10:04 2011)
2011-06-07 08 DONE Checked. No new data. (Mon Jun 20 06:10:05 2011)
2011-06-08 08 DONE Checked. No new data. (Tue Jun 21 06:10:05 2011)
2011-06-09 08 DONE Checked. No new data. (Wed Jun 22 06:10:04 2011)
2011-06-10 08 DONE Checked. No new data. (Thu Jun 23 06:10:04 2011)
2011-06-11 09 DONE Checked. No new data. (Fri Jun 24 06:10:05 2011)
2011-06-12 09 DONE Checked. No new data. (Sat Jun 25 06:10:05 2011)
2011-06-13 08 DONE Checked. No new data. (Sun Jun 26 06:10:05 2011)
2011-06-14 07 DONE Checked. No new data. (Mon Jun 27 06:10:04 2011)
2011-06-15 00 PENDING No data files found. Skip. (Tue Jun 28 06:10:04 2011)
2011-06-16 06 DONE Checked. No new data. (Wed Jun 29 06:10:04 2011)
2011-06-17 08 DONE Checked. No new data. (Thu Jun 30 06:10:05 2011)
2011-06-18 08 DONE Checked. No new data. (Fri Jul  1 06:10:05 2011)
2011-06-19 08 DONE Checked. No new data. (Sat Jul  2 06:10:05 2011)
2011-06-20 08 DONE Checked. No new data. (Sun Jul  3 06:10:05 2011)
2011-06-21 07 DONE Checked. No new data. (Mon Jul  4 06:10:04 2011)
2011-06-22 08 DONE Checked. No new data. (Tue Jul  5 06:10:04 2011)
2011-06-23 08 DONE Checked. No new data. (Wed Jul  6 06:10:05 2011)
2011-06-24 08 DONE Checked. No new data. (Thu Jul  7 06:10:04 2011)
2011-06-25 08 DONE Checked. No new data. (Fri Jul  8 06:10:04 2011)
2011-06-26 08 DONE Checked. No new data. (Sat Jul  9 06:10:05 2011)
2011-06-27 08 DONE Checked. No new data. (Sun Jul 10 06:10:06 2011)
2011-06-28 08 DONE Checked. No new data. (Mon Jul 11 06:10:05 2011)
2011-06-29 08 DONE Checked. No new data. (Tue Jul 12 06:10:05 2011)
2011-06-30 07 DONE Checked. No new data. (Wed Jul 13 06:10:04 2011)
2011-07-01 08 DONE Checked. No new data. (Thu Jul 14 06:10:05 2011)
2011-07-02 08 DONE Checked. No new data. (Fri Jul 15 06:10:05 2011)
2011-07-03 07 DONE Checked. No new data. (Sat Jul 16 06:10:04 2011)
2011-07-04 08 DONE Checked. No new data. (Sun Jul 17 06:10:04 2011)
2011-07-05 08 DONE Checked. No new data. (Mon Jul 18 06:10:06 2011)
2011-07-06 08 DONE Checked. No new data. (Tue Jul 19 06:10:05 2011)
2011-07-07 07 DONE Checked. No new data. (Wed Jul 20 06:10:05 2011)
2011-07-08 08 DONE Checked. No new data. (Thu Jul 21 06:10:05 2011)
2011-07-09 08 DONE Checked. No new data. (Fri Jul 22 06:10:05 2011)
2011-07-10 08 DONE Checked. No new data. (Sat Jul 23 06:10:04 2011)
2011-07-11 08 DONE Checked. No new data. (Sun Jul 24 06:10:05 2011)
2011-07-12 08 DONE Checked. No new data. (Mon Jul 25 06:10:04 2011)
2011-07-13 08 DONE Checked. No new data. (Tue Jul 26 06:10:05 2011)
2011-07-14 08 DONE Checked. No new data. (Wed Jul 27 06:10:04 2011)
2011-07-15 08 DONE Checked. No new data. (Thu Jul 28 06:10:04 2011)
2011-07-16 07 DONE Checked. No new data. (Fri Jul 29 06:10:04 2011)
2011-07-17 00 PENDING No data files found. Skip. (Sat Jul 30 06:10:04 2011)
2011-07-18 06 DONE Checked. No new data. (Sun Jul 31 06:10:06 2011)
2011-07-19 08 DONE Checked. No new data. (Mon Aug  1 06:10:05 2011)
2011-07-20 08 DONE Checked. No new data. (Tue Aug  2 06:10:05 2011)
2011-07-21 08 DONE Checked. No new data. (Wed Aug  3 06:10:05 2011)
2011-07-22 08 DONE Checked. No new data. (Thu Aug  4 06:10:05 2011)
2011-07-23 07 DONE Checked. No new data. (Fri Aug  5 06:10:05 2011)
2011-07-24 08 DONE Checked. No new data. (Sat Aug  6 06:10:05 2011)
2011-07-25 08 DONE Checked. No new data. (Sun Aug  7 06:10:05 2011)
2011-07-26 08 DONE Checked. No new data. (Mon Aug  8 06:10:07 2011)
2011-07-27 08 DONE Checked. No new data. (Tue Aug  9 06:10:04 2011)
2011-07-28 08 DONE Checked. No new data. (Wed Aug 10 06:10:06 2011)
2011-07-29 08 DONE Checked. No new data. (Wed Aug 10 06:10:06 2011)
2011-07-30 08 DONE Checked. No new data. (Fri Aug 12 06:10:05 2011)
2011-07-31 08 DONE Checked. No new data. (Sat Aug 13 06:10:05 2011)
2011-08-01 07 DONE Checked. No new data. (Sun Aug 14 06:10:04 2011)
2011-08-02 08 DONE Checked. No new data. (Mon Aug 15 06:10:05 2011)
2011-08-03 08 DONE Checked. No new data. (Tue Aug 16 06:10:05 2011)
2011-08-04 07 DONE Checked. No new data. (Wed Aug 17 06:10:04 2011)
2011-08-05 08 DONE Checked. No new data. (Thu Aug 18 06:10:05 2011)
2011-08-06 08 DONE Checked. No new data. (Fri Aug 19 06:10:05 2011)
2011-08-07 08 SKIPPED Failed last time. Skip. (Tue Aug  9 06:10:11 2011)
2011-08-08 07 DONE Checked. No new data. (Sun Aug 21 06:10:05 2011)
2011-08-09 08 DONE Checked. No new data. (Mon Aug 22 06:10:05 2011)
2011-08-10 08 DONE Checked. No new data. (Tue Aug 23 06:10:05 2011)
2011-08-11 08 DONE Checked. No new data. (Wed Aug 24 06:10:04 2011)
2011-08-12 08 DONE Checked. No new data. (Thu Aug 25 06:10:04 2011)
2011-08-13 08 DONE Checked. No new data. (Fri Aug 26 06:10:03 2011)
2011-08-14 08 DONE Checked. No new data. (Sat Aug 27 06:10:04 2011)
2011-08-15 08 DONE Checked. No new data. (Sun Aug 28 06:10:05 2011)
