2008-08-13 10 DONE Processed OK. (Wed May  6 12:41:38 2009)
2008-08-14 04 DONE Processed OK. (Wed May  6 12:42:05 2009)
2008-08-15 05 DONE Processed OK. (Wed May  6 12:42:33 2009)
2008-08-16 05 DONE Processed OK. (Wed May  6 12:43:01 2009)
2008-08-17 05 DONE Processed OK. (Wed May  6 12:43:28 2009)
2008-08-18 05 DONE Processed OK. (Wed May  6 12:43:55 2009)
2008-08-19 05 DONE Processed OK. (Wed May  6 12:44:22 2009)
2008-08-20 05 DONE Processed OK. (Wed May  6 12:44:49 2009)
2008-08-21 04 DONE Processed OK. (Wed May  6 12:45:15 2009)
2008-08-22 05 DONE Processed OK. (Wed May  6 12:45:43 2009)
2008-08-23 05 DONE Processed OK. (Wed May  6 12:46:10 2009)
2008-08-24 05 DONE Processed OK. (Wed May  6 12:46:37 2009)
2008-08-25 00 PENDING No data files found. Skip. (Wed May  6 12:46:37 2009)
2008-08-26 04 DONE Processed OK. (Wed May  6 12:46:58 2009)
2008-08-27 05 DONE Processed OK. (Wed May  6 12:47:25 2009)
2008-08-28 05 DONE Processed OK. (Wed May  6 12:47:51 2009)
2008-08-29 05 DONE Processed OK. (Wed May  6 12:48:18 2009)
2008-08-30 04 DONE Processed OK. (Wed May  6 12:48:44 2009)
2008-08-31 05 DONE Processed OK. (Wed May  6 12:49:11 2009)
2008-09-01 05 DONE Processed OK. (Wed May  6 12:49:38 2009)
2008-09-02 05 DONE Processed OK. (Wed May  6 12:50:05 2009)
2008-09-03 05 DONE Processed OK. (Wed May  6 12:50:31 2009)
2008-09-04 05 DONE Processed OK. (Wed May  6 12:50:56 2009)
2008-09-05 05 DONE Processed OK. (Wed May  6 12:51:23 2009)
2008-09-06 04 DONE Processed OK. (Wed May  6 12:51:48 2009)
2008-09-07 05 DONE Processed OK. (Wed May  6 12:52:14 2009)
2008-09-08 05 DONE Processed OK. (Wed May  6 12:52:40 2009)
2008-09-09 05 DONE Processed OK. (Wed May  6 12:53:06 2009)
2008-09-10 05 DONE Processed OK. (Wed May  6 12:53:32 2009)
2008-09-11 05 DONE Processed OK. (Wed May  6 12:53:58 2009)
2008-09-12 05 DONE Processed OK. (Wed May  6 12:54:24 2009)
2008-09-13 05 DONE Processed OK. (Wed May  6 12:54:50 2009)
2008-09-14 05 DONE Processed OK. (Wed May  6 12:55:16 2009)
2008-09-15 04 DONE Processed OK. (Wed May  6 12:55:42 2009)
2008-09-16 05 DONE Processed OK. (Wed May  6 12:56:09 2009)
2008-09-17 05 DONE Processed OK. (Wed May  6 12:56:35 2009)
2008-09-18 05 DONE Processed OK. (Wed May  6 12:57:02 2009)
2008-09-19 05 DONE Processed OK. (Wed May  6 12:57:28 2009)
2008-09-20 05 DONE Processed OK. (Wed May  6 12:57:53 2009)
2008-09-21 05 DONE Processed OK. (Wed May  6 12:58:19 2009)
2008-09-22 04 DONE Processed OK. (Wed May  6 12:58:45 2009)
2008-09-23 05 DONE Processed OK. (Wed May  6 12:59:12 2009)
2008-09-24 05 DONE Processed OK. (Wed May  6 12:59:38 2009)
2008-09-25 05 DONE Processed OK. (Wed May  6 13:00:04 2009)
2008-09-26 00 PENDING No data files found. Skip. (Wed May  6 13:00:04 2009)
2008-09-27 00 PENDING No data files found. Skip. (Wed May  6 13:00:04 2009)
2008-09-28 00 PENDING No data files found. Skip. (Wed May  6 13:00:04 2009)
2008-09-29 00 PENDING No data files found. Skip. (Wed May  6 13:00:04 2009)
2008-09-30 00 PENDING No data files found. Skip. (Wed May  6 13:00:04 2009)
2008-10-01 04 DONE Checked. No new data. (Wed May  6 13:07:28 2009)
2008-10-02 05 DONE Processed OK. (Wed May  6 13:07:54 2009)
2008-10-03 05 DONE Processed OK. (Wed May  6 13:08:20 2009)
2008-10-04 05 DONE Processed OK. (Wed May  6 13:08:46 2009)
2008-10-05 05 DONE Processed OK. (Wed May  6 13:09:12 2009)
2008-10-06 05 DONE Processed OK. (Wed May  6 13:09:36 2009)
2008-10-07 05 DONE Processed OK. (Wed May  6 13:10:03 2009)
2008-10-08 04 DONE Processed OK. (Wed May  6 13:10:30 2009)
2008-10-09 05 DONE Processed OK. (Wed May  6 13:10:57 2009)
2008-10-10 05 DONE Processed OK. (Wed May  6 13:11:23 2009)
2008-10-11 05 DONE Processed OK. (Wed May  6 13:11:49 2009)
2008-10-12 05 DONE Processed OK. (Wed May  6 13:12:14 2009)
2008-10-13 05 DONE Processed OK. (Wed May  6 13:12:40 2009)
2008-10-14 05 DONE Processed OK. (Wed May  6 13:13:06 2009)
2008-10-15 05 DONE Processed OK. (Wed May  6 13:13:31 2009)
2008-10-16 05 DONE Processed OK. (Wed May  6 13:13:58 2009)
2008-10-17 04 DONE Processed OK. (Wed May  6 13:14:23 2009)
2008-10-18 05 DONE Processed OK. (Wed May  6 13:14:50 2009)
2008-10-19 05 DONE Processed OK. (Wed May  6 13:15:17 2009)
2008-10-20 05 DONE Processed OK. (Wed May  6 13:15:42 2009)
2008-10-21 05 DONE Processed OK. (Wed May  6 13:16:09 2009)
2008-10-22 05 DONE Processed OK. (Wed May  6 13:16:34 2009)
2008-10-23 05 DONE Processed OK. (Wed May  6 13:17:00 2009)
2008-10-24 04 DONE Processed OK. (Wed May  6 13:17:25 2009)
2008-10-25 05 DONE Processed OK. (Wed May  6 13:17:51 2009)
2008-10-26 04 DONE Processed OK. (Wed May  6 13:18:17 2009)
2008-10-27 05 DONE Processed OK. (Wed May  6 13:18:43 2009)
2008-10-28 00 PENDING No data files found. Skip. (Wed May  6 13:18:43 2009)
2008-10-29 04 DONE Processed OK. (Wed May  6 13:19:04 2009)
2008-10-30 05 DONE Processed OK. (Wed May  6 13:19:31 2009)
2008-10-31 05 DONE Processed OK. (Wed May  6 13:19:56 2009)
2008-11-01 05 DONE Processed OK. (Wed May  6 13:20:22 2009)
2008-11-02 04 DONE Processed OK. (Wed May  6 13:20:47 2009)
2008-11-03 05 DONE Processed OK. (Wed May  6 13:21:14 2009)
2008-11-04 05 DONE Processed OK. (Wed May  6 13:21:40 2009)
2008-11-05 05 DONE Processed OK. (Wed May  6 13:22:06 2009)
2008-11-06 04 DONE Processed OK. (Wed May  6 13:22:28 2009)
2008-11-07 04 DONE Processed OK. (Wed May  6 13:22:53 2009)
2008-11-08 05 DONE Processed OK. (Wed May  6 13:23:19 2009)
2008-11-09 04 DONE Processed OK. (Wed May  6 13:23:44 2009)
2008-11-10 05 DONE Processed OK. (Wed May  6 13:24:10 2009)
2008-11-11 05 DONE Processed OK. (Wed May  6 13:24:36 2009)
2008-11-12 05 DONE Processed OK. (Wed May  6 13:25:02 2009)
2008-11-13 05 DONE Processed OK. (Wed May  6 13:25:27 2009)
2008-11-14 05 DONE Processed OK. (Wed May  6 13:25:52 2009)
2008-11-15 05 DONE Processed OK. (Wed May  6 13:26:17 2009)
2008-11-16 05 DONE Processed OK. (Wed May  6 13:26:42 2009)
2008-11-17 05 DONE Processed OK. (Wed May  6 13:27:08 2009)
2008-11-18 04 DONE Processed OK. (Wed May  6 13:27:33 2009)
2008-11-19 05 DONE Processed OK. (Wed May  6 13:27:59 2009)
2008-11-20 05 DONE Processed OK. (Wed May  6 13:28:25 2009)
2008-11-21 05 DONE Processed OK. (Wed May  6 13:28:51 2009)
2008-11-22 05 DONE Processed OK. (Wed May  6 13:29:16 2009)
2008-11-23 05 DONE Processed OK. (Wed May  6 13:29:41 2009)
2008-11-24 05 DONE Processed OK. (Wed May  6 13:30:07 2009)
2008-11-25 04 DONE Processed OK. (Wed May  6 13:30:34 2009)
2008-11-26 05 DONE Processed OK. (Wed May  6 13:31:01 2009)
2008-11-27 05 DONE Processed OK. (Wed May  6 13:31:27 2009)
2008-11-28 05 DONE Processed OK. (Wed May  6 13:31:53 2009)
2008-11-29 00 PENDING No data files found. Skip. (Wed May  6 13:31:53 2009)
2008-11-30 04 DONE Processed OK. (Wed May  6 13:32:14 2009)
2008-12-01 05 DONE Processed OK. (Wed May  6 13:32:41 2009)
2008-12-02 05 DONE Processed OK. (Wed May  6 13:33:06 2009)
2008-12-03 05 DONE Processed OK. (Wed May  6 13:33:33 2009)
2008-12-04 04 DONE Processed OK. (Wed May  6 13:33:58 2009)
2008-12-05 05 DONE Processed OK. (Wed May  6 13:34:23 2009)
2008-12-06 05 DONE Processed OK. (Wed May  6 13:34:49 2009)
2008-12-07 05 DONE Processed OK. (Wed May  6 13:35:15 2009)
2008-12-08 05 DONE Processed OK. (Wed May  6 13:35:40 2009)
2008-12-09 05 DONE Processed OK. (Wed May  6 13:36:05 2009)
2008-12-10 05 DONE Processed OK. (Wed May  6 13:36:30 2009)
2008-12-11 04 DONE Processed OK. (Wed May  6 13:36:55 2009)
2008-12-12 05 DONE Processed OK. (Wed May  6 13:37:21 2009)
2008-12-13 05 DONE Processed OK. (Wed May  6 13:37:47 2009)
2008-12-14 05 DONE Processed OK. (Wed May  6 13:38:12 2009)
2008-12-15 04 DONE Processed OK. (Wed May  6 13:38:38 2009)
2008-12-16 05 DONE Processed OK. (Wed May  6 13:39:03 2009)
2008-12-17 04 DONE Processed OK. (Wed May  6 13:39:26 2009)
2008-12-18 05 DONE Processed OK. (Wed May  6 13:39:51 2009)
2008-12-19 05 DONE Processed OK. (Wed May  6 13:40:17 2009)
2008-12-20 04 DONE Processed OK. (Wed May  6 13:40:42 2009)
2008-12-21 05 DONE Processed OK. (Wed May  6 13:41:08 2009)
2008-12-22 05 DONE Processed OK. (Wed May  6 13:41:34 2009)
2008-12-23 05 DONE Processed OK. (Wed May  6 13:41:59 2009)
2008-12-24 05 DONE Processed OK. (Wed May  6 13:42:25 2009)
2008-12-25 05 DONE Processed OK. (Wed May  6 13:42:50 2009)
2008-12-26 05 DONE Processed OK. (Wed May  6 13:43:16 2009)
2008-12-27 04 DONE Processed OK. (Wed May  6 13:43:41 2009)
2008-12-28 05 DONE Processed OK. (Wed May  6 13:44:07 2009)
2008-12-29 05 DONE Processed OK. (Wed May  6 13:44:34 2009)
2008-12-30 05 DONE Processed OK. (Wed May  6 13:44:59 2009)
2008-12-31 00 PENDING No data files found. Skip. (Wed May  6 13:44:59 2009)
2009-01-01 04 DONE Processed OK. (Wed May  6 13:45:20 2009)
2009-01-02 05 DONE Processed OK. (Wed May  6 13:45:46 2009)
2009-01-03 05 DONE Processed OK. (Wed May  6 13:46:11 2009)
2009-01-04 05 DONE Processed OK. (Wed May  6 13:46:38 2009)
2009-01-05 04 DONE Processed OK. (Wed May  6 13:47:03 2009)
2009-01-06 05 DONE Processed OK. (Wed May  6 13:47:30 2009)
2009-01-07 05 DONE Processed OK. (Wed May  6 13:47:57 2009)
2009-01-08 05 DONE Processed OK. (Wed May  6 13:48:22 2009)
2009-01-09 05 DONE Processed OK. (Wed May  6 13:48:49 2009)
2009-01-10 05 DONE Processed OK. (Wed May  6 13:49:14 2009)
2009-01-11 05 DONE Processed OK. (Wed May  6 13:49:40 2009)
2009-01-12 04 DONE Processed OK. (Wed May  6 13:50:06 2009)
2009-01-13 05 DONE Processed OK. (Wed May  6 13:50:32 2009)
2009-01-14 05 DONE Processed OK. (Wed May  6 13:50:58 2009)
2009-01-15 05 DONE Processed OK. (Wed May  6 13:51:24 2009)
2009-01-16 05 DONE Processed OK. (Wed May  6 13:51:50 2009)
2009-01-17 05 DONE Processed OK. (Wed May  6 13:52:16 2009)
2009-01-18 04 DONE Processed OK. (Wed May  6 13:52:40 2009)
2009-01-19 05 DONE Processed OK. (Wed May  6 13:53:06 2009)
2009-01-20 05 DONE Processed OK. (Wed May  6 13:53:33 2009)
2009-01-21 04 DONE Processed OK. (Wed May  6 13:53:59 2009)
2009-01-22 05 DONE Processed OK. (Wed May  6 13:54:26 2009)
2009-01-23 05 DONE Processed OK. (Wed May  6 13:54:53 2009)
2009-01-24 05 DONE Processed OK. (Wed May  6 13:55:20 2009)
2009-01-25 05 DONE Processed OK. (Wed May  6 13:55:47 2009)
2009-01-26 05 DONE Processed OK. (Wed May  6 13:56:13 2009)
2009-01-27 05 DONE Processed OK. (Wed May  6 13:56:40 2009)
2009-01-28 04 DONE Processed OK. (Wed May  6 13:57:07 2009)
2009-01-29 05 DONE Processed OK. (Wed May  6 13:57:34 2009)
2009-01-30 05 DONE Processed OK. (Wed May  6 13:58:04 2009)
2009-01-31 05 DONE Processed OK. (Wed May  6 13:58:32 2009)
2009-02-01 00 PENDING No data files found. Skip. (Wed May  6 13:58:32 2009)
2009-02-02 05 DONE Processed OK. (Wed May  6 13:58:57 2009)
2009-02-03 05 DONE Processed OK. (Wed May  6 13:59:24 2009)
2009-02-04 06 DONE Processed OK. (Wed May  6 13:59:51 2009)
2009-02-05 05 DONE Processed OK. (Wed May  6 14:00:19 2009)
2009-02-06 05 DONE Processed OK. (Wed May  6 14:00:47 2009)
2009-02-07 05 DONE Processed OK. (Wed May  6 14:01:15 2009)
2009-02-08 05 DONE Processed OK. (Wed May  6 14:01:44 2009)
2009-02-09 06 DONE Processed OK. (Wed May  6 14:02:12 2009)
2009-02-10 05 DONE Processed OK. (Wed May  6 14:02:39 2009)
2009-02-11 06 DONE Processed OK. (Wed May  6 14:03:06 2009)
2009-02-12 05 DONE Processed OK. (Wed May  6 14:03:34 2009)
2009-02-13 05 DONE Processed OK. (Wed May  6 14:04:01 2009)
2009-02-14 05 DONE Processed OK. (Wed May  6 14:04:30 2009)
2009-02-15 05 DONE Processed OK. (Wed May  6 14:04:58 2009)
2009-02-16 05 DONE Processed OK. (Wed May  6 14:05:26 2009)
2009-02-17 05 DONE Processed OK. (Wed May  6 14:05:53 2009)
2009-02-18 06 DONE Processed OK. (Wed May  6 14:06:21 2009)
2009-02-19 04 DONE Processed OK. (Wed May  6 14:06:47 2009)
2009-02-20 06 DONE Processed OK. (Wed May  6 14:07:14 2009)
2009-02-21 05 DONE Processed OK. (Wed May  6 14:07:43 2009)
2009-02-22 05 DONE Processed OK. (Wed May  6 14:08:10 2009)
2009-02-23 05 DONE Processed OK. (Wed May  6 14:08:38 2009)
2009-02-24 05 DONE Processed OK. (Wed May  6 14:09:06 2009)
2009-02-25 06 DONE Processed OK. (Wed May  6 14:09:35 2009)
2009-02-26 05 DONE Processed OK. (Wed May  6 14:10:02 2009)
2009-02-27 06 DONE Processed OK. (Wed May  6 14:10:29 2009)
2009-02-28 05 DONE Checked. No new data. (Wed May  6 14:31:19 2009)
2009-03-01 05 DONE Processed OK. (Wed May  6 14:31:45 2009)
2009-03-02 05 DONE Processed OK. (Wed May  6 14:32:16 2009)
2009-03-03 05 DONE Processed OK. (Wed May  6 14:32:44 2009)
2009-03-04 05 DONE Processed OK. (Wed May  6 14:33:13 2009)
2009-03-05 00 PENDING No data files found. Skip. (Wed May  6 14:33:13 2009)
2009-03-06 05 DONE Processed OK. (Wed May  6 14:33:38 2009)
2009-03-07 05 DONE Processed OK. (Wed May  6 14:34:05 2009)
2009-03-08 06 DONE Processed OK. (Wed May  6 14:34:31 2009)
2009-03-09 05 DONE Processed OK. (Wed May  6 14:35:00 2009)
2009-03-10 05 DONE Processed OK. (Wed May  6 14:35:27 2009)
2009-03-11 05 DONE Processed OK. (Wed May  6 14:35:55 2009)
2009-03-12 05 DONE Processed OK. (Wed May  6 14:36:22 2009)
2009-03-13 06 DONE Processed OK. (Wed May  6 14:36:50 2009)
2009-03-14 05 DONE Processed OK. (Wed May  6 14:37:17 2009)
2009-03-15 06 DONE Processed OK. (Wed May  6 14:37:43 2009)
2009-03-16 05 DONE Processed OK. (Wed May  6 14:38:10 2009)
2009-03-17 05 DONE Processed OK. (Wed May  6 14:38:37 2009)
2009-03-18 05 DONE Processed OK. (Wed May  6 14:39:05 2009)
2009-03-19 05 DONE Processed OK. (Wed May  6 14:39:32 2009)
2009-03-20 05 DONE Processed OK. (Wed May  6 14:39:59 2009)
2009-03-21 05 DONE Processed OK. (Wed May  6 14:40:26 2009)
2009-03-22 06 DONE Processed OK. (Wed May  6 14:40:52 2009)
2009-03-23 04 DONE Processed OK. (Wed May  6 14:41:18 2009)
2009-03-24 06 DONE Processed OK. (Wed May  6 14:41:44 2009)
2009-03-25 05 DONE Processed OK. (Wed May  6 14:42:12 2009)
2009-03-26 05 DONE Processed OK. (Wed May  6 14:42:38 2009)
2009-03-27 05 DONE Processed OK. (Wed May  6 14:43:06 2009)
2009-03-28 08 DONE Processed OK. (Wed May  6 14:43:35 2009)
2009-03-29 12 DONE Processed OK. (Wed May  6 14:44:03 2009)
2009-03-30 10 DONE Processed OK. (Wed May  6 14:44:30 2009)
2009-03-31 06 DONE Processed OK. (Wed May  6 14:44:57 2009)
2009-04-01 05 DONE Processed OK. (Wed May  6 14:45:24 2009)
2009-04-02 06 DONE Processed OK. (Wed May  6 14:45:51 2009)
2009-04-03 05 DONE Processed OK. (Wed May  6 14:46:20 2009)
2009-04-04 05 DONE Processed OK. (Wed May  6 14:46:47 2009)
2009-04-05 05 DONE Processed OK. (Wed May  6 14:47:18 2009)
2009-04-06 00 PENDING No data files found. Skip. (Wed May  6 14:47:18 2009)
2009-04-07 05 DONE Processed OK. (Wed May  6 14:47:43 2009)
2009-04-08 05 DONE Processed OK. (Wed May  6 14:48:10 2009)
2009-04-09 06 DONE Processed OK. (Wed May  6 14:48:37 2009)
2009-04-10 05 DONE Processed OK. (Wed May  6 16:25:42 2009)
2009-04-11 05 DONE Processed OK. (Wed May  6 16:26:09 2009)
2009-04-12 05 DONE Processed OK. (Wed May  6 16:26:38 2009)
2009-04-13 05 DONE Processed OK. (Wed May  6 16:27:06 2009)
2009-04-14 06 DONE Processed OK. (Wed May  6 16:27:35 2009)
2009-04-15 05 DONE Processed OK. (Wed May  6 16:28:03 2009)
2009-04-16 06 DONE Processed OK. (Wed May  6 16:28:31 2009)
2009-04-17 05 DONE Processed OK. (Wed May  6 16:28:59 2009)
2009-04-18 05 DONE Processed OK. (Wed May  6 16:29:26 2009)
2009-04-19 05 DONE Processed OK. (Wed May  6 16:29:55 2009)
2009-04-20 05 DONE Processed OK. (Wed May  6 16:30:26 2009)
2009-04-21 05 DONE Processed OK. (Wed May  6 16:30:54 2009)
2009-04-22 05 DONE Processed OK. (Wed May  6 16:31:22 2009)
2009-04-23 06 DONE Checked. No new data. (Wed May  6 16:50:10 2009)
2009-04-24 04 DONE Checked. No new data. (Thu May  7 06:00:04 2009)
2009-04-25 06 DONE Checked. No new data. (Fri May  8 11:39:00 2009)
2009-04-26 05 DONE Checked. No new data. (Sat May  9 06:00:03 2009)
2009-04-27 05 DONE Checked. No new data. (Sun May 10 06:00:06 2009)
2009-04-28 05 DONE Checked. No new data. (Mon May 11 06:00:04 2009)
2009-04-29 05 DONE Checked. No new data. (Tue May 12 06:00:03 2009)
2009-04-30 06 DONE Checked. No new data. (Wed May 13 06:00:04 2009)
2009-05-01 05 DONE Checked. No new data. (Thu May 14 08:57:31 2009)
2009-05-02 06 DONE Checked. No new data. (Fri May 15 06:00:03 2009)
2009-05-03 05 DONE Checked. No new data. (Sat May 16 06:00:05 2009)
2009-05-04 05 DONE Checked. No new data. (Sun May 17 06:00:03 2009)
2009-05-05 05 DONE Checked. No new data. (Mon May 18 06:00:07 2009)
2009-05-06 05 DONE Checked. No new data. (Tue May 19 06:00:03 2009)
2009-05-07 05 DONE Checked. No new data. (Wed May 20 06:00:03 2009)
2009-05-08 00 PENDING No data files found. Skip. (Thu May 21 06:00:04 2009)
2009-05-09 05 DONE Checked. No new data. (Fri May 22 06:00:04 2009)
2009-05-10 05 DONE Checked. No new data. (Sat May 23 06:00:03 2009)
2009-05-11 06 DONE Checked. No new data. (Sun May 24 06:00:03 2009)
2009-05-12 05 DONE Checked. No new data. (Mon May 25 06:00:04 2009)
2009-05-13 05 DONE Checked. No new data. (Tue May 26 06:00:04 2009)
2009-05-14 05 DONE Checked. No new data. (Wed May 27 06:00:03 2009)
2009-05-15 05 DONE Checked. No new data. (Thu May 28 06:00:08 2009)
2009-05-16 06 DONE Checked. No new data. (Fri May 29 06:00:03 2009)
2009-05-17 05 DONE Checked. No new data. (Sat May 30 06:00:03 2009)
2009-05-18 06 DONE Checked. No new data. (Sun May 31 06:00:03 2009)
2009-05-19 05 DONE Checked. No new data. (Mon Jun  1 06:00:04 2009)
2009-05-20 05 DONE Checked. No new data. (Tue Jun  2 06:00:04 2009)
2009-05-21 05 DONE Checked. No new data. (Wed Jun  3 06:00:07 2009)
2009-05-22 05 DONE Checked. No new data. (Thu Jun  4 06:00:03 2009)
2009-05-23 05 DONE Checked. No new data. (Fri Jun  5 06:00:04 2009)
2009-05-24 05 DONE Checked. No new data. (Sat Jun  6 06:00:09 2009)
2009-05-25 06 DONE Checked. No new data. (Sun Jun  7 06:00:04 2009)
2009-05-26 04 DONE Checked. No new data. (Mon Jun  8 06:00:04 2009)
2009-05-27 06 DONE Checked. No new data. (Tue Jun  9 06:00:04 2009)
2009-05-28 05 DONE Checked. No new data. (Wed Jun 10 14:29:20 2009)
2009-05-29 05 DONE Checked. No new data. (Thu Jun 11 17:11:44 2009)
2009-05-30 05 DONE Checked. No new data. (Fri Jun 12 12:46:26 2009)
2009-05-31 05 DONE Checked. No new data. (Sat Jun 13 06:00:03 2009)
2009-06-01 06 DONE Checked. No new data. (Sun Jun 14 06:00:03 2009)
2009-06-02 05 DONE Checked. No new data. (Mon Jun 15 08:16:01 2009)
2009-06-03 06 DONE Checked. No new data. (Tue Jun 16 06:00:03 2009)
2009-06-04 05 DONE Checked. No new data. (Wed Jun 17 06:00:03 2009)
2009-06-05 05 DONE Checked. No new data. (Thu Jun 18 06:00:03 2009)
2009-06-06 05 DONE Checked. No new data. (Fri Jun 19 06:00:03 2009)
2009-06-07 05 DONE Checked. No new data. (Sat Jun 20 06:00:04 2009)
2009-06-08 05 DONE Checked. No new data. (Sun Jun 21 06:00:04 2009)
2009-06-09 00 PENDING No data files found. Skip. (Mon Jun 22 15:17:46 2009)
2009-06-10 00 DONE Checked. No new data. (Tue Jun 23 06:00:03 2009)
2009-06-11 00 DONE Checked. No new data. (Wed Jun 24 06:00:04 2009)
2009-06-12 00 DONE Checked. No new data. (Thu Jun 25 06:00:03 2009)
2009-06-13 00 DONE Checked. No new data. (Fri Jun 26 06:00:09 2009)
2009-06-14 00 DONE Checked. No new data. (Sat Jun 27 06:00:04 2009)
2009-06-15 00 DONE Checked. No new data. (Sun Jun 28 06:00:03 2009)
2009-06-16 00 DONE Checked. No new data. (Mon Jun 29 06:00:04 2009)
2009-06-17 00 DONE Checked. No new data. (Tue Jun 30 06:00:03 2009)
2009-06-18 00 DONE Checked. No new data. (Wed Jul  1 06:00:03 2009)
2009-06-19 00 DONE Checked. No new data. (Thu Jul  2 06:00:04 2009)
2009-06-20 00 DONE Checked. No new data. (Fri Jul  3 06:00:04 2009)
2009-06-21 00 DONE Checked. No new data. (Sat Jul  4 06:00:08 2009)
2009-06-22 00 PENDING Checked. No new data. (Sun Jul  5 06:00:04 2009)
2009-06-23 00 PENDING Checked. No new data. (Mon Jul  6 06:00:04 2009)
2009-06-24 00 PENDING Checked. No new data. (Tue Jul  7 06:00:03 2009)
2009-06-25 08 DONE Checked. No new data. (Wed Jul  8 15:23:10 2009)
2009-06-26 08 DONE Checked. No new data. (Thu Jul  9 06:00:04 2009)
2009-06-27 07 DONE Checked. No new data. (Fri Jul 10 06:00:03 2009)
2009-06-28 08 DONE Checked. No new data. (Sat Jul 11 06:00:03 2009)
2009-06-29 08 DONE Checked. No new data. (Sun Jul 12 06:00:04 2009)
2009-06-30 08 DONE Checked. No new data. (Mon Jul 13 06:00:03 2009)
2009-07-01 07 DONE Checked. No new data. (Tue Jul 14 06:00:03 2009)
2009-07-02 08 PENDING Checked. No new data. (Wed Jul 15 06:00:03 2009)
2009-07-03 08 DONE Checked. No new data. (Thu Jul 16 06:00:03 2009)
2009-07-04 08 DONE Checked. No new data. (Fri Jul 17 06:00:04 2009)
2009-07-05 08 DONE Checked. No new data. (Sat Jul 18 06:00:08 2009)
2009-07-06 08 DONE Checked. No new data. (Sun Jul 19 06:00:03 2009)
2009-07-07 08 DONE Checked. No new data. (Mon Jul 20 06:00:04 2009)
2009-07-08 08 DONE Checked. No new data. (Tue Jul 21 16:41:16 2009)
2009-07-09 08 DONE Checked. No new data. (Wed Jul 22 06:10:03 2009)
2009-07-10 07 DONE Checked. No new data. (Thu Jul 23 06:10:04 2009)
2009-07-11 00 PENDING No data files found. Skip. (Fri Jul 24 06:10:03 2009)
2009-07-12 06 DONE Checked. No new data. (Sat Jul 25 06:10:04 2009)
2009-07-13 08 DONE Checked. No new data. (Sun Jul 26 06:10:04 2009)
2009-07-14 08 DONE Checked. No new data. (Mon Jul 27 06:10:03 2009)
2009-07-15 08 DONE Checked. No new data. (Tue Jul 28 06:10:03 2009)
2009-07-16 08 DONE Checked. No new data. (Wed Jul 29 06:10:04 2009)
2009-07-17 07 DONE Checked. No new data. (Thu Jul 30 06:10:03 2009)
2009-07-18 08 DONE Checked. No new data. (Fri Jul 31 06:10:03 2009)
2009-07-19 08 DONE Checked. No new data. (Sat Aug  1 06:10:04 2009)
2009-07-20 08 DONE Checked. No new data. (Sun Aug  2 06:10:04 2009)
2009-07-21 08 DONE Checked. No new data. (Mon Aug  3 06:10:04 2009)
2009-07-22 08 DONE Checked. No new data. (Tue Aug  4 06:10:05 2009)
2009-07-23 08 DONE Checked. No new data. (Wed Aug  5 06:10:04 2009)
2009-07-24 08 DONE Checked. No new data. (Thu Aug  6 06:10:04 2009)
2009-07-25 08 DONE Checked. No new data. (Fri Aug  7 06:10:04 2009)
2009-07-26 07 DONE Checked. No new data. (Sat Aug  8 06:10:04 2009)
2009-07-27 08 PENDING Checked. No new data. (Sat Aug  8 06:10:04 2009)
2009-07-28 08 DONE Checked. No new data. (Sat Aug  8 06:10:05 2009)
2009-07-29 07 DONE Checked. No new data. (Tue Aug 11 06:10:03 2009)
2009-07-30 08 DONE Checked. No new data. (Wed Aug 12 06:10:03 2009)
2009-07-31 08 DONE Checked. No new data. (Thu Aug 13 06:10:04 2009)
2009-08-01 08 DONE Checked. No new data. (Fri Aug 14 06:10:04 2009)
2009-08-02 07 DONE Checked. No new data. (Sat Aug 15 06:10:07 2009)
2009-08-03 09 DONE Checked. No new data. (Sun Aug 16 06:10:04 2009)
2009-08-04 08 DONE Checked. No new data. (Mon Aug 17 06:10:04 2009)
2009-08-05 08 DONE Checked. No new data. (Tue Aug 18 06:10:04 2009)
2009-08-06 08 DONE Checked. No new data. (Wed Aug 19 06:10:03 2009)
2009-08-07 08 DONE Checked. No new data. (Thu Aug 20 06:10:04 2009)
2009-08-08 08 DONE Checked. No new data. (Fri Aug 21 06:10:07 2009)
2009-08-09 08 DONE Checked. No new data. (Sat Aug 22 06:10:07 2009)
2009-08-10 08 PENDING Checked. No new data. (Sun Aug 23 06:10:04 2009)
2009-08-11 07 DONE Checked. No new data. (Mon Aug 24 06:10:09 2009)
2009-08-12 00 PENDING No data files found. Skip. (Tue Aug 25 06:10:03 2009)
2009-08-13 06 DONE Checked. No new data. (Wed Aug 26 06:10:03 2009)
