2013-08-17 08 DONE Checked. No new data. (Fri Aug 30 06:10:04 2013)
2013-08-18 08 DONE Checked. No new data. (Sat Aug 31 06:10:04 2013)
2013-08-19 08 DONE Checked. No new data. (Sun Sep  1 06:10:05 2013)
2013-08-20 08 DONE Checked. No new data. (Mon Sep  2 06:10:04 2013)
2013-08-21 08 DONE Checked. No new data. (Tue Sep  3 06:10:04 2013)
2013-08-22 07 DONE Checked. No new data. (Wed Sep  4 06:10:04 2013)
2013-08-23 00 PENDING No data files found. Skip. (Thu Sep  5 06:10:05 2013)
2013-08-24 07 DONE Checked. No new data. (Fri Sep  6 06:10:15 2013)
2013-08-25 08 DONE Checked. No new data. (Sat Sep  7 06:10:04 2013)
2013-08-26 08 DONE Checked. No new data. (Sun Sep  8 06:10:04 2013)
2013-08-27 08 DONE Checked. No new data. (Mon Sep  9 06:10:04 2013)
2013-08-28 08 DONE Checked. No new data. (Tue Sep 10 06:10:04 2013)
2013-08-29 07 DONE Checked. No new data. (Wed Sep 11 06:10:05 2013)
2013-08-30 08 DONE Checked. No new data. (Thu Sep 12 06:10:04 2013)
2013-08-31 08 DONE Checked. No new data. (Fri Sep 13 06:10:04 2013)
2013-09-01 08 DONE Checked. No new data. (Sat Sep 14 06:10:05 2013)
2013-09-02 08 DONE Checked. No new data. (Sun Sep 15 06:10:04 2013)
2013-09-03 08 DONE Checked. No new data. (Mon Sep 16 06:10:04 2013)
2013-09-04 08 DONE Checked. No new data. (Tue Sep 17 06:10:04 2013)
2013-09-05 08 DONE Checked. No new data. (Wed Sep 18 06:10:04 2013)
2013-09-06 08 DONE Checked. No new data. (Thu Sep 19 06:10:04 2013)
2013-09-07 07 DONE Checked. No new data. (Fri Sep 20 06:10:03 2013)
2013-09-08 08 DONE Checked. No new data. (Sat Sep 21 06:10:04 2013)
2013-09-09 08 DONE Checked. No new data. (Sun Sep 22 06:10:04 2013)
2013-09-10 08 DONE Checked. No new data. (Mon Sep 23 06:10:04 2013)
2013-09-11 08 DONE Checked. No new data. (Tue Sep 24 10:03:18 2013)
2013-09-12 08 DONE Checked. No new data. (Wed Sep 25 11:31:56 2013)
2013-09-13 08 DONE Checked. No new data. (Thu Sep 26 06:10:02 2013)
2013-09-14 07 DONE Checked. No new data. (Fri Sep 27 06:10:02 2013)
2013-09-15 08 DONE Checked. No new data. (Sat Sep 28 06:10:01 2013)
2013-09-16 08 DONE Checked. No new data. (Sun Sep 29 06:10:02 2013)
2013-09-17 08 DONE Checked. No new data. (Mon Sep 30 06:10:02 2013)
2013-09-18 08 DONE Checked. No new data. (Tue Oct  1 06:10:01 2013)
2013-09-19 08 DONE Checked. No new data. (Wed Oct  2 06:10:02 2013)
2013-09-20 08 DONE Checked. No new data. (Thu Oct  3 06:10:02 2013)
2013-09-21 08 DONE Checked. No new data. (Fri Oct  4 06:10:02 2013)
2013-09-22 08 DONE Checked. No new data. (Sat Oct  5 06:10:01 2013)
2013-09-23 07 DONE Checked. No new data. (Sun Oct  6 06:10:02 2013)
2013-09-24 00 PENDING No data files found. Skip. (Mon Oct  7 11:15:39 2013)
2013-09-25 07 DONE Checked. No new data. (Tue Oct  8 06:10:02 2013)
2013-09-26 08 DONE Checked. No new data. (Wed Oct  9 06:10:02 2013)
2013-09-27 08 DONE Checked. No new data. (Thu Oct 10 06:10:02 2013)
2013-09-28 08 DONE Checked. No new data. (Fri Oct 11 06:10:02 2013)
2013-09-29 08 DONE Checked. No new data. (Sat Oct 12 06:10:01 2013)
2013-09-30 07 DONE Checked. No new data. (Sun Oct 13 06:10:02 2013)
2013-10-01 08 DONE Checked. No new data. (Mon Oct 14 06:10:01 2013)
2013-10-02 00 PENDING No data files found. Skip. (Tue Oct 15 06:10:02 2013)
2013-10-03 00 PENDING No data files found. Skip. (Wed Oct 16 06:10:02 2013)
2013-10-04 00 PENDING No data files found. Skip. (Thu Oct 17 06:10:01 2013)
2013-10-05 00 PENDING No data files found. Skip. (Fri Oct 18 06:10:01 2013)
2013-10-06 08 DONE Processed OK. (Sat Oct 19 06:13:11 2013)
2013-10-07 08 DONE Checked. No new data. (Sun Oct 20 06:10:03 2013)
2013-10-08 08 DONE Checked. No new data. (Mon Oct 21 06:10:01 2013)
2013-10-09 07 DONE Checked. No new data. (Tue Oct 22 06:10:02 2013)
2013-10-10 08 DONE Checked. No new data. (Wed Oct 23 06:10:02 2013)
2013-10-11 09 DONE Checked. No new data. (Thu Oct 24 06:10:02 2013)
2013-10-12 16 DONE Processed OK. (Fri Oct 25 06:13:23 2013)
2013-10-13 16 DONE Checked. No new data. (Sat Oct 26 06:10:02 2013)
2013-10-14 16 DONE Checked. No new data. (Sun Oct 27 06:10:02 2013)
2013-10-15 16 DONE Checked. No new data. (Mon Oct 28 06:10:01 2013)
2013-10-16 14 DONE Checked. No new data. (Tue Oct 29 06:10:02 2013)
2013-10-17 16 DONE Checked. No new data. (Wed Oct 30 06:10:02 2013)
2013-10-18 16 DONE Checked. No new data. (Thu Oct 31 06:10:02 2013)
2013-10-19 08 DONE Checked. No new data. (Fri Nov  1 06:10:02 2013)
2013-10-20 09 DONE Checked. No new data. (Sat Nov  2 06:10:02 2013)
2013-10-21 09 DONE Checked. No new data. (Sun Nov  3 06:10:02 2013)
2013-10-22 09 DONE Checked. No new data. (Mon Nov  4 06:10:01 2013)
2013-10-23 09 DONE Checked. No new data. (Tue Nov  5 06:10:02 2013)
2013-10-24 09 DONE Checked. No new data. (Wed Nov  6 06:10:02 2013)
2013-10-25 16 DONE Processed OK. (Thu Nov  7 06:13:31 2013)
2013-10-26 00 PENDING No data files found. Skip. (Fri Nov  8 06:10:02 2013)
2013-10-27 14 DONE Checked. No new data. (Sat Nov  9 06:10:02 2013)
2013-10-28 16 DONE Checked. No new data. (Sun Nov 10 06:10:02 2013)
2013-10-29 16 DONE Checked. No new data. (Mon Nov 11 06:10:02 2013)
2013-10-30 16 DONE Checked. No new data. (Tue Nov 12 06:10:02 2013)
2013-10-31 16 DONE Checked. No new data. (Wed Nov 13 06:10:01 2013)
2013-11-01 14 DONE Checked. No new data. (Wed Nov 13 06:10:01 2013)
2013-11-02 16 DONE Checked. No new data. (Fri Nov 15 06:10:02 2013)
2013-11-03 16 DONE Checked. No new data. (Sat Nov 16 06:10:02 2013)
2013-11-04 16 DONE Checked. No new data. (Sun Nov 17 06:10:02 2013)
2013-11-05 15 DONE Checked. No new data. (Mon Nov 18 06:10:01 2013)
2013-11-06 09 DONE Checked. No new data. (Tue Nov 19 06:10:02 2013)
2013-11-07 09 DONE Checked. No new data. (Wed Nov 20 06:10:03 2013)
2013-11-08 08 DONE Checked. No new data. (Thu Nov 21 06:10:02 2013)
2013-11-09 09 DONE Checked. No new data. (Fri Nov 22 06:10:02 2013)
2013-11-10 08 DONE Checked. No new data. (Sat Nov 23 06:10:02 2013)
2013-11-11 09 DONE Checked. No new data. (Sun Nov 24 06:10:03 2013)
2013-11-12 12 DONE Checked. No new data. (Mon Nov 25 06:10:02 2013)
2013-11-13 12 DONE Checked. No new data. (Tue Nov 26 06:10:02 2013)
2013-11-14 08 DONE Checked. No new data. (Wed Nov 27 06:10:02 2013)
2013-11-15 08 DONE Checked. No new data. (Thu Nov 28 06:10:02 2013)
2013-11-16 08 DONE Checked. No new data. (Fri Nov 29 06:10:02 2013)
2013-11-17 07 DONE Checked. No new data. (Sat Nov 30 06:10:02 2013)
2013-11-18 08 DONE Checked. No new data. (Sun Dec  1 06:10:01 2013)
2013-11-19 08 DONE Checked. No new data. (Mon Dec  2 06:10:02 2013)
2013-11-20 08 DONE Checked. No new data. (Tue Dec  3 06:10:01 2013)
2013-11-21 09 DONE Checked. No new data. (Wed Dec  4 06:10:02 2013)
2013-11-22 09 DONE Checked. No new data. (Thu Dec  5 06:10:02 2013)
2013-11-23 09 DONE Checked. No new data. (Fri Dec  6 06:10:02 2013)
2013-11-24 09 DONE Checked. No new data. (Sat Dec  7 06:10:01 2013)
2013-11-25 09 DONE Checked. No new data. (Sun Dec  8 06:10:02 2013)
2013-11-26 08 DONE Checked. No new data. (Mon Dec  9 06:10:01 2013)
2013-11-27 00 PENDING No data files found. Skip. (Tue Dec 10 06:10:02 2013)
2013-11-28 07 DONE Checked. No new data. (Wed Dec 11 06:10:02 2013)
2013-11-29 08 DONE Checked. No new data. (Thu Dec 12 06:10:02 2013)
2013-11-30 08 DONE Checked. No new data. (Fri Dec 13 06:10:02 2013)
2013-12-01 08 DONE Checked. No new data. (Sat Dec 14 06:10:01 2013)
2013-12-02 08 DONE Checked. No new data. (Sun Dec 15 06:10:01 2013)
2013-12-03 07 DONE Checked. No new data. (Mon Dec 16 06:10:02 2013)
2013-12-04 08 DONE Checked. No new data. (Tue Dec 17 06:10:02 2013)
2013-12-05 08 DONE Checked. No new data. (Wed Dec 18 06:10:02 2013)
2013-12-06 08 DONE Checked. No new data. (Thu Dec 19 06:10:02 2013)
2013-12-07 08 DONE Checked. No new data. (Fri Dec 20 06:10:02 2013)
2013-12-08 09 DONE Checked. No new data. (Sat Dec 21 06:10:02 2013)
2013-12-09 09 DONE Checked. No new data. (Sun Dec 22 06:10:02 2013)
2013-12-10 08 DONE Checked. No new data. (Mon Dec 23 06:10:01 2013)
2013-12-11 09 DONE Checked. No new data. (Tue Dec 24 06:10:02 2013)
2013-12-12 08 DONE Checked. No new data. (Wed Dec 25 06:10:02 2013)
2013-12-13 09 DONE Checked. No new data. (Thu Dec 26 06:10:02 2013)
2013-12-14 09 DONE Checked. No new data. (Fri Dec 27 06:10:02 2013)
2013-12-15 09 DONE Checked. No new data. (Sat Dec 28 06:10:01 2013)
2013-12-16 08 DONE Checked. No new data. (Sun Dec 29 06:10:02 2013)
2013-12-17 08 DONE Checked. No new data. (Mon Dec 30 06:10:02 2013)
2013-12-18 08 DONE Checked. No new data. (Tue Dec 31 06:10:02 2013)
2013-12-19 07 DONE Checked. No new data. (Wed Jan  1 06:10:01 2014)
2013-12-20 08 DONE Checked. No new data. (Thu Jan  2 06:10:01 2014)
2013-12-21 08 DONE Checked. No new data. (Fri Jan  3 06:10:01 2014)
2013-12-22 08 DONE Checked. No new data. (Sat Jan  4 06:10:01 2014)
2013-12-23 09 DONE Checked. No new data. (Sun Jan  5 06:10:02 2014)
2013-12-24 09 DONE Checked. No new data. (Mon Jan  6 06:10:02 2014)
2013-12-25 09 DONE Checked. No new data. (Tue Jan  7 06:10:01 2014)
2013-12-26 09 DONE Checked. No new data. (Wed Jan  8 06:10:01 2014)
2013-12-27 09 DONE Checked. No new data. (Thu Jan  9 06:10:02 2014)
2013-12-28 08 DONE Checked. No new data. (Fri Jan 10 06:10:01 2014)
2013-12-29 00 PENDING No data files found. Skip. (Sat Jan 11 06:10:02 2014)
2013-12-30 07 DONE Checked. No new data. (Sun Jan 12 06:10:02 2014)
2013-12-31 08 DONE Checked. No new data. (Mon Jan 13 06:10:07 2014)
2014-01-01 08 DONE Checked. No new data. (Tue Jan 14 06:10:02 2014)
2014-01-02 08 DONE Checked. No new data. (Wed Jan 15 06:10:02 2014)
2014-01-03 08 DONE Checked. No new data. (Thu Jan 16 06:10:02 2014)
2014-01-04 07 DONE Checked. No new data. (Fri Jan 17 06:10:03 2014)
2014-01-05 08 DONE Checked. No new data. (Sat Jan 18 06:10:02 2014)
2014-01-06 08 DONE Checked. No new data. (Sun Jan 19 06:10:02 2014)
2014-01-07 08 DONE Checked. No new data. (Mon Jan 20 06:10:01 2014)
2014-01-08 08 DONE Checked. No new data. (Tue Jan 21 06:10:02 2014)
2014-01-09 09 DONE Checked. No new data. (Wed Jan 22 06:10:02 2014)
2014-01-10 09 DONE Checked. No new data. (Thu Jan 23 06:10:02 2014)
2014-01-11 08 DONE Checked. No new data. (Fri Jan 24 06:10:02 2014)
2014-01-12 09 DONE Checked. No new data. (Sat Jan 25 06:10:01 2014)
2014-01-13 08 DONE Checked. No new data. (Sun Jan 26 06:10:02 2014)
2014-01-14 09 DONE Checked. No new data. (Mon Jan 27 06:10:02 2014)
2014-01-15 10 DONE Checked. No new data. (Tue Jan 28 06:10:02 2014)
2014-01-16 08 DONE Checked. No new data. (Wed Jan 29 06:10:03 2014)
2014-01-17 08 DONE Checked. No new data. (Thu Jan 30 06:10:02 2014)
2014-01-18 08 DONE Checked. No new data. (Fri Jan 31 06:10:02 2014)
2014-01-19 08 DONE Checked. No new data. (Sat Feb  1 06:10:02 2014)
2014-01-20 07 DONE Checked. No new data. (Sun Feb  2 06:10:03 2014)
2014-01-21 08 DONE Checked. No new data. (Mon Feb  3 06:10:01 2014)
2014-01-22 08 DONE Checked. No new data. (Tue Feb  4 06:10:02 2014)
2014-01-23 08 DONE Checked. No new data. (Wed Feb  5 06:10:03 2014)
2014-01-24 09 DONE Checked. No new data. (Thu Feb  6 06:10:02 2014)
2014-01-25 09 DONE Checked. No new data. (Fri Feb  7 06:10:02 2014)
2014-01-26 09 DONE Checked. No new data. (Sat Feb  8 06:10:02 2014)
2014-01-27 09 DONE Checked. No new data. (Sun Feb  9 06:10:02 2014)
2014-01-28 09 DONE Checked. No new data. (Mon Feb 10 06:10:02 2014)
2014-01-29 08 DONE Checked. No new data. (Tue Feb 11 06:10:02 2014)
2014-01-30 00 PENDING No data files found. Skip. (Wed Feb 12 06:10:02 2014)
2014-01-31 07 DONE Checked. No new data. (Thu Feb 13 06:10:02 2014)
2014-02-01 08 DONE Checked. No new data. (Fri Feb 14 06:10:02 2014)
2014-02-02 08 DONE Checked. No new data. (Sat Feb 15 06:10:02 2014)
2014-02-03 08 DONE Checked. No new data. (Sun Feb 16 06:10:03 2014)
2014-02-04 08 DONE Checked. No new data. (Mon Feb 17 06:10:02 2014)
2014-02-05 07 DONE Checked. No new data. (Tue Feb 18 06:10:02 2014)
2014-02-06 08 DONE Checked. No new data. (Wed Feb 19 06:10:03 2014)
2014-02-07 08 DONE Checked. No new data. (Thu Feb 20 06:10:02 2014)
2014-02-08 08 DONE Checked. No new data. (Fri Feb 21 06:10:02 2014)
2014-02-09 08 DONE Checked. No new data. (Sat Feb 22 06:10:02 2014)
2014-02-10 09 DONE Checked. No new data. (Sun Feb 23 06:10:02 2014)
2014-02-11 09 DONE Checked. No new data. (Mon Feb 24 06:10:01 2014)
2014-02-12 08 DONE Checked. No new data. (Tue Feb 25 06:10:02 2014)
2014-02-13 09 DONE Checked. No new data. (Wed Feb 26 06:10:02 2014)
2014-02-14 08 DONE Checked. No new data. (Thu Feb 27 06:10:03 2014)
2014-02-15 09 DONE Checked. No new data. (Fri Feb 28 06:10:02 2014)
2014-02-16 09 DONE Checked. No new data. (Sat Mar  1 06:10:02 2014)
2014-02-17 08 DONE Checked. No new data. (Sun Mar  2 06:10:02 2014)
2014-02-18 08 DONE Checked. No new data. (Mon Mar  3 06:10:02 2014)
2014-02-19 08 DONE Checked. No new data. (Tue Mar  4 06:10:02 2014)
2014-02-20 08 DONE Checked. No new data. (Wed Mar  5 06:10:02 2014)
2014-02-21 07 DONE Checked. No new data. (Thu Mar  6 06:10:02 2014)
2014-02-22 08 DONE Checked. No new data. (Fri Mar  7 06:10:03 2014)
2014-02-23 08 DONE Checked. No new data. (Sat Mar  8 06:10:02 2014)
2014-02-24 08 DONE Checked. No new data. (Sun Mar  9 06:10:02 2014)
2014-02-25 09 DONE Checked. No new data. (Mon Mar 10 06:10:02 2014)
2014-02-26 09 DONE Checked. No new data. (Tue Mar 11 06:10:02 2014)
2014-02-27 09 DONE Checked. No new data. (Wed Mar 12 06:10:03 2014)
2014-02-28 09 DONE Checked. No new data. (Thu Mar 13 06:10:02 2014)
2014-03-01 09 DONE Checked. No new data. (Fri Mar 14 06:10:02 2014)
2014-03-02 08 DONE Checked. No new data. (Sat Mar 15 06:10:02 2014)
2014-03-03 00 PENDING No data files found. Skip. (Sun Mar 16 06:10:02 2014)
2014-03-04 07 DONE Checked. No new data. (Mon Mar 17 06:10:01 2014)
2014-03-05 08 DONE Checked. No new data. (Tue Mar 18 06:10:03 2014)
2014-03-06 08 DONE Checked. No new data. (Wed Mar 19 06:10:02 2014)
2014-03-07 08 DONE Checked. No new data. (Thu Mar 20 06:10:02 2014)
2014-03-08 08 DONE Checked. No new data. (Fri Mar 21 06:10:02 2014)
2014-03-09 07 DONE Checked. No new data. (Sat Mar 22 06:10:02 2014)
2014-03-10 09 DONE Checked. No new data. (Sun Mar 23 06:10:01 2014)
2014-03-11 08 DONE Checked. No new data. (Mon Mar 24 06:10:01 2014)
2014-03-12 08 DONE Checked. No new data. (Tue Mar 25 06:10:02 2014)
2014-03-13 08 DONE Checked. No new data. (Wed Mar 26 06:10:01 2014)
2014-03-14 08 DONE Checked. No new data. (Thu Mar 27 06:10:02 2014)
2014-03-15 08 DONE Checked. No new data. (Fri Mar 28 06:10:02 2014)
2014-03-16 08 DONE Checked. No new data. (Sat Mar 29 06:10:01 2014)
2014-03-17 08 DONE Checked. No new data. (Sun Mar 30 06:10:02 2014)
2014-03-18 07 DONE Checked. No new data. (Mon Mar 31 06:10:01 2014)
2014-03-19 08 DONE Checked. No new data. (Tue Apr  1 06:10:02 2014)
2014-03-20 08 DONE Checked. No new data. (Wed Apr  2 06:10:02 2014)
2014-03-21 08 DONE Checked. No new data. (Thu Apr  3 06:10:02 2014)
2014-03-22 08 DONE Checked. No new data. (Fri Apr  4 06:10:02 2014)
2014-03-23 08 DONE Checked. No new data. (Sat Apr  5 06:10:02 2014)
2014-03-24 08 DONE Checked. No new data. (Sun Apr  6 06:10:02 2014)
2014-03-25 07 DONE Checked. No new data. (Mon Apr  7 06:10:02 2014)
2014-03-26 08 DONE Checked. No new data. (Tue Apr  8 06:10:01 2014)
2014-03-27 08 DONE Checked. No new data. (Wed Apr  9 06:10:01 2014)
2014-03-28 08 DONE Checked. No new data. (Thu Apr 10 06:10:02 2014)
2014-03-29 08 DONE Checked. No new data. (Fri Apr 11 06:10:02 2014)
2014-03-30 08 DONE Checked. No new data. (Sat Apr 12 06:10:02 2014)
2014-03-31 08 DONE Checked. No new data. (Sun Apr 13 06:10:02 2014)
2014-04-01 08 DONE Checked. No new data. (Mon Apr 14 06:10:02 2014)
2014-04-02 08 DONE Checked. No new data. (Tue Apr 15 06:10:02 2014)
2014-04-03 07 DONE Checked. No new data. (Wed Apr 16 06:10:01 2014)
2014-04-04 00 PENDING No data files found. Skip. (Thu Apr 17 06:10:02 2014)
2014-04-05 07 DONE Checked. No new data. (Fri Apr 18 06:10:02 2014)
2014-04-06 08 DONE Checked. No new data. (Sat Apr 19 06:10:02 2014)
2014-04-07 08 DONE Checked. No new data. (Sun Apr 20 06:10:01 2014)
2014-04-08 08 DONE Checked. No new data. (Mon Apr 21 06:10:02 2014)
2014-04-09 08 DONE Checked. No new data. (Tue Apr 22 06:10:02 2014)
2014-04-10 08 DONE Checked. No new data. (Wed Apr 23 06:10:02 2014)
2014-04-11 08 DONE Checked. No new data. (Thu Apr 24 06:10:02 2014)
2014-04-12 08 DONE Checked. No new data. (Fri Apr 25 06:10:01 2014)
2014-04-13 08 DONE Checked. No new data. (Sat Apr 26 06:10:02 2014)
2014-04-14 08 DONE Checked. No new data. (Sun Apr 27 06:10:02 2014)
2014-04-15 08 DONE Checked. No new data. (Mon Apr 28 06:10:01 2014)
2014-04-16 08 DONE Checked. No new data. (Tue Apr 29 06:10:01 2014)
2014-04-17 08 DONE Checked. No new data. (Wed Apr 30 06:10:02 2014)
2014-04-18 08 DONE Checked. No new data. (Thu May  1 06:10:02 2014)
2014-04-19 07 DONE Checked. No new data. (Fri May  2 06:10:02 2014)
2014-04-20 08 DONE Checked. No new data. (Sat May  3 06:10:01 2014)
2014-04-21 08 DONE Checked. No new data. (Sun May  4 06:10:02 2014)
2014-04-22 08 DONE Checked. No new data. (Mon May  5 06:10:02 2014)
2014-04-23 08 DONE Checked. No new data. (Tue May  6 06:10:02 2014)
2014-04-24 08 DONE Checked. No new data. (Wed May  7 06:10:02 2014)
2014-04-25 08 DONE Checked. No new data. (Thu May  8 06:10:01 2014)
2014-04-26 07 DONE Checked. No new data. (Fri May  9 06:10:02 2014)
2014-04-27 08 DONE Checked. No new data. (Sat May 10 06:10:02 2014)
2014-04-28 08 DONE Checked. No new data. (Sun May 11 06:10:02 2014)
2014-04-29 08 DONE Checked. No new data. (Mon May 12 06:10:01 2014)
2014-04-30 08 DONE Checked. No new data. (Tue May 13 06:10:02 2014)
2014-05-01 08 DONE Checked. No new data. (Wed May 14 06:10:02 2014)
2014-05-02 08 DONE Checked. No new data. (Thu May 15 06:10:01 2014)
2014-05-03 08 DONE Checked. No new data. (Fri May 16 06:10:02 2014)
2014-05-04 08 DONE Checked. No new data. (Sat May 17 06:10:02 2014)
2014-05-05 07 DONE Checked. No new data. (Sun May 18 06:10:02 2014)
2014-05-06 00 PENDING No data files found. Skip. (Mon May 19 06:10:01 2014)
2014-05-07 07 DONE Checked. No new data. (Tue May 20 06:10:02 2014)
2014-05-08 08 DONE Checked. No new data. (Wed May 21 06:10:02 2014)
2014-05-09 08 DONE Checked. No new data. (Thu May 22 06:10:02 2014)
2014-05-10 08 DONE Checked. No new data. (Fri May 23 06:10:02 2014)
2014-05-11 08 DONE Checked. No new data. (Sat May 24 06:10:02 2014)
2014-05-12 07 DONE Checked. No new data. (Sun May 25 06:10:02 2014)
2014-05-13 08 DONE Checked. No new data. (Mon May 26 06:10:02 2014)
2014-05-14 08 DONE Checked. No new data. (Tue May 27 06:10:02 2014)
2014-05-15 08 DONE Checked. No new data. (Wed May 28 06:10:02 2014)
2014-05-16 08 DONE Checked. No new data. (Thu May 29 06:10:02 2014)
2014-05-17 08 DONE Checked. No new data. (Fri May 30 06:10:02 2014)
2014-05-18 08 DONE Checked. No new data. (Sat May 31 06:10:02 2014)
2014-05-19 08 DONE Checked. No new data. (Sun Jun  1 06:10:02 2014)
2014-05-20 08 DONE Checked. No new data. (Mon Jun  2 06:10:02 2014)
2014-05-21 07 DONE Checked. No new data. (Tue Jun  3 06:10:02 2014)
2014-05-22 08 DONE Checked. No new data. (Wed Jun  4 06:10:03 2014)
2014-05-23 08 DONE Checked. No new data. (Thu Jun  5 06:10:02 2014)
2014-05-24 08 DONE Checked. No new data. (Fri Jun  6 06:10:02 2014)
2014-05-25 08 DONE Checked. No new data. (Sat Jun  7 06:10:02 2014)
2014-05-26 08 DONE Checked. No new data. (Sun Jun  8 06:10:02 2014)
2014-05-27 08 DONE Checked. No new data. (Mon Jun  9 06:10:02 2014)
2014-05-28 07 DONE Checked. No new data. (Tue Jun 10 06:10:02 2014)
2014-05-29 08 DONE Checked. No new data. (Wed Jun 11 06:10:02 2014)
2014-05-30 08 DONE Checked. No new data. (Thu Jun 12 06:10:02 2014)
2014-05-31 08 DONE Checked. No new data. (Fri Jun 13 06:10:02 2014)
2014-06-01 08 DONE Checked. No new data. (Sat Jun 14 06:10:02 2014)
2014-06-02 08 DONE Checked. No new data. (Sun Jun 15 06:10:02 2014)
2014-06-03 08 DONE Checked. No new data. (Mon Jun 16 06:10:01 2014)
2014-06-04 08 DONE Checked. No new data. (Tue Jun 17 06:10:02 2014)
2014-06-05 08 DONE Checked. No new data. (Wed Jun 18 06:10:01 2014)
2014-06-06 07 DONE Checked. No new data. (Thu Jun 19 06:10:02 2014)
2014-06-07 00 PENDING No data files found. Skip. (Fri Jun 20 06:10:02 2014)
2014-06-08 07 DONE Checked. No new data. (Sat Jun 21 06:10:01 2014)
2014-06-09 08 DONE Checked. No new data. (Sun Jun 22 06:10:02 2014)
2014-06-10 08 DONE Checked. No new data. (Mon Jun 23 06:10:02 2014)
2014-06-11 08 DONE Checked. No new data. (Tue Jun 24 06:10:02 2014)
2014-06-12 08 DONE Checked. No new data. (Wed Jun 25 06:10:02 2014)
2014-06-13 07 DONE Checked. No new data. (Thu Jun 26 06:10:02 2014)
2014-06-14 08 DONE Checked. No new data. (Fri Jun 27 06:10:02 2014)
2014-06-15 08 DONE Checked. No new data. (Sat Jun 28 06:10:01 2014)
2014-06-16 08 DONE Checked. No new data. (Sun Jun 29 06:10:02 2014)
2014-06-17 08 DONE Checked. No new data. (Mon Jun 30 06:10:02 2014)
2014-06-18 08 DONE Checked. No new data. (Tue Jul  1 06:10:01 2014)
2014-06-19 08 DONE Checked. No new data. (Wed Jul  2 06:10:02 2014)
2014-06-20 08 DONE Checked. No new data. (Thu Jul  3 06:10:02 2014)
2014-06-21 08 DONE Checked. No new data. (Fri Jul  4 06:10:02 2014)
2014-06-22 07 DONE Checked. No new data. (Sat Jul  5 06:10:03 2014)
2014-06-23 08 DONE Checked. No new data. (Sun Jul  6 06:10:02 2014)
2014-06-24 08 DONE Checked. No new data. (Mon Jul  7 06:10:02 2014)
2014-06-25 08 DONE Checked. No new data. (Tue Jul  8 06:10:02 2014)
2014-06-26 08 DONE Checked. No new data. (Wed Jul  9 06:10:02 2014)
2014-06-27 08 DONE Checked. No new data. (Thu Jul 10 06:10:02 2014)
2014-06-28 08 DONE Checked. No new data. (Fri Jul 11 06:10:02 2014)
2014-06-29 07 DONE Checked. No new data. (Sat Jul 12 06:10:02 2014)
2014-06-30 09 DONE Checked. No new data. (Sun Jul 13 06:10:02 2014)
2014-07-01 08 DONE Checked. No new data. (Mon Jul 14 06:10:02 2014)
2014-07-02 08 DONE Checked. No new data. (Tue Jul 15 06:10:02 2014)
2014-07-03 08 DONE Checked. No new data. (Wed Jul 16 06:10:03 2014)
2014-07-04 08 DONE Checked. No new data. (Thu Jul 17 06:10:02 2014)
2014-07-05 08 DONE Checked. No new data. (Fri Jul 18 06:10:02 2014)
2014-07-06 08 DONE Checked. No new data. (Sat Jul 19 06:10:01 2014)
2014-07-07 08 DONE Checked. No new data. (Sun Jul 20 06:10:02 2014)
2014-07-08 07 DONE Checked. No new data. (Mon Jul 21 06:10:02 2014)
2014-07-09 00 PENDING No data files found. Skip. (Tue Jul 22 06:10:02 2014)
2014-07-10 07 DONE Checked. No new data. (Wed Jul 23 06:10:02 2014)
2014-07-11 08 DONE Checked. No new data. (Thu Jul 24 06:10:02 2014)
2014-07-12 08 DONE Checked. No new data. (Fri Jul 25 06:10:02 2014)
2014-07-13 08 DONE Checked. No new data. (Sat Jul 26 06:10:02 2014)
2014-07-14 08 DONE Checked. No new data. (Sun Jul 27 06:10:03 2014)
2014-07-15 07 DONE Checked. No new data. (Mon Jul 28 06:10:01 2014)
2014-07-16 08 DONE Checked. No new data. (Tue Jul 29 06:10:02 2014)
2014-07-17 08 DONE Checked. No new data. (Wed Jul 30 06:10:03 2014)
2014-07-18 08 DONE Checked. No new data. (Wed Jul 30 06:10:03 2014)
2014-07-19 08 DONE Checked. No new data. (Fri Aug  1 06:10:03 2014)
2014-07-20 08 DONE Checked. No new data. (Sat Aug  2 06:10:03 2014)
2014-07-21 08 DONE Checked. No new data. (Sun Aug  3 06:10:02 2014)
2014-07-22 08 DONE Checked. No new data. (Mon Aug  4 06:10:02 2014)
2014-07-23 08 DONE Checked. No new data. (Tue Aug  5 06:10:02 2014)
2014-07-24 07 DONE Checked. No new data. (Wed Aug  6 06:10:02 2014)
2014-07-25 08 DONE Checked. No new data. (Thu Aug  7 06:10:03 2014)
2014-07-26 08 DONE Checked. No new data. (Fri Aug  8 06:10:02 2014)
2014-07-27 08 DONE Checked. No new data. (Sat Aug  9 06:10:02 2014)
2014-07-28 08 DONE Checked. No new data. (Sun Aug 10 06:10:02 2014)
2014-07-29 08 DONE Checked. No new data. (Mon Aug 11 06:10:02 2014)
2014-07-30 08 DONE Checked. No new data. (Tue Aug 12 06:10:02 2014)
2014-07-31 07 DONE Checked. No new data. (Wed Aug 13 06:10:02 2014)
2014-08-01 08 DONE Checked. No new data. (Thu Aug 14 06:10:02 2014)
2014-08-02 08 DONE Checked. No new data. (Fri Aug 15 06:10:04 2014)
2014-08-03 08 DONE Checked. No new data. (Sat Aug 16 06:10:02 2014)
2014-08-04 08 DONE Checked. No new data. (Sun Aug 17 06:10:02 2014)
2014-08-05 08 DONE Checked. No new data. (Mon Aug 18 06:10:01 2014)
2014-08-06 08 DONE Checked. No new data. (Tue Aug 19 06:10:04 2014)
2014-08-07 08 DONE Checked. No new data. (Wed Aug 20 06:10:05 2014)
2014-08-08 08 DONE Checked. No new data. (Thu Aug 21 06:10:04 2014)
2014-08-09 07 DONE Checked. No new data. (Fri Aug 22 06:10:03 2014)
2014-08-10 00 PENDING No data files found. Skip. (Sat Aug 23 06:10:02 2014)
2014-08-11 07 DONE Checked. No new data. (Sun Aug 24 06:10:02 2014)
2014-08-12 08 DONE Checked. No new data. (Mon Aug 25 06:10:02 2014)
2014-08-13 08 DONE Checked. No new data. (Tue Aug 26 06:10:04 2014)
2014-08-14 08 DONE Checked. No new data. (Wed Aug 27 06:10:03 2014)
2014-08-15 08 DONE Checked. No new data. (Thu Aug 28 06:10:04 2014)
2014-08-16 07 DONE Checked. No new data. (Fri Aug 29 06:10:02 2014)
2014-08-17 08 DONE Checked. No new data. (Sat Aug 30 06:10:02 2014)
