2011-08-16 08 DONE Checked. No new data. (Mon Aug 29 06:10:05 2011)
2011-08-17 07 DONE Checked. No new data. (Tue Aug 30 06:10:04 2011)
2011-08-18 00 PENDING No data files found. Skip. (Wed Aug 31 06:10:05 2011)
2011-08-19 06 DONE Checked. No new data. (Thu Sep  1 06:10:05 2011)
2011-08-20 08 DONE Checked. No new data. (Fri Sep  2 06:10:04 2011)
2011-08-21 08 DONE Checked. No new data. (Sat Sep  3 06:10:05 2011)
2011-08-22 08 DONE Checked. No new data. (Sun Sep  4 06:10:05 2011)
2011-08-23 08 DONE Checked. No new data. (Mon Sep  5 06:10:06 2011)
2011-08-24 07 DONE Checked. No new data. (Tue Sep  6 06:10:05 2011)
2011-08-25 08 DONE Checked. No new data. (Wed Sep  7 06:10:05 2011)
2011-08-26 08 DONE Checked. No new data. (Thu Sep  8 06:10:05 2011)
2011-08-27 08 DONE Checked. No new data. (Fri Sep  9 06:10:05 2011)
2011-08-28 08 DONE Checked. No new data. (Sat Sep 10 06:10:05 2011)
2011-08-29 08 DONE Checked. No new data. (Sun Sep 11 06:10:05 2011)
2011-08-30 08 DONE Checked. No new data. (Mon Sep 12 06:10:05 2011)
2011-08-31 08 DONE Checked. No new data. (Tue Sep 13 06:10:05 2011)
2011-09-01 08 DONE Checked. No new data. (Wed Sep 14 06:10:05 2011)
2011-09-02 07 DONE Checked. No new data. (Thu Sep 15 06:10:05 2011)
2011-09-03 08 DONE Checked. No new data. (Fri Sep 16 06:10:05 2011)
2011-09-04 08 DONE Checked. No new data. (Sat Sep 17 06:10:05 2011)
2011-09-05 07 DONE Checked. No new data. (Sun Sep 18 06:10:05 2011)
2011-09-06 08 DONE Checked. No new data. (Mon Sep 19 06:10:05 2011)
2011-09-07 08 DONE Checked. No new data. (Tue Sep 20 06:10:05 2011)
2011-09-08 08 DONE Checked. No new data. (Wed Sep 21 06:10:04 2011)
2011-09-09 07 DONE Checked. No new data. (Thu Sep 22 06:10:04 2011)
2011-09-10 08 DONE Checked. No new data. (Fri Sep 23 06:10:05 2011)
2011-09-11 08 DONE Checked. No new data. (Sat Sep 24 06:10:04 2011)
2011-09-12 08 DONE Checked. No new data. (Sun Sep 25 06:10:04 2011)
2011-09-13 08 DONE Checked. No new data. (Mon Sep 26 06:10:04 2011)
2011-09-14 08 DONE Checked. No new data. (Tue Sep 27 06:10:04 2011)
2011-09-15 08 DONE Checked. No new data. (Wed Sep 28 06:10:04 2011)
2011-09-16 08 DONE Checked. No new data. (Thu Sep 29 06:10:04 2011)
2011-09-17 08 DONE Checked. No new data. (Fri Sep 30 06:10:06 2011)
2011-09-18 07 DONE Checked. No new data. (Sat Oct  1 06:10:05 2011)
2011-09-19 00 PENDING No data files found. Skip. (Sun Oct  2 06:10:04 2011)
2011-09-20 06 DONE Checked. No new data. (Mon Oct  3 06:10:05 2011)
2011-09-21 08 DONE Checked. No new data. (Tue Oct  4 06:10:04 2011)
2011-09-22 08 DONE Checked. No new data. (Wed Oct  5 06:10:04 2011)
2011-09-23 08 DONE Checked. No new data. (Thu Oct  6 06:10:05 2011)
2011-09-24 08 DONE Checked. No new data. (Fri Oct  7 06:10:05 2011)
2011-09-25 07 DONE Checked. No new data. (Sat Oct  8 06:10:05 2011)
2011-09-26 08 DONE Checked. No new data. (Sun Oct  9 06:10:04 2011)
2011-09-27 08 DONE Checked. No new data. (Mon Oct 10 06:10:05 2011)
2011-09-28 08 DONE Checked. No new data. (Tue Oct 11 06:10:05 2011)
2011-09-29 08 DONE Checked. No new data. (Wed Oct 12 06:10:05 2011)
2011-09-30 08 DONE Checked. No new data. (Thu Oct 13 06:10:06 2011)
2011-10-01 08 DONE Checked. No new data. (Fri Oct 14 06:10:05 2011)
2011-10-02 08 DONE Checked. No new data. (Sat Oct 15 06:10:04 2011)
2011-10-03 08 DONE Checked. No new data. (Sun Oct 16 06:10:05 2011)
2011-10-04 07 DONE Checked. No new data. (Mon Oct 17 06:10:05 2011)
2011-10-05 08 DONE Checked. No new data. (Tue Oct 18 06:10:06 2011)
2011-10-06 08 DONE Checked. No new data. (Wed Oct 19 06:10:05 2011)
2011-10-07 07 DONE Checked. No new data. (Thu Oct 20 06:10:05 2011)
2011-10-08 08 DONE Checked. No new data. (Fri Oct 21 06:10:06 2011)
2011-10-09 08 DONE Checked. No new data. (Sat Oct 22 06:10:07 2011)
2011-10-10 08 DONE Checked. No new data. (Sun Oct 23 06:10:05 2011)
2011-10-11 07 DONE Checked. No new data. (Mon Oct 24 06:10:06 2011)
2011-10-12 08 DONE Checked. No new data. (Tue Oct 25 06:10:07 2011)
2011-10-13 08 DONE Checked. No new data. (Wed Oct 26 06:10:06 2011)
2011-10-14 08 DONE Checked. No new data. (Thu Oct 27 06:10:06 2011)
2011-10-15 09 DONE Checked. No new data. (Fri Oct 28 06:10:06 2011)
2011-10-16 09 DONE Checked. No new data. (Sat Oct 29 06:10:04 2011)
2011-10-17 09 DONE Checked. No new data. (Sun Oct 30 06:10:07 2011)
2011-10-18 09 DONE Checked. No new data. (Mon Oct 31 06:10:05 2011)
2011-10-19 09 DONE Checked. No new data. (Tue Nov  1 06:10:06 2011)
2011-10-20 08 DONE Checked. No new data. (Wed Nov  2 06:10:06 2011)
2011-10-21 00 PENDING No data files found. Skip. (Thu Nov  3 06:10:05 2011)
2011-10-22 06 DONE Checked. No new data. (Fri Nov  4 06:10:05 2011)
2011-10-23 08 DONE Checked. No new data. (Sat Nov  5 06:10:06 2011)
2011-10-24 08 DONE Checked. No new data. (Sun Nov  6 06:10:06 2011)
2011-10-25 08 DONE Checked. No new data. (Mon Nov  7 06:10:07 2011)
2011-10-26 08 DONE Checked. No new data. (Tue Nov  8 06:10:06 2011)
2011-10-27 07 DONE Checked. No new data. (Wed Nov  9 06:10:07 2011)
2011-10-28 24 DONE Checked. No new data. (Thu Nov 10 06:10:07 2011)
2011-10-29 08 DONE Checked. No new data. (Fri Nov 11 06:10:05 2011)
2011-10-30 08 DONE Checked. No new data. (Sat Nov 12 06:10:06 2011)
2011-10-31 08 DONE Checked. No new data. (Sun Nov 13 06:10:05 2011)
2011-11-01 09 DONE Checked. No new data. (Mon Nov 14 06:10:07 2011)
2011-11-02 09 DONE Checked. No new data. (Tue Nov 15 06:10:07 2011)
2011-11-03 09 DONE Checked. No new data. (Wed Nov 16 06:10:04 2011)
2011-11-04 08 DONE Checked. No new data. (Thu Nov 17 06:10:05 2011)
2011-11-05 08 DONE Checked. No new data. (Fri Nov 18 06:10:04 2011)
2011-11-06 09 DONE Checked. No new data. (Sat Nov 19 06:10:06 2011)
2011-11-07 09 DONE Checked. No new data. (Sun Nov 20 06:10:06 2011)
2011-11-08 08 DONE Checked. No new data. (Mon Nov 21 06:10:07 2011)
2011-11-09 08 DONE Checked. No new data. (Tue Nov 22 06:10:07 2011)
2011-11-10 08 DONE Checked. No new data. (Wed Nov 23 06:10:07 2011)
2011-11-11 08 DONE Checked. No new data. (Thu Nov 24 06:10:07 2011)
2011-11-12 07 DONE Checked. No new data. (Fri Nov 25 06:10:07 2011)
2011-11-13 08 DONE Checked. No new data. (Sat Nov 26 06:10:07 2011)
2011-11-14 08 DONE Checked. No new data. (Sun Nov 27 06:10:06 2011)
2011-11-15 08 DONE Checked. No new data. (Mon Nov 28 06:10:07 2011)
2011-11-16 09 DONE Checked. No new data. (Tue Nov 29 06:10:07 2011)
2011-11-17 09 DONE Checked. No new data. (Wed Nov 30 06:10:04 2011)
2011-11-18 11 DONE Checked. No new data. (Thu Dec  1 06:10:07 2011)
2011-11-19 09 DONE Checked. No new data. (Fri Dec  2 06:10:07 2011)
2011-11-20 09 DONE Checked. No new data. (Sat Dec  3 06:10:06 2011)
2011-11-21 08 DONE Checked. No new data. (Sun Dec  4 06:10:07 2011)
2011-11-22 00 PENDING No data files found. Skip. (Mon Dec  5 06:10:07 2011)
2011-11-23 06 DONE Checked. No new data. (Tue Dec  6 06:10:06 2011)
2011-11-24 08 DONE Checked. No new data. (Wed Dec  7 06:10:07 2011)
2011-11-25 08 DONE Checked. No new data. (Thu Dec  8 06:10:06 2011)
2011-11-26 08 DONE Checked. No new data. (Fri Dec  9 06:10:06 2011)
2011-11-27 08 DONE Checked. No new data. (Sat Dec 10 06:10:07 2011)
2011-11-28 07 DONE Checked. No new data. (Sun Dec 11 06:10:06 2011)
2011-11-29 08 DONE Checked. No new data. (Mon Dec 12 06:10:06 2011)
2011-11-30 11 DONE Checked. No new data. (Tue Dec 13 06:10:07 2011)
2011-12-01 08 DONE Checked. No new data. (Wed Dec 14 06:10:06 2011)
2011-12-02 08 DONE Checked. No new data. (Thu Dec 15 06:10:06 2011)
2011-12-03 09 DONE Checked. No new data. (Fri Dec 16 06:10:07 2011)
2011-12-04 09 DONE Checked. No new data. (Sat Dec 17 06:10:07 2011)
2011-12-05 08 DONE Checked. No new data. (Sun Dec 18 06:10:06 2011)
2011-12-06 09 DONE Checked. No new data. (Mon Dec 19 06:10:07 2011)
2011-12-07 09 DONE Checked. No new data. (Tue Dec 20 06:10:07 2011)
2011-12-08 08 DONE Checked. No new data. (Wed Dec 21 06:10:07 2011)
2011-12-09 09 DONE Checked. No new data. (Thu Dec 22 06:10:06 2011)
2011-12-10 08 DONE Checked. No new data. (Fri Dec 23 06:10:07 2011)
2011-12-11 08 DONE Checked. No new data. (Sat Dec 24 06:10:07 2011)
2011-12-12 08 DONE Checked. No new data. (Sun Dec 25 06:10:05 2011)
2011-12-13 08 DONE Checked. No new data. (Mon Dec 26 06:10:06 2011)
2011-12-14 07 DONE Checked. No new data. (Tue Dec 27 06:10:07 2011)
2011-12-15 08 DONE Checked. No new data. (Wed Dec 28 06:10:07 2011)
2011-12-16 08 DONE Checked. No new data. (Thu Dec 29 06:10:08 2011)
2011-12-17 08 DONE Checked. No new data. (Fri Dec 30 06:10:07 2011)
2011-12-18 09 DONE Checked. No new data. (Sat Dec 31 06:10:05 2011)
2011-12-19 09 DONE Checked. No new data. (Sun Jan  1 06:10:09 2012)
2011-12-20 09 DONE Checked. No new data. (Mon Jan  2 06:10:07 2012)
2011-12-21 09 DONE Checked. No new data. (Tue Jan  3 06:10:06 2012)
2011-12-22 09 DONE Checked. No new data. (Wed Jan  4 06:10:07 2012)
2011-12-23 08 DONE Checked. No new data. (Thu Jan  5 06:10:06 2012)
2011-12-24 00 PENDING No data files found. Skip. (Fri Jan  6 06:10:04 2012)
2011-12-25 06 DONE Checked. No new data. (Sat Jan  7 06:10:05 2012)
2011-12-26 08 DONE Checked. No new data. (Sun Jan  8 06:10:05 2012)
2011-12-27 08 DONE Checked. No new data. (Mon Jan  9 06:10:07 2012)
2011-12-28 08 DONE Checked. No new data. (Tue Jan 10 06:10:07 2012)
2011-12-29 08 DONE Checked. No new data. (Wed Jan 11 06:10:07 2012)
2011-12-30 07 DONE Checked. No new data. (Thu Jan 12 06:10:06 2012)
2011-12-31 08 DONE Checked. No new data. (Fri Jan 13 06:10:08 2012)
2012-01-01 08 DONE Checked. No new data. (Sat Jan 14 06:10:05 2012)
2012-01-02 08 DONE Checked. No new data. (Sun Jan 15 06:10:07 2012)
2012-01-03 08 DONE Checked. No new data. (Mon Jan 16 06:10:07 2012)
2012-01-04 09 DONE Checked. No new data. (Tue Jan 17 06:10:06 2012)
2012-01-05 09 DONE Checked. No new data. (Wed Jan 18 06:10:06 2012)
2012-01-06 08 DONE Checked. No new data. (Thu Jan 19 06:10:07 2012)
2012-01-07 09 DONE Checked. No new data. (Fri Jan 20 06:10:07 2012)
2012-01-08 08 DONE Checked. No new data. (Sat Jan 21 06:10:07 2012)
2012-01-09 09 DONE Checked. No new data. (Sun Jan 22 06:10:08 2012)
2012-01-10 09 DONE Checked. No new data. (Mon Jan 23 06:10:07 2012)
2012-01-11 08 DONE Checked. No new data. (Tue Jan 24 06:10:08 2012)
2012-01-12 08 DONE Checked. No new data. (Wed Jan 25 06:10:08 2012)
2012-01-13 08 DONE Checked. No new data. (Thu Jan 26 06:10:06 2012)
2012-01-14 08 DONE Checked. No new data. (Fri Jan 27 06:10:08 2012)
2012-01-15 07 DONE Checked. No new data. (Sat Jan 28 06:10:07 2012)
2012-01-16 08 DONE Checked. No new data. (Sun Jan 29 06:10:07 2012)
2012-01-17 08 DONE Checked. No new data. (Mon Jan 30 06:10:09 2012)
2012-01-18 08 DONE Checked. No new data. (Tue Jan 31 06:10:07 2012)
2012-01-19 09 DONE Checked. No new data. (Wed Feb  1 06:10:06 2012)
2012-01-20 09 DONE Checked. No new data. (Thu Feb  2 06:10:06 2012)
2012-01-21 09 DONE Checked. No new data. (Fri Feb  3 06:10:07 2012)
2012-01-22 09 DONE Checked. No new data. (Sat Feb  4 06:10:05 2012)
2012-01-23 09 DONE Checked. No new data. (Sun Feb  5 06:10:07 2012)
2012-01-24 08 DONE Checked. No new data. (Mon Feb  6 06:10:07 2012)
2012-01-25 00 PENDING No data files found. Skip. (Tue Feb  7 06:10:07 2012)
2012-01-26 06 DONE Checked. No new data. (Wed Feb  8 06:10:06 2012)
2012-01-27 08 DONE Checked. No new data. (Thu Feb  9 06:10:08 2012)
2012-01-28 08 DONE Checked. No new data. (Fri Feb 10 06:10:07 2012)
2012-01-29 08 DONE Checked. No new data. (Sat Feb 11 06:10:07 2012)
2012-01-30 08 DONE Checked. No new data. (Sun Feb 12 06:10:06 2012)
2012-01-31 07 DONE Checked. No new data. (Mon Feb 13 06:10:06 2012)
2012-02-01 08 DONE Checked. No new data. (Tue Feb 14 06:10:05 2012)
2012-02-02 08 DONE Checked. No new data. (Wed Feb 15 06:10:07 2012)
2012-02-03 08 DONE Checked. No new data. (Thu Feb 16 06:10:06 2012)
2012-02-04 08 DONE Checked. No new data. (Fri Feb 17 06:10:06 2012)
2012-02-05 09 DONE Checked. No new data. (Sat Feb 18 06:10:07 2012)
2012-02-06 09 DONE Checked. No new data. (Sun Feb 19 06:10:06 2012)
2012-02-07 08 DONE Checked. No new data. (Mon Feb 20 06:10:07 2012)
2012-02-08 09 DONE Checked. No new data. (Tue Feb 21 06:10:06 2012)
2012-02-09 08 DONE Checked. No new data. (Wed Feb 22 06:10:04 2012)
2012-02-10 09 DONE Checked. No new data. (Thu Feb 23 06:10:08 2012)
2012-02-11 09 DONE Checked. No new data. (Fri Feb 24 06:10:07 2012)
2012-02-12 08 DONE Checked. No new data. (Sat Feb 25 06:10:08 2012)
2012-02-13 08 DONE Checked. No new data. (Sun Feb 26 06:10:07 2012)
2012-02-14 08 DONE Checked. No new data. (Mon Feb 27 06:10:08 2012)
2012-02-15 08 DONE Checked. No new data. (Tue Feb 28 06:10:06 2012)
2012-02-16 07 DONE Checked. No new data. (Wed Feb 29 06:10:07 2012)
2012-02-17 08 DONE Checked. No new data. (Thu Mar  1 06:10:07 2012)
2012-02-18 08 DONE Checked. No new data. (Fri Mar  2 06:10:06 2012)
2012-02-19 08 DONE Checked. No new data. (Sat Mar  3 06:10:07 2012)
2012-02-20 09 DONE Checked. No new data. (Sun Mar  4 06:10:05 2012)
2012-02-21 09 DONE Checked. No new data. (Mon Mar  5 06:10:05 2012)
2012-02-22 09 DONE Checked. No new data. (Tue Mar  6 06:10:05 2012)
2012-02-23 09 DONE Checked. No new data. (Wed Mar  7 06:10:05 2012)
2012-02-24 09 DONE Checked. No new data. (Thu Mar  8 06:10:05 2012)
2012-02-25 08 DONE Checked. No new data. (Fri Mar  9 06:10:05 2012)
2012-02-26 00 PENDING No data files found. Skip. (Sat Mar 10 06:10:05 2012)
2012-02-27 06 DONE Checked. No new data. (Sun Mar 11 06:10:05 2012)
2012-02-28 08 DONE Checked. No new data. (Mon Mar 12 06:10:05 2012)
2012-02-29 08 DONE Checked. No new data. (Tue Mar 13 06:10:04 2012)
2012-03-01 08 DONE Checked. No new data. (Wed Mar 14 06:10:05 2012)
2012-03-02 08 DONE Checked. No new data. (Thu Mar 15 06:10:04 2012)
2012-03-03 07 DONE Checked. No new data. (Fri Mar 16 06:10:05 2012)
2012-03-04 08 DONE Checked. No new data. (Sat Mar 17 06:10:04 2012)
2012-03-05 08 DONE Checked. No new data. (Sun Mar 18 06:10:05 2012)
2012-03-06 08 DONE Checked. No new data. (Mon Mar 19 06:10:05 2012)
2012-03-07 08 DONE Checked. No new data. (Tue Mar 20 06:10:05 2012)
2012-03-08 08 DONE Checked. No new data. (Wed Mar 21 06:10:04 2012)
2012-03-09 08 DONE Checked. No new data. (Thu Mar 22 06:10:05 2012)
2012-03-10 08 DONE Checked. No new data. (Fri Mar 23 06:10:05 2012)
2012-03-11 08 DONE Checked. No new data. (Sat Mar 24 06:10:06 2012)
2012-03-12 07 DONE Checked. No new data. (Sun Mar 25 06:10:04 2012)
2012-03-13 08 DONE Checked. No new data. (Mon Mar 26 06:10:05 2012)
2012-03-14 08 DONE Checked. No new data. (Tue Mar 27 06:10:05 2012)
2012-03-15 07 DONE Checked. No new data. (Wed Mar 28 06:10:05 2012)
2012-03-16 08 DONE Checked. No new data. (Thu Mar 29 06:10:05 2012)
2012-03-17 08 DONE Checked. No new data. (Fri Mar 30 06:10:05 2012)
2012-03-18 08 DONE Checked. No new data. (Sat Mar 31 06:10:05 2012)
2012-03-19 07 DONE Checked. No new data. (Sun Apr  1 06:10:04 2012)
2012-03-20 08 DONE Checked. No new data. (Mon Apr  2 06:10:04 2012)
2012-03-21 08 DONE Checked. No new data. (Tue Apr  3 06:10:04 2012)
2012-03-22 08 DONE Checked. No new data. (Wed Apr  4 06:10:05 2012)
2012-03-23 08 DONE Checked. No new data. (Thu Apr  5 06:10:05 2012)
2012-03-24 08 DONE Checked. No new data. (Fri Apr  6 06:10:04 2012)
2012-03-25 08 DONE Checked. No new data. (Sat Apr  7 06:10:05 2012)
2012-03-26 08 DONE Checked. No new data. (Sun Apr  8 06:10:05 2012)
2012-03-27 08 DONE Checked. No new data. (Mon Apr  9 06:10:04 2012)
2012-03-28 07 DONE Checked. No new data. (Tue Apr 10 06:10:04 2012)
2012-03-29 00 PENDING No data files found. Skip. (Wed Apr 11 06:10:04 2012)
2012-03-30 06 DONE Checked. No new data. (Thu Apr 12 06:10:05 2012)
2012-03-31 08 DONE Checked. No new data. (Fri Apr 13 06:10:06 2012)
2012-04-01 08 DONE Checked. No new data. (Sat Apr 14 06:10:05 2012)
2012-04-02 08 DONE Checked. No new data. (Sun Apr 15 06:10:05 2012)
2012-04-03 08 DONE Checked. No new data. (Mon Apr 16 06:10:04 2012)
2012-04-04 07 DONE Checked. No new data. (Tue Apr 17 06:10:05 2012)
2012-04-05 00 PENDING No data files found. Skip. (Wed Apr 18 06:10:04 2012)
2012-04-06 08 DONE Checked. No new data. (Thu Apr 19 06:10:04 2012)
2012-04-07 08 DONE Checked. No new data. (Fri Apr 20 06:10:05 2012)
2012-04-08 08 SKIPPED Failed last time. Skip. (Tue Apr 10 06:10:08 2012)
2012-04-09 08 DONE Checked. No new data. (Sun Apr 22 06:10:05 2012)
2012-04-10 08 DONE Checked. No new data. (Mon Apr 23 06:10:05 2012)
2012-04-11 09 DONE Checked. No new data. (Tue Apr 24 06:10:07 2012)
2012-04-12 08 DONE Checked. No new data. (Wed Apr 25 06:10:05 2012)
2012-04-13 07 DONE Checked. No new data. (Thu Apr 26 06:10:04 2012)
2012-04-14 08 DONE Checked. No new data. (Fri Apr 27 06:10:06 2012)
2012-04-15 08 DONE Checked. No new data. (Sat Apr 28 06:10:06 2012)
2012-04-16 08 DONE Checked. No new data. (Sun Apr 29 06:10:04 2012)
2012-04-17 08 DONE Checked. No new data. (Mon Apr 30 06:10:06 2012)
2012-04-18 08 DONE Checked. No new data. (Tue May  1 06:10:04 2012)
2012-04-19 08 DONE Checked. No new data. (Wed May  2 06:10:05 2012)
2012-04-20 07 DONE Checked. No new data. (Thu May  3 06:10:04 2012)
2012-04-21 08 SKIPPED Failed last time. Skip. (Mon Apr 23 06:10:11 2012)
2012-04-22 08 SKIPPED Failed last time. Skip. (Tue Apr 24 06:10:12 2012)
2012-04-23 08 DONE Checked. No new data. (Sun May  6 06:10:05 2012)
2012-04-24 08 DONE Checked. No new data. (Mon May  7 06:10:06 2012)
2012-04-25 08 DONE Checked. No new data. (Tue May  8 06:10:04 2012)
2012-04-26 08 DONE Checked. No new data. (Wed May  9 06:10:04 2012)
2012-04-27 08 DONE Checked. No new data. (Thu May 10 06:10:05 2012)
2012-04-28 08 DONE Checked. No new data. (Fri May 11 06:10:04 2012)
2012-04-29 07 DONE Checked. No new data. (Sat May 12 06:10:05 2012)
2012-04-30 00 PENDING No data files found. Skip. (Sun May 13 06:10:04 2012)
2012-05-01 07 DONE Checked. No new data. (Mon May 14 06:10:05 2012)
2012-05-02 08 DONE Checked. No new data. (Tue May 15 06:10:04 2012)
2012-05-03 08 DONE Checked. No new data. (Wed May 16 06:10:04 2012)
2012-05-04 08 DONE Checked. No new data. (Thu May 17 06:10:05 2012)
2012-05-05 08 DONE Checked. No new data. (Fri May 18 06:10:06 2012)
2012-05-06 07 DONE Checked. No new data. (Sat May 19 06:10:04 2012)
2012-05-07 08 DONE Checked. No new data. (Sun May 20 06:10:04 2012)
2012-05-08 08 DONE Checked. No new data. (Mon May 21 06:10:05 2012)
2012-05-09 08 DONE Checked. No new data. (Tue May 22 06:10:05 2012)
2012-05-10 08 DONE Checked. No new data. (Wed May 23 06:10:04 2012)
2012-05-11 08 DONE Checked. No new data. (Thu May 24 06:10:05 2012)
2012-05-12 08 DONE Checked. No new data. (Fri May 25 06:10:05 2012)
2012-05-13 08 DONE Checked. No new data. (Sat May 26 06:10:04 2012)
2012-05-14 08 DONE Checked. No new data. (Sun May 27 06:10:05 2012)
2012-05-15 07 DONE Checked. No new data. (Mon May 28 06:10:04 2012)
2012-05-16 08 DONE Checked. No new data. (Tue May 29 06:10:05 2012)
2012-05-17 08 DONE Checked. No new data. (Wed May 30 06:10:05 2012)
2012-05-18 08 DONE Checked. No new data. (Thu May 31 06:10:05 2012)
2012-05-19 08 DONE Checked. No new data. (Fri Jun  1 06:10:05 2012)
2012-05-20 08 DONE Checked. No new data. (Sat Jun  2 06:10:04 2012)
2012-05-21 08 DONE Checked. No new data. (Sun Jun  3 06:10:04 2012)
2012-05-22 07 DONE Checked. No new data. (Mon Jun  4 06:10:04 2012)
2012-05-23 08 DONE Checked. No new data. (Tue Jun  5 06:10:05 2012)
2012-05-24 08 DONE Checked. No new data. (Wed Jun  6 06:10:05 2012)
2012-05-25 08 DONE Checked. No new data. (Thu Jun  7 06:10:05 2012)
2012-05-26 08 DONE Checked. No new data. (Fri Jun  8 06:10:05 2012)
2012-05-27 08 DONE Checked. No new data. (Sat Jun  9 06:10:05 2012)
2012-05-28 08 DONE Checked. No new data. (Sun Jun 10 06:10:05 2012)
2012-05-29 08 DONE Checked. No new data. (Mon Jun 11 06:10:05 2012)
2012-05-30 08 DONE Checked. No new data. (Tue Jun 12 06:10:05 2012)
2012-05-31 07 DONE Checked. No new data. (Wed Jun 13 06:10:04 2012)
2012-06-01 00 PENDING No data files found. Skip. (Thu Jun 14 06:10:04 2012)
2012-06-02 07 DONE Checked. No new data. (Fri Jun 15 06:10:05 2012)
2012-06-03 08 DONE Checked. No new data. (Sat Jun 16 06:10:04 2012)
2012-06-04 08 DONE Checked. No new data. (Sun Jun 17 06:10:05 2012)
2012-06-05 08 DONE Checked. No new data. (Mon Jun 18 06:10:04 2012)
2012-06-06 08 DONE Checked. No new data. (Tue Jun 19 06:10:05 2012)
2012-06-07 07 DONE Checked. No new data. (Wed Jun 20 06:10:05 2012)
2012-06-08 10 DONE Checked. No new data. (Thu Jun 21 06:10:06 2012)
2012-06-09 08 DONE Checked. No new data. (Fri Jun 22 06:10:04 2012)
2012-06-10 08 DONE Checked. No new data. (Sat Jun 23 06:10:06 2012)
2012-06-11 08 DONE Checked. No new data. (Sun Jun 24 06:10:05 2012)
2012-06-12 08 DONE Checked. No new data. (Mon Jun 25 06:10:05 2012)
2012-06-13 08 DONE Checked. No new data. (Tue Jun 26 06:10:05 2012)
2012-06-14 08 DONE Checked. No new data. (Wed Jun 27 06:10:05 2012)
2012-06-15 08 DONE Checked. No new data. (Thu Jun 28 06:10:05 2012)
2012-06-16 07 DONE Checked. No new data. (Fri Jun 29 06:10:04 2012)
2012-06-17 08 DONE Checked. No new data. (Sat Jun 30 06:10:06 2012)
2012-06-18 08 DONE Checked. No new data. (Sun Jul  1 06:10:05 2012)
2012-06-19 08 DONE Checked. No new data. (Mon Jul  2 06:10:05 2012)
2012-06-20 08 DONE Checked. No new data. (Tue Jul  3 06:10:05 2012)
2012-06-21 08 DONE Checked. No new data. (Wed Jul  4 06:10:05 2012)
2012-06-22 08 DONE Checked. No new data. (Thu Jul  5 06:10:04 2012)
2012-06-23 07 DONE Checked. No new data. (Fri Jul  6 06:10:05 2012)
2012-06-24 08 DONE Checked. No new data. (Sat Jul  7 06:10:05 2012)
2012-06-25 08 DONE Checked. No new data. (Sun Jul  8 06:10:05 2012)
2012-06-26 08 DONE Checked. No new data. (Mon Jul  9 06:10:05 2012)
2012-06-27 08 DONE Checked. No new data. (Tue Jul 10 06:10:06 2012)
2012-06-28 08 DONE Checked. No new data. (Wed Jul 11 06:10:05 2012)
2012-06-29 08 DONE Checked. No new data. (Thu Jul 12 06:10:04 2012)
2012-06-30 08 DONE Checked. No new data. (Fri Jul 13 06:10:05 2012)
2012-07-01 08 DONE Checked. No new data. (Sat Jul 14 06:10:05 2012)
2012-07-02 07 DONE Checked. No new data. (Sun Jul 15 06:10:05 2012)
2012-07-03 00 PENDING No data files found. Skip. (Mon Jul 16 06:10:04 2012)
2012-07-04 07 DONE Checked. No new data. (Tue Jul 17 06:10:05 2012)
2012-07-05 08 DONE Checked. No new data. (Tue Jul 17 06:10:06 2012)
2012-07-06 09 DONE Checked. No new data. (Thu Jul 19 06:10:05 2012)
2012-07-07 08 DONE Checked. No new data. (Fri Jul 20 06:10:05 2012)
2012-07-08 08 DONE Checked. No new data. (Sat Jul 21 06:10:06 2012)
2012-07-09 07 DONE Checked. No new data. (Sun Jul 22 06:10:05 2012)
2012-07-10 08 DONE Checked. No new data. (Mon Jul 23 06:10:05 2012)
2012-07-11 08 DONE Checked. No new data. (Tue Jul 24 06:10:04 2012)
2012-07-12 08 DONE Checked. No new data. (Wed Jul 25 06:10:05 2012)
2012-07-13 08 DONE Checked. No new data. (Thu Jul 26 06:10:04 2012)
2012-07-14 08 DONE Checked. No new data. (Fri Jul 27 06:10:04 2012)
2012-07-15 08 DONE Checked. No new data. (Sat Jul 28 06:10:05 2012)
2012-07-16 08 DONE Checked. No new data. (Sun Jul 29 06:10:05 2012)
2012-07-17 08 DONE Checked. No new data. (Mon Jul 30 06:10:06 2012)
2012-07-18 07 DONE Checked. No new data. (Tue Jul 31 06:10:05 2012)
2012-07-19 08 DONE Checked. No new data. (Wed Aug  1 06:10:05 2012)
2012-07-20 08 DONE Checked. No new data. (Thu Aug  2 06:10:06 2012)
2012-07-21 08 SKIPPED Failed last time. Skip. (Mon Jul 23 06:10:11 2012)
2012-07-22 08 DONE Checked. No new data. (Sat Aug  4 06:10:05 2012)
2012-07-23 08 DONE Checked. No new data. (Sun Aug  5 06:10:05 2012)
2012-07-24 08 DONE Checked. No new data. (Mon Aug  6 06:10:05 2012)
2012-07-25 07 DONE Checked. No new data. (Tue Aug  7 06:10:05 2012)
2012-07-26 08 DONE Checked. No new data. (Wed Aug  8 06:10:05 2012)
2012-07-27 08 DONE Checked. No new data. (Thu Aug  9 06:10:05 2012)
2012-07-28 08 DONE Checked. No new data. (Fri Aug 10 06:10:06 2012)
2012-07-29 08 DONE Checked. No new data. (Sat Aug 11 06:10:05 2012)
2012-07-30 08 DONE Checked. No new data. (Sun Aug 12 06:10:06 2012)
2012-07-31 08 DONE Checked. No new data. (Mon Aug 13 06:10:05 2012)
2012-08-01 08 DONE Checked. No new data. (Tue Aug 14 06:10:04 2012)
2012-08-02 08 DONE Checked. No new data. (Wed Aug 15 06:10:05 2012)
2012-08-03 07 DONE Checked. No new data. (Thu Aug 16 06:10:06 2012)
2012-08-04 00 PENDING No data files found. Skip. (Fri Aug 17 06:10:05 2012)
2012-08-05 07 DONE Checked. No new data. (Sat Aug 18 06:10:05 2012)
2012-08-06 08 DONE Checked. No new data. (Sun Aug 19 06:10:05 2012)
2012-08-07 08 DONE Checked. No new data. (Mon Aug 20 06:10:04 2012)
2012-08-08 08 DONE Checked. No new data. (Tue Aug 21 06:10:05 2012)
2012-08-09 08 DONE Checked. No new data. (Wed Aug 22 06:10:05 2012)
2012-08-10 07 DONE Checked. No new data. (Thu Aug 23 06:10:05 2012)
2012-08-11 08 DONE Checked. No new data. (Thu Aug 23 06:10:06 2012)
2012-08-12 08 DONE Checked. No new data. (Sat Aug 25 06:10:05 2012)
2012-08-13 08 DONE Checked. No new data. (Sun Aug 26 06:10:04 2012)
2012-08-14 08 DONE Checked. No new data. (Mon Aug 27 06:10:05 2012)
2012-08-15 08 DONE Checked. No new data. (Tue Aug 28 06:10:04 2012)
