2012-08-16 08 DONE Checked. No new data. (Wed Aug 29 06:10:05 2012)
2012-08-17 08 DONE Checked. No new data. (Thu Aug 30 06:10:06 2012)
2012-08-18 08 DONE Checked. No new data. (Fri Aug 31 06:10:05 2012)
2012-08-19 07 DONE Checked. No new data. (Sat Sep  1 06:10:06 2012)
2012-08-20 08 DONE Checked. No new data. (Sun Sep  2 06:10:04 2012)
2012-08-21 11 DONE Checked. No new data. (Mon Sep  3 06:10:04 2012)
2012-08-22 16 DONE Checked. No new data. (Tue Sep  4 06:10:05 2012)
2012-08-23 16 DONE Checked. No new data. (Wed Sep  5 06:10:06 2012)
2012-08-24 08 PENDING No data files found. Skip. (Thu Sep  6 06:10:04 2012)
2012-08-25 08 PENDING No data files found. Skip. (Fri Sep  7 06:10:05 2012)
2012-08-26 07 PENDING No data files found. Skip. (Sat Sep  8 06:10:04 2012)
2012-08-27 08 PENDING No data files found. Skip. (Sun Sep  9 06:10:04 2012)
2012-08-28 08 PENDING No data files found. Skip. (Mon Sep 10 06:10:04 2012)
2012-08-29 08 PENDING No data files found. Skip. (Tue Sep 11 06:10:05 2012)
2012-08-30 08 PENDING No data files found. Skip. (Wed Sep 12 06:10:04 2012)
2012-08-31 08 PENDING No data files found. Skip. (Thu Sep 13 06:10:04 2012)
2012-09-01 08 DONE Checked. No new data. (Fri Sep 14 06:10:04 2012)
2012-09-02 08 DONE Checked. No new data. (Sat Sep 15 06:10:05 2012)
2012-09-03 08 SKIPPED Failed last time. Skip. (Wed Sep  5 06:10:10 2012)
2012-09-04 07 DONE Checked. No new data. (Mon Sep 17 06:10:04 2012)
2012-09-05 00 PENDING No data files found. Skip. (Tue Sep 18 06:10:04 2012)
2012-09-06 07 DONE Checked. No new data. (Wed Sep 19 06:10:04 2012)
2012-09-07 08 DONE Checked. No new data. (Thu Sep 20 06:10:05 2012)
2012-09-08 08 DONE Checked. No new data. (Fri Sep 21 06:10:06 2012)
2012-09-09 08 DONE Checked. No new data. (Sat Sep 22 06:10:04 2012)
2012-09-10 08 DONE Checked. No new data. (Sat Sep 22 06:10:05 2012)
2012-09-11 07 DONE Checked. No new data. (Sat Sep 22 06:10:05 2012)
2012-09-12 08 DONE Checked. No new data. (Tue Sep 25 06:10:03 2012)
2012-09-13 10 DONE Checked. No new data. (Wed Sep 26 06:10:04 2012)
2012-09-14 08 DONE Checked. No new data. (Wed Sep 26 06:10:05 2012)
2012-09-15 08 DONE Checked. No new data. (Wed Sep 26 06:10:05 2012)
2012-09-16 08 DONE Checked. No new data. (Sat Sep 29 06:10:04 2012)
2012-09-17 08 DONE Checked. No new data. (Sat Sep 29 06:10:05 2012)
2012-09-18 08 DONE Checked. No new data. (Sat Sep 29 06:10:05 2012)
2012-09-19 08 DONE Checked. No new data. (Tue Oct  2 06:10:05 2012)
2012-09-20 07 DONE Checked. No new data. (Wed Oct  3 06:10:05 2012)
2012-09-21 08 DONE Checked. No new data. (Thu Oct  4 06:10:05 2012)
2012-09-22 08 DONE Checked. No new data. (Fri Oct  5 06:10:05 2012)
2012-09-23 08 DONE Checked. No new data. (Sat Oct  6 06:10:05 2012)
2012-09-24 08 DONE Checked. No new data. (Sun Oct  7 06:10:05 2012)
2012-09-25 08 DONE Checked. No new data. (Mon Oct  8 06:10:04 2012)
2012-09-26 08 DONE Checked. No new data. (Tue Oct  9 06:10:05 2012)
2012-09-27 07 DONE Checked. No new data. (Wed Oct 10 06:10:04 2012)
2012-09-28 08 DONE Checked. No new data. (Thu Oct 11 06:10:04 2012)
2012-09-29 08 DONE Checked. No new data. (Fri Oct 12 06:10:04 2012)
2012-09-30 08 DONE Checked. No new data. (Sat Oct 13 06:10:05 2012)
2012-10-01 08 DONE Checked. No new data. (Sun Oct 14 06:10:05 2012)
2012-10-02 08 DONE Checked. No new data. (Mon Oct 15 06:10:04 2012)
2012-10-03 08 DONE Checked. No new data. (Tue Oct 16 06:10:07 2012)
2012-10-04 08 DONE Checked. No new data. (Wed Oct 17 06:10:05 2012)
2012-10-05 08 DONE Checked. No new data. (Thu Oct 18 06:10:06 2012)
2012-10-06 07 DONE Checked. No new data. (Fri Oct 19 06:10:05 2012)
2012-10-07 00 PENDING No data files found. Skip. (Sat Oct 20 06:10:04 2012)
2012-10-08 07 DONE Checked. No new data. (Sun Oct 21 06:10:06 2012)
2012-10-09 08 DONE Checked. No new data. (Mon Oct 22 06:10:05 2012)
2012-10-10 08 DONE Checked. No new data. (Tue Oct 23 06:10:05 2012)
2012-10-11 08 DONE Checked. No new data. (Wed Oct 24 06:10:05 2012)
2012-10-12 08 DONE Checked. No new data. (Thu Oct 25 06:10:04 2012)
2012-10-13 07 DONE Checked. No new data. (Fri Oct 26 06:10:05 2012)
2012-10-14 08 SKIPPED Failed last time. Skip. (Wed Oct 17 06:10:09 2012)
2012-10-15 08 DONE Checked. No new data. (Sun Oct 28 06:10:05 2012)
2012-10-16 08 DONE Checked. No new data. (Mon Oct 29 06:10:05 2012)
2012-10-17 08 DONE Checked. No new data. (Tue Oct 30 06:10:04 2012)
2012-10-18 09 DONE Checked. No new data. (Wed Oct 31 06:10:05 2012)
2012-10-19 09 DONE Checked. No new data. (Thu Nov  1 06:10:06 2012)
2012-10-20 08 DONE Checked. No new data. (Fri Nov  2 06:10:05 2012)
2012-10-21 09 DONE Checked. No new data. (Sat Nov  3 06:10:05 2012)
2012-10-22 08 DONE Checked. No new data. (Sun Nov  4 06:10:04 2012)
2012-10-23 09 DONE Checked. No new data. (Mon Nov  5 06:10:05 2012)
2012-10-24 09 DONE Checked. No new data. (Tue Nov  6 06:10:05 2012)
2012-10-25 09 DONE Checked. No new data. (Wed Nov  7 06:10:05 2012)
2012-10-26 08 DONE Checked. No new data. (Thu Nov  8 06:10:05 2012)
2012-10-27 08 DONE Checked. No new data. (Fri Nov  9 06:10:05 2012)
2012-10-28 08 DONE Checked. No new data. (Sat Nov 10 06:10:06 2012)
2012-10-29 07 DONE Checked. No new data. (Sun Nov 11 06:10:06 2012)
2012-10-30 08 DONE Checked. No new data. (Mon Nov 12 06:10:05 2012)
2012-10-31 08 DONE Checked. No new data. (Tue Nov 13 06:10:04 2012)
2012-11-01 08 DONE Checked. No new data. (Wed Nov 14 06:10:06 2012)
2012-11-02 09 DONE Checked. No new data. (Thu Nov 15 06:10:04 2012)
2012-11-03 09 DONE Checked. No new data. (Fri Nov 16 06:10:05 2012)
2012-11-04 09 DONE Checked. No new data. (Sat Nov 17 06:10:05 2012)
2012-11-05 09 DONE Checked. No new data. (Sun Nov 18 06:10:05 2012)
2012-11-06 09 DONE Checked. No new data. (Mon Nov 19 06:10:05 2012)
2012-11-07 08 DONE Checked. No new data. (Tue Nov 20 06:10:05 2012)
2012-11-08 00 PENDING No data files found. Skip. (Wed Nov 21 06:10:04 2012)
2012-11-09 07 DONE Checked. No new data. (Thu Nov 22 06:10:04 2012)
2012-11-10 08 DONE Checked. No new data. (Fri Nov 23 06:10:05 2012)
2012-11-11 08 DONE Checked. No new data. (Sat Nov 24 06:10:04 2012)
2012-11-12 08 DONE Checked. No new data. (Sun Nov 25 06:10:05 2012)
2012-11-13 08 DONE Checked. No new data. (Mon Nov 26 06:10:05 2012)
2012-11-14 07 DONE Checked. No new data. (Tue Nov 27 06:10:05 2012)
2012-11-15 08 DONE Checked. No new data. (Wed Nov 28 06:10:05 2012)
2012-11-16 08 DONE Checked. No new data. (Thu Nov 29 06:10:05 2012)
2012-11-17 08 DONE Checked. No new data. (Fri Nov 30 06:10:05 2012)
2012-11-18 08 DONE Checked. No new data. (Sat Dec  1 06:10:04 2012)
2012-11-19 09 DONE Checked. No new data. (Sun Dec  2 06:10:05 2012)
2012-11-20 09 DONE Checked. No new data. (Mon Dec  3 06:10:04 2012)
2012-11-21 08 DONE Checked. No new data. (Tue Dec  4 06:10:05 2012)
2012-11-22 09 DONE Checked. No new data. (Wed Dec  5 06:10:05 2012)
2012-11-23 08 DONE Checked. No new data. (Thu Dec  6 06:10:05 2012)
2012-11-24 09 DONE Checked. No new data. (Fri Dec  7 06:10:06 2012)
2012-11-25 09 DONE Checked. No new data. (Sat Dec  8 06:10:05 2012)
2012-11-26 09 DONE Checked. No new data. (Sun Dec  9 06:10:06 2012)
2012-11-27 08 DONE Checked. No new data. (Mon Dec 10 06:10:05 2012)
2012-11-28 08 DONE Checked. No new data. (Tue Dec 11 06:10:05 2012)
2012-11-29 08 DONE Checked. No new data. (Wed Dec 12 06:10:05 2012)
2012-11-30 07 DONE Checked. No new data. (Thu Dec 13 06:10:04 2012)
2012-12-01 08 DONE Checked. No new data. (Fri Dec 14 06:10:05 2012)
2012-12-02 08 DONE Checked. No new data. (Sat Dec 15 06:10:05 2012)
2012-12-03 08 DONE Checked. No new data. (Sun Dec 16 06:10:05 2012)
2012-12-04 09 DONE Checked. No new data. (Mon Dec 17 06:10:05 2012)
2012-12-05 09 DONE Checked. No new data. (Tue Dec 18 06:10:05 2012)
2012-12-06 09 DONE Checked. No new data. (Wed Dec 19 06:10:04 2012)
2012-12-07 09 DONE Checked. No new data. (Thu Dec 20 06:10:05 2012)
2012-12-08 09 DONE Checked. No new data. (Fri Dec 21 06:10:06 2012)
2012-12-09 08 DONE Checked. No new data. (Sat Dec 22 06:10:05 2012)
2012-12-10 00 PENDING No data files found. Skip. (Sun Dec 23 06:10:04 2012)
2012-12-11 07 DONE Checked. No new data. (Mon Dec 24 06:10:04 2012)
2012-12-12 08 DONE Checked. No new data. (Tue Dec 25 06:10:05 2012)
2012-12-13 08 DONE Checked. No new data. (Wed Dec 26 06:10:05 2012)
2012-12-14 08 DONE Checked. No new data. (Thu Dec 27 06:10:05 2012)
2012-12-15 08 DONE Checked. No new data. (Fri Dec 28 06:10:05 2012)
2012-12-16 07 DONE Checked. No new data. (Sat Dec 29 06:10:05 2012)
2012-12-17 08 DONE Checked. No new data. (Sun Dec 30 06:10:06 2012)
2012-12-18 08 DONE Checked. No new data. (Mon Dec 31 06:10:05 2012)
2012-12-19 08 DONE Checked. No new data. (Tue Jan  1 06:10:05 2013)
2012-12-20 08 DONE Checked. No new data. (Wed Jan  2 06:10:04 2013)
2012-12-21 09 DONE Checked. No new data. (Thu Jan  3 06:10:05 2013)
2012-12-22 09 DONE Checked. No new data. (Fri Jan  4 11:02:25 2013)
2012-12-23 08 DONE Checked. No new data. (Sat Jan  5 06:10:05 2013)
2012-12-24 09 DONE Checked. No new data. (Sun Jan  6 06:10:04 2013)
2012-12-25 08 DONE Checked. No new data. (Mon Jan  7 06:10:06 2013)
2012-12-26 09 DONE Checked. No new data. (Tue Jan  8 06:10:05 2013)
2012-12-27 09 DONE Checked. No new data. (Wed Jan  9 06:10:06 2013)
2012-12-28 09 DONE Checked. No new data. (Thu Jan 10 06:10:05 2013)
2012-12-29 08 DONE Checked. No new data. (Fri Jan 11 06:10:04 2013)
2012-12-30 08 DONE Checked. No new data. (Sat Jan 12 06:10:05 2013)
2012-12-31 08 DONE Checked. No new data. (Sun Jan 13 06:10:06 2013)
2013-01-01 07 DONE Checked. No new data. (Mon Jan 14 06:10:05 2013)
2013-01-02 08 DONE Checked. No new data. (Tue Jan 15 06:10:05 2013)
2013-01-03 08 DONE Checked. No new data. (Wed Jan 16 06:10:04 2013)
2013-01-04 08 DONE Checked. No new data. (Thu Jan 17 06:10:08 2013)
2013-01-05 09 DONE Checked. No new data. (Fri Jan 18 06:10:06 2013)
2013-01-06 09 DONE Checked. No new data. (Sat Jan 19 06:10:06 2013)
2013-01-07 09 DONE Checked. No new data. (Sun Jan 20 06:10:05 2013)
2013-01-08 09 DONE Checked. No new data. (Mon Jan 21 06:10:05 2013)
2013-01-09 09 DONE Checked. No new data. (Tue Jan 22 06:10:05 2013)
2013-01-10 08 DONE Checked. No new data. (Wed Jan 23 06:10:04 2013)
2013-01-11 00 PENDING No data files found. Skip. (Thu Jan 24 06:10:05 2013)
2013-01-12 07 DONE Checked. No new data. (Fri Jan 25 06:10:04 2013)
2013-01-13 08 DONE Checked. No new data. (Sat Jan 26 06:10:04 2013)
2013-01-14 08 DONE Checked. No new data. (Sun Jan 27 06:10:05 2013)
2013-01-15 08 DONE Checked. No new data. (Mon Jan 28 06:10:05 2013)
2013-01-16 08 DONE Checked. No new data. (Tue Jan 29 06:10:04 2013)
2013-01-17 07 DONE Checked. No new data. (Wed Jan 30 06:10:04 2013)
2013-01-18 08 DONE Checked. No new data. (Thu Jan 31 06:10:04 2013)
2013-01-19 08 DONE Checked. No new data. (Fri Feb  1 06:10:05 2013)
2013-01-20 08 DONE Checked. No new data. (Sat Feb  2 06:10:04 2013)
2013-01-21 08 DONE Checked. No new data. (Sun Feb  3 06:10:04 2013)
2013-01-22 09 DONE Checked. No new data. (Mon Feb  4 06:10:05 2013)
2013-01-23 09 DONE Checked. No new data. (Tue Feb  5 06:10:04 2013)
2013-01-24 08 DONE Checked. No new data. (Wed Feb  6 06:10:05 2013)
2013-01-25 09 DONE Checked. No new data. (Thu Feb  7 06:10:05 2013)
2013-01-26 08 DONE Checked. No new data. (Fri Feb  8 06:10:04 2013)
2013-01-27 09 DONE Checked. No new data. (Sat Feb  9 06:10:04 2013)
2013-01-28 09 DONE Checked. No new data. (Sun Feb 10 06:10:04 2013)
2013-01-29 09 DONE Checked. No new data. (Mon Feb 11 06:10:05 2013)
2013-01-30 08 DONE Checked. No new data. (Tue Feb 12 06:10:04 2013)
2013-01-31 08 DONE Checked. No new data. (Wed Feb 13 06:10:04 2013)
2013-02-01 08 DONE Checked. No new data. (Thu Feb 14 06:10:04 2013)
2013-02-02 07 DONE Checked. No new data. (Fri Feb 15 06:10:04 2013)
2013-02-03 08 DONE Checked. No new data. (Sat Feb 16 06:10:05 2013)
2013-02-04 08 DONE Checked. No new data. (Sun Feb 17 06:10:04 2013)
2013-02-05 08 DONE Checked. No new data. (Mon Feb 18 06:10:05 2013)
2013-02-06 09 DONE Checked. No new data. (Tue Feb 19 06:10:06 2013)
2013-02-07 09 DONE Checked. No new data. (Wed Feb 20 06:10:05 2013)
2013-02-08 09 DONE Checked. No new data. (Thu Feb 21 06:10:05 2013)
2013-02-09 09 DONE Checked. No new data. (Fri Feb 22 06:10:06 2013)
2013-02-10 09 DONE Checked. No new data. (Sat Feb 23 06:10:05 2013)
2013-02-11 08 DONE Checked. No new data. (Sun Feb 24 06:10:07 2013)
2013-02-12 00 PENDING No data files found. Skip. (Mon Feb 25 06:10:04 2013)
2013-02-13 07 DONE Checked. No new data. (Tue Feb 26 06:10:05 2013)
2013-02-14 08 DONE Checked. No new data. (Wed Feb 27 06:10:05 2013)
2013-02-15 08 DONE Checked. No new data. (Thu Feb 28 06:10:06 2013)
2013-02-16 08 DONE Checked. No new data. (Fri Mar  1 06:10:05 2013)
2013-02-17 08 DONE Checked. No new data. (Sat Mar  2 06:10:06 2013)
2013-02-18 07 DONE Checked. No new data. (Sun Mar  3 06:10:06 2013)
2013-02-19 08 DONE Checked. No new data. (Mon Mar  4 06:10:06 2013)
2013-02-20 08 DONE Checked. No new data. (Tue Mar  5 06:10:05 2013)
2013-02-21 08 DONE Checked. No new data. (Wed Mar  6 06:10:05 2013)
2013-02-22 08 DONE Checked. No new data. (Thu Mar  7 06:10:06 2013)
2013-02-23 09 DONE Checked. No new data. (Fri Mar  8 06:10:05 2013)
2013-02-24 09 DONE Checked. No new data. (Sat Mar  9 06:10:06 2013)
2013-02-25 08 DONE Checked. No new data. (Sun Mar 10 06:10:06 2013)
2013-02-26 09 DONE Checked. No new data. (Mon Mar 11 06:10:05 2013)
2013-02-27 08 DONE Checked. No new data. (Tue Mar 12 06:10:05 2013)
2013-02-28 09 DONE Checked. No new data. (Wed Mar 13 06:10:06 2013)
2013-03-01 08 DONE Checked. No new data. (Thu Mar 14 06:10:05 2013)
2013-03-02 08 DONE Checked. No new data. (Fri Mar 15 06:10:07 2013)
2013-03-03 08 DONE Checked. No new data. (Sat Mar 16 06:10:07 2013)
2013-03-04 08 DONE Checked. No new data. (Sun Mar 17 06:10:06 2013)
2013-03-05 08 DONE Checked. No new data. (Mon Mar 18 06:10:07 2013)
2013-03-06 07 DONE Checked. No new data. (Tue Mar 19 06:10:07 2013)
2013-03-07 08 DONE Checked. No new data. (Wed Mar 20 06:10:06 2013)
2013-03-08 08 DONE Checked. No new data. (Thu Mar 21 06:10:07 2013)
2013-03-09 08 DONE Checked. No new data. (Fri Mar 22 06:10:06 2013)
2013-03-10 08 DONE Checked. No new data. (Sat Mar 23 06:10:05 2013)
2013-03-11 08 DONE Checked. No new data. (Sun Mar 24 06:10:07 2013)
2013-03-12 08 DONE Checked. No new data. (Mon Mar 25 06:10:05 2013)
2013-03-13 08 DONE Checked. No new data. (Tue Mar 26 06:10:07 2013)
2013-03-14 08 DONE Checked. No new data. (Wed Mar 27 06:10:07 2013)
2013-03-15 07 DONE Checked. No new data. (Thu Mar 28 06:10:07 2013)
2013-03-16 00 PENDING No data files found. Skip. (Fri Mar 29 06:10:05 2013)
2013-03-17 07 DONE Checked. No new data. (Sat Mar 30 06:10:05 2013)
2013-03-18 08 DONE Checked. No new data. (Sun Mar 31 06:10:06 2013)
2013-03-19 08 DONE Checked. No new data. (Mon Apr  1 06:10:06 2013)
2013-03-20 08 DONE Checked. No new data. (Tue Apr  2 06:10:06 2013)
2013-03-21 08 DONE Checked. No new data. (Wed Apr  3 06:10:06 2013)
2013-03-22 07 DONE Checked. No new data. (Thu Apr  4 06:10:08 2013)
2013-03-23 08 DONE Checked. No new data. (Fri Apr  5 06:10:07 2013)
2013-03-24 11 DONE Checked. No new data. (Sat Apr  6 06:10:08 2013)
2013-03-25 08 DONE Checked. No new data. (Sun Apr  7 06:10:07 2013)
2013-03-26 08 DONE Checked. No new data. (Mon Apr  8 06:10:07 2013)
2013-03-27 08 DONE Checked. No new data. (Tue Apr  9 06:10:07 2013)
2013-03-28 08 DONE Checked. No new data. (Wed Apr 10 06:10:05 2013)
2013-03-29 08 DONE Checked. No new data. (Thu Apr 11 06:10:06 2013)
2013-03-30 08 DONE Checked. No new data. (Fri Apr 12 06:10:05 2013)
2013-03-31 07 DONE Checked. No new data. (Sat Apr 13 06:10:07 2013)
2013-04-01 08 DONE Checked. No new data. (Sun Apr 14 06:10:05 2013)
2013-04-02 08 DONE Checked. No new data. (Mon Apr 15 06:10:06 2013)
2013-04-03 08 DONE Checked. No new data. (Tue Apr 16 06:10:06 2013)
2013-04-04 08 DONE Checked. No new data. (Wed Apr 17 06:10:06 2013)
2013-04-05 08 DONE Checked. No new data. (Thu Apr 18 06:10:05 2013)
2013-04-06 08 DONE Checked. No new data. (Fri Apr 19 06:10:04 2013)
2013-04-07 07 DONE Checked. No new data. (Sat Apr 20 06:10:05 2013)
2013-04-08 08 DONE Checked. No new data. (Sun Apr 21 06:10:05 2013)
2013-04-09 08 DONE Checked. No new data. (Mon Apr 22 06:10:06 2013)
2013-04-10 08 DONE Checked. No new data. (Tue Apr 23 06:10:06 2013)
2013-04-11 08 DONE Checked. No new data. (Wed Apr 24 06:10:07 2013)
2013-04-12 08 DONE Checked. No new data. (Thu Apr 25 06:10:04 2013)
2013-04-13 08 DONE Checked. No new data. (Fri Apr 26 06:10:06 2013)
2013-04-14 08 DONE Checked. No new data. (Sat Apr 27 06:10:05 2013)
2013-04-15 08 DONE Checked. No new data. (Sun Apr 28 06:10:05 2013)
2013-04-16 07 DONE Checked. No new data. (Mon Apr 29 06:10:04 2013)
2013-04-17 00 PENDING No data files found. Skip. (Tue Apr 30 06:10:05 2013)
2013-04-18 07 DONE Checked. No new data. (Wed May  1 06:10:04 2013)
2013-04-19 08 DONE Checked. No new data. (Thu May  2 06:10:05 2013)
2013-04-20 08 DONE Checked. No new data. (Fri May  3 06:10:05 2013)
2013-04-21 08 DONE Checked. No new data. (Sat May  4 06:10:05 2013)
2013-04-22 08 DONE Checked. No new data. (Sun May  5 06:10:05 2013)
2013-04-23 07 DONE Checked. No new data. (Mon May  6 06:10:06 2013)
2013-04-24 08 DONE Checked. No new data. (Tue May  7 06:10:05 2013)
2013-04-25 08 DONE Checked. No new data. (Wed May  8 06:10:05 2013)
2013-04-26 08 DONE Checked. No new data. (Thu May  9 06:10:05 2013)
2013-04-27 08 DONE Checked. No new data. (Fri May 10 06:10:04 2013)
2013-04-28 08 DONE Checked. No new data. (Sat May 11 06:10:05 2013)
2013-04-29 08 DONE Checked. No new data. (Sun May 12 06:10:05 2013)
2013-04-30 08 DONE Checked. No new data. (Mon May 13 06:10:05 2013)
2013-05-01 08 DONE Checked. No new data. (Tue May 14 06:10:05 2013)
2013-05-02 07 DONE Checked. No new data. (Wed May 15 06:10:04 2013)
2013-05-03 08 DONE Checked. No new data. (Thu May 16 06:10:05 2013)
2013-05-04 08 DONE Checked. No new data. (Fri May 17 06:10:06 2013)
2013-05-05 08 DONE Checked. No new data. (Sat May 18 06:10:05 2013)
2013-05-06 08 DONE Checked. No new data. (Sun May 19 06:10:06 2013)
2013-05-07 08 DONE Checked. No new data. (Mon May 20 06:10:05 2013)
2013-05-08 08 DONE Checked. No new data. (Tue May 21 06:10:05 2013)
2013-05-09 07 DONE Checked. No new data. (Wed May 22 06:10:05 2013)
2013-05-10 08 DONE Checked. No new data. (Thu May 23 06:10:06 2013)
2013-05-11 08 DONE Checked. No new data. (Fri May 24 06:10:05 2013)
2013-05-12 08 DONE Checked. No new data. (Sat May 25 06:10:06 2013)
2013-05-13 08 DONE Checked. No new data. (Sun May 26 06:10:05 2013)
2013-05-14 08 DONE Checked. No new data. (Mon May 27 06:10:05 2013)
2013-05-15 08 DONE Checked. No new data. (Tue May 28 06:10:06 2013)
2013-05-16 08 DONE Checked. No new data. (Wed May 29 06:10:05 2013)
2013-05-17 08 DONE Checked. No new data. (Thu May 30 06:10:05 2013)
2013-05-18 07 DONE Checked. No new data. (Fri May 31 06:10:05 2013)
2013-05-19 00 PENDING No data files found. Skip. (Sat Jun  1 06:10:04 2013)
2013-05-20 07 DONE Checked. No new data. (Sun Jun  2 06:10:05 2013)
2013-05-21 08 DONE Checked. No new data. (Mon Jun  3 06:10:05 2013)
2013-05-22 08 DONE Checked. No new data. (Tue Jun  4 06:10:05 2013)
2013-05-23 08 DONE Checked. No new data. (Wed Jun  5 06:10:04 2013)
2013-05-24 08 DONE Checked. No new data. (Thu Jun  6 06:10:05 2013)
2013-05-25 07 DONE Checked. No new data. (Fri Jun  7 06:10:05 2013)
2013-05-26 08 DONE Checked. No new data. (Sat Jun  8 06:10:05 2013)
2013-05-27 08 DONE Checked. No new data. (Sun Jun  9 06:10:06 2013)
2013-05-28 08 DONE Checked. No new data. (Mon Jun 10 06:10:05 2013)
2013-05-29 08 DONE Checked. No new data. (Tue Jun 11 06:10:06 2013)
2013-05-30 08 DONE Checked. No new data. (Wed Jun 12 06:10:06 2013)
2013-05-31 08 DONE Checked. No new data. (Thu Jun 13 06:10:05 2013)
2013-06-01 08 DONE Checked. No new data. (Fri Jun 14 06:10:06 2013)
2013-06-02 08 DONE Checked. No new data. (Sat Jun 15 06:10:06 2013)
2013-06-03 07 DONE Checked. No new data. (Sun Jun 16 06:10:05 2013)
2013-06-04 08 DONE Checked. No new data. (Mon Jun 17 06:10:06 2013)
2013-06-05 08 DONE Checked. No new data. (Tue Jun 18 06:10:05 2013)
2013-06-06 08 DONE Checked. No new data. (Wed Jun 19 06:10:06 2013)
2013-06-07 08 DONE Checked. No new data. (Thu Jun 20 06:10:05 2013)
2013-06-08 08 DONE Checked. No new data. (Fri Jun 21 06:10:05 2013)
2013-06-09 08 DONE Checked. No new data. (Sat Jun 22 06:10:05 2013)
2013-06-10 07 DONE Checked. No new data. (Sun Jun 23 06:10:05 2013)
2013-06-11 08 DONE Checked. No new data. (Mon Jun 24 06:10:06 2013)
2013-06-12 08 DONE Checked. No new data. (Tue Jun 25 06:10:05 2013)
2013-06-13 08 DONE Checked. No new data. (Wed Jun 26 06:10:05 2013)
2013-06-14 08 DONE Checked. No new data. (Thu Jun 27 06:10:06 2013)
2013-06-15 08 DONE Checked. No new data. (Fri Jun 28 06:10:06 2013)
2013-06-16 08 DONE Checked. No new data. (Sat Jun 29 06:10:05 2013)
2013-06-17 08 DONE Checked. No new data. (Sun Jun 30 06:10:05 2013)
2013-06-18 08 DONE Checked. No new data. (Mon Jul  1 06:10:05 2013)
2013-06-19 07 DONE Checked. No new data. (Tue Jul  2 06:10:05 2013)
2013-06-20 00 PENDING No data files found. Skip. (Wed Jul  3 06:10:05 2013)
2013-06-21 07 DONE Checked. No new data. (Thu Jul  4 06:10:05 2013)
2013-06-22 08 DONE Checked. No new data. (Fri Jul  5 06:10:05 2013)
2013-06-23 08 DONE Checked. No new data. (Sat Jul  6 06:10:06 2013)
2013-06-24 08 DONE Checked. No new data. (Sun Jul  7 06:10:05 2013)
2013-06-25 08 DONE Checked. No new data. (Mon Jul  8 06:10:05 2013)
2013-06-26 07 DONE Checked. No new data. (Tue Jul  9 06:10:06 2013)
2013-06-27 08 DONE Checked. No new data. (Wed Jul 10 06:10:05 2013)
2013-06-28 08 DONE Checked. No new data. (Thu Jul 11 06:10:05 2013)
2013-06-29 08 DONE Checked. No new data. (Fri Jul 12 06:10:06 2013)
2013-06-30 08 DONE Checked. No new data. (Sat Jul 13 06:10:05 2013)
2013-07-01 08 DONE Checked. No new data. (Sun Jul 14 06:10:04 2013)
2013-07-02 08 DONE Checked. No new data. (Mon Jul 15 06:10:05 2013)
2013-07-03 08 DONE Checked. No new data. (Tue Jul 16 06:10:06 2013)
2013-07-04 08 DONE Checked. No new data. (Wed Jul 17 06:10:05 2013)
2013-07-05 07 DONE Checked. No new data. (Thu Jul 18 06:10:05 2013)
2013-07-06 08 DONE Checked. No new data. (Fri Jul 19 06:10:06 2013)
2013-07-07 08 DONE Checked. No new data. (Sat Jul 20 06:10:05 2013)
2013-07-08 08 DONE Checked. No new data. (Sun Jul 21 06:10:05 2013)
2013-07-09 08 DONE Checked. No new data. (Mon Jul 22 06:10:04 2013)
2013-07-10 08 DONE Checked. No new data. (Tue Jul 23 06:10:04 2013)
2013-07-11 08 DONE Checked. No new data. (Wed Jul 24 06:10:05 2013)
2013-07-12 07 DONE Checked. No new data. (Thu Jul 25 06:10:05 2013)
2013-07-13 08 DONE Checked. No new data. (Fri Jul 26 06:10:05 2013)
2013-07-14 08 DONE Checked. No new data. (Sat Jul 27 06:10:04 2013)
2013-07-15 08 DONE Checked. No new data. (Sun Jul 28 06:10:05 2013)
2013-07-16 08 DONE Checked. No new data. (Mon Jul 29 06:10:05 2013)
2013-07-17 08 DONE Checked. No new data. (Tue Jul 30 06:10:05 2013)
2013-07-18 08 DONE Checked. No new data. (Wed Jul 31 06:10:04 2013)
2013-07-19 08 DONE Checked. No new data. (Thu Aug  1 06:10:04 2013)
2013-07-20 08 DONE Checked. No new data. (Fri Aug  2 06:10:06 2013)
2013-07-21 07 DONE Checked. No new data. (Sat Aug  3 06:10:05 2013)
2013-07-22 00 PENDING No data files found. Skip. (Sun Aug  4 06:10:04 2013)
2013-07-23 07 DONE Checked. No new data. (Mon Aug  5 06:10:05 2013)
2013-07-24 08 DONE Checked. No new data. (Tue Aug  6 06:10:05 2013)
2013-07-25 08 PENDING No data files found. Skip. (Wed Aug  7 06:10:04 2013)
2013-07-26 08 PENDING No data files found. Skip. (Thu Aug  8 06:10:04 2013)
2013-07-27 08 PENDING No data files found. Skip. (Fri Aug  9 06:10:04 2013)
2013-07-28 07 PENDING No data files found. Skip. (Sat Aug 10 06:10:05 2013)
2013-07-29 08 PENDING No data files found. Skip. (Sun Aug 11 06:10:05 2013)
2013-07-30 08 PENDING No data files found. Skip. (Mon Aug 12 06:10:06 2013)
2013-07-31 08 PENDING No data files found. Skip. (Tue Aug 13 06:10:05 2013)
2013-08-01 08 DONE Checked. No new data. (Wed Aug 14 06:10:05 2013)
2013-08-02 08 DONE Checked. No new data. (Thu Aug 15 06:10:06 2013)
2013-08-03 08 DONE Checked. No new data. (Fri Aug 16 06:10:04 2013)
2013-08-04 08 DONE Checked. No new data. (Sat Aug 17 06:10:05 2013)
2013-08-05 08 DONE Checked. No new data. (Sun Aug 18 06:10:05 2013)
2013-08-06 08 DONE Checked. No new data. (Mon Aug 19 06:10:05 2013)
2013-08-07 08 DONE Checked. No new data. (Tue Aug 20 06:10:06 2013)
2013-08-08 08 DONE Checked. No new data. (Wed Aug 21 06:10:05 2013)
2013-08-09 08 DONE Checked. No new data. (Thu Aug 22 06:10:05 2013)
2013-08-10 08 DONE Checked. No new data. (Fri Aug 23 06:10:05 2013)
2013-08-11 08 DONE Checked. No new data. (Sat Aug 24 06:10:06 2013)
2013-08-12 08 DONE Checked. No new data. (Sun Aug 25 06:10:04 2013)
2013-08-13 07 DONE Checked. No new data. (Mon Aug 26 06:10:04 2013)
2013-08-14 08 DONE Checked. No new data. (Tue Aug 27 06:10:05 2013)
2013-08-15 08 DONE Checked. No new data. (Wed Aug 28 06:10:05 2013)
2013-08-16 08 DONE Checked. No new data. (Thu Aug 29 06:10:12 2013)
