2015-08-19 07 DONE Checked. No new data. (Tue Sep  1 06:10:03 2015)
2015-08-20 08 DONE Checked. No new data. (Wed Sep  2 06:10:02 2015)
2015-08-21 08 DONE Checked. No new data. (Thu Sep  3 06:10:02 2015)
2015-08-22 08 DONE Checked. No new data. (Fri Sep  4 06:10:02 2015)
2015-08-23 08 DONE Checked. No new data. (Sat Sep  5 06:10:02 2015)
2015-08-24 08 DONE Checked. No new data. (Sun Sep  6 06:10:02 2015)
2015-08-25 08 DONE Checked. No new data. (Mon Sep  7 06:10:02 2015)
2015-08-26 08 DONE Checked. No new data. (Tue Sep  8 06:10:03 2015)
2015-08-27 08 DONE Checked. No new data. (Wed Sep  9 06:10:02 2015)
2015-08-28 07 DONE Checked. No new data. (Thu Sep 10 06:10:02 2015)
2015-08-29 00 PENDING No data files found. Skip. (Fri Sep 11 06:10:03 2015)
2015-08-30 07 DONE Checked. No new data. (Sat Sep 12 06:10:03 2015)
2015-08-31 08 DONE Checked. No new data. (Sun Sep 13 06:10:03 2015)
2015-09-01 08 DONE Checked. No new data. (Mon Sep 14 06:10:02 2015)
2015-09-02 08 DONE Checked. No new data. (Tue Sep 15 06:10:02 2015)
2015-09-03 08 DONE Checked. No new data. (Wed Sep 16 06:10:03 2015)
2015-09-04 07 DONE Checked. No new data. (Thu Sep 17 06:10:03 2015)
2015-09-05 08 DONE Checked. No new data. (Fri Sep 18 06:10:02 2015)
2015-09-06 08 DONE Checked. No new data. (Sat Sep 19 06:10:02 2015)
2015-09-07 08 DONE Checked. No new data. (Sun Sep 20 06:10:02 2015)
2015-09-08 08 DONE Checked. No new data. (Mon Sep 21 06:10:01 2015)
2015-09-09 08 DONE Checked. No new data. (Tue Sep 22 06:10:02 2015)
2015-09-10 08 DONE Checked. No new data. (Wed Sep 23 06:10:02 2015)
2015-09-11 08 DONE Checked. No new data. (Thu Sep 24 06:10:02 2015)
2015-09-12 08 DONE Checked. No new data. (Fri Sep 25 06:10:02 2015)
2015-09-13 07 DONE Checked. No new data. (Sat Sep 26 06:10:02 2015)
2015-09-14 08 DONE Checked. No new data. (Sun Sep 27 06:10:02 2015)
2015-09-15 08 DONE Checked. No new data. (Mon Sep 28 06:10:01 2015)
2015-09-16 08 DONE Checked. No new data. (Tue Sep 29 06:10:02 2015)
2015-09-17 08 DONE Checked. No new data. (Wed Sep 30 06:10:03 2015)
2015-09-18 08 DONE Checked. No new data. (Thu Oct  1 06:10:02 2015)
2015-09-19 08 DONE Checked. No new data. (Fri Oct  2 06:10:02 2015)
2015-09-20 07 DONE Checked. No new data. (Sat Oct  3 06:10:02 2015)
2015-09-21 08 DONE Checked. No new data. (Sun Oct  4 06:10:01 2015)
2015-09-22 08 DONE Checked. No new data. (Mon Oct  5 06:10:01 2015)
2015-09-23 09 DONE Checked. No new data. (Tue Oct  6 06:10:02 2015)
2015-09-24 08 DONE Checked. No new data. (Wed Oct  7 06:10:02 2015)
2015-09-25 08 DONE Checked. No new data. (Thu Oct  8 06:10:02 2015)
2015-09-26 08 DONE Checked. No new data. (Fri Oct  9 06:10:02 2015)
2015-09-27 08 DONE Checked. No new data. (Sat Oct 10 06:10:02 2015)
2015-09-28 08 DONE Checked. No new data. (Sun Oct 11 06:10:03 2015)
2015-09-29 10 DONE Checked. No new data. (Mon Oct 12 06:10:01 2015)
2015-09-30 00 PENDING No data files found. Skip. (Tue Oct 13 06:10:02 2015)
2015-10-01 07 DONE Checked. No new data. (Wed Oct 14 06:10:02 2015)
2015-10-02 08 DONE Checked. No new data. (Thu Oct 15 06:10:02 2015)
2015-10-03 08 DONE Checked. No new data. (Fri Oct 16 06:10:02 2015)
2015-10-04 08 DONE Checked. No new data. (Sat Oct 17 06:10:02 2015)
2015-10-05 08 DONE Checked. No new data. (Sun Oct 18 06:10:01 2015)
2015-10-06 07 DONE Checked. No new data. (Mon Oct 19 06:10:02 2015)
2015-10-07 08 DONE Checked. No new data. (Tue Oct 20 06:10:02 2015)
2015-10-08 08 DONE Checked. No new data. (Wed Oct 21 06:10:02 2015)
2015-10-09 08 DONE Checked. No new data. (Thu Oct 22 06:10:02 2015)
2015-10-10 08 DONE Checked. No new data. (Fri Oct 23 06:10:03 2015)
2015-10-11 09 DONE Checked. No new data. (Sat Oct 24 06:10:02 2015)
2015-10-12 09 DONE Checked. No new data. (Sun Oct 25 06:10:02 2015)
2015-10-13 08 DONE Checked. No new data. (Mon Oct 26 06:10:02 2015)
2015-10-14 09 DONE Checked. No new data. (Tue Oct 27 06:10:02 2015)
2015-10-15 08 DONE Checked. No new data. (Wed Oct 28 06:10:02 2015)
2015-10-16 09 DONE Checked. No new data. (Thu Oct 29 06:10:02 2015)
2015-10-17 08 DONE Checked. No new data. (Fri Oct 30 06:10:02 2015)
2015-10-18 08 DONE Checked. No new data. (Sat Oct 31 06:10:03 2015)
2015-10-19 08 DONE Checked. No new data. (Sun Nov  1 06:10:02 2015)
2015-10-20 08 DONE Checked. No new data. (Mon Nov  2 06:10:01 2015)
2015-10-21 08 DONE Checked. No new data. (Tue Nov  3 06:10:02 2015)
2015-10-22 07 DONE Checked. No new data. (Wed Nov  4 06:10:03 2015)
2015-10-23 08 DONE Checked. No new data. (Thu Nov  5 06:10:03 2015)
2015-10-24 08 DONE Checked. No new data. (Fri Nov  6 06:10:02 2015)
2015-10-25 08 DONE Checked. No new data. (Sat Nov  7 06:10:02 2015)
2015-10-26 09 DONE Checked. No new data. (Sun Nov  8 06:10:01 2015)
2015-10-27 09 DONE Checked. No new data. (Mon Nov  9 06:10:01 2015)
2015-10-28 09 DONE Checked. No new data. (Tue Nov 10 06:10:03 2015)
2015-10-29 09 DONE Checked. No new data. (Wed Nov 11 06:10:02 2015)
2015-10-30 09 DONE Checked. No new data. (Thu Nov 12 06:10:02 2015)
2015-10-31 08 DONE Checked. No new data. (Fri Nov 13 06:10:02 2015)
2015-11-01 00 PENDING No data files found. Skip. (Sat Nov 14 06:10:02 2015)
2015-11-02 07 DONE Checked. No new data. (Sat Nov 14 06:10:02 2015)
2015-11-03 08 DONE Checked. No new data. (Sat Nov 14 06:10:02 2015)
2015-11-04 08 DONE Checked. No new data. (Sat Nov 14 06:10:02 2015)
2015-11-05 08 DONE Checked. No new data. (Sat Nov 14 06:10:02 2015)
2015-11-06 08 DONE Checked. No new data. (Sat Nov 14 06:10:03 2015)
2015-11-07 07 DONE Checked. No new data. (Fri Nov 20 14:12:45 2015)
2015-11-08 08 DONE Checked. No new data. (Sat Nov 21 06:10:02 2015)
2015-11-09 08 DONE Checked. No new data. (Sun Nov 22 06:10:02 2015)
2015-11-10 08 DONE Checked. No new data. (Mon Nov 23 06:10:01 2015)
2015-11-11 08 DONE Checked. No new data. (Tue Nov 24 06:10:02 2015)
2015-11-12 10 DONE Checked. No new data. (Wed Nov 25 06:10:02 2015)
2015-11-13 00 PENDING No data files found. Skip. (Thu Nov 26 06:10:02 2015)
2015-11-14 08 DONE Checked. No new data. (Fri Nov 27 06:10:02 2015)
2015-11-15 09 DONE Checked. No new data. (Sat Nov 28 06:10:02 2015)
2015-11-16 08 DONE Checked. No new data. (Sun Nov 29 06:10:01 2015)
2015-11-17 10 DONE Checked. No new data. (Mon Nov 30 06:10:01 2015)
2015-11-18 09 DONE Checked. No new data. (Tue Dec  1 06:10:02 2015)
2015-11-19 09 DONE Checked. No new data. (Wed Dec  2 06:10:02 2015)
2015-11-20 08 DONE Checked. No new data. (Thu Dec  3 06:10:02 2015)
2015-11-21 08 DONE Checked. No new data. (Fri Dec  4 06:10:02 2015)
2015-11-22 08 DONE Checked. No new data. (Sat Dec  5 06:10:02 2015)
2015-11-23 07 DONE Checked. No new data. (Sun Dec  6 06:10:01 2015)
2015-11-24 08 DONE Checked. No new data. (Mon Dec  7 06:10:02 2015)
2015-11-25 08 DONE Checked. No new data. (Tue Dec  8 06:10:02 2015)
2015-11-26 08 DONE Checked. No new data. (Wed Dec  9 06:10:02 2015)
2015-11-27 09 DONE Checked. No new data. (Thu Dec 10 06:10:03 2015)
2015-11-28 09 DONE Checked. No new data. (Fri Dec 11 06:10:02 2015)
2015-11-29 09 DONE Checked. No new data. (Sat Dec 12 06:10:02 2015)
2015-11-30 09 DONE Checked. No new data. (Sun Dec 13 06:10:02 2015)
2015-12-01 09 DONE Checked. No new data. (Mon Dec 14 06:10:01 2015)
2015-12-02 08 DONE Checked. No new data. (Tue Dec 15 06:10:02 2015)
2015-12-03 00 PENDING No data files found. Skip. (Wed Dec 16 06:10:02 2015)
2015-12-04 07 DONE Checked. No new data. (Thu Dec 17 06:10:02 2015)
2015-12-05 08 DONE Checked. No new data. (Fri Dec 18 06:10:03 2015)
2015-12-06 08 DONE Checked. No new data. (Sat Dec 19 06:10:03 2015)
2015-12-07 08 DONE Checked. No new data. (Sun Dec 20 06:10:01 2015)
2015-12-08 09 DONE Checked. No new data. (Mon Dec 21 06:10:01 2015)
2015-12-09 07 DONE Checked. No new data. (Tue Dec 22 06:10:02 2015)
2015-12-10 08 DONE Checked. No new data. (Wed Dec 23 06:10:02 2015)
2015-12-11 08 DONE Checked. No new data. (Thu Dec 24 06:10:03 2015)
2015-12-12 08 DONE Checked. No new data. (Fri Dec 25 06:10:02 2015)
2015-12-13 08 DONE Checked. No new data. (Sat Dec 26 06:10:02 2015)
2015-12-14 09 DONE Checked. No new data. (Sun Dec 27 06:10:02 2015)
2015-12-15 09 DONE Checked. No new data. (Mon Dec 28 06:10:01 2015)
2015-12-16 08 DONE Checked. No new data. (Tue Dec 29 06:10:03 2015)
2015-12-17 09 DONE Checked. No new data. (Wed Dec 30 06:10:02 2015)
2015-12-18 08 DONE Checked. No new data. (Thu Dec 31 06:10:02 2015)
2015-12-19 09 DONE Checked. No new data. (Fri Jan  1 06:10:02 2016)
2015-12-20 09 DONE Checked. No new data. (Sat Jan  2 06:10:02 2016)
2015-12-21 09 DONE Checked. No new data. (Sun Jan  3 06:10:02 2016)
2015-12-22 08 DONE Checked. No new data. (Mon Jan  4 06:10:02 2016)
2015-12-23 08 DONE Checked. No new data. (Tue Jan  5 06:10:02 2016)
2015-12-24 08 DONE Checked. No new data. (Wed Jan  6 06:10:02 2016)
2015-12-25 07 DONE Checked. No new data. (Thu Jan  7 06:10:03 2016)
2015-12-26 08 DONE Checked. No new data. (Fri Jan  8 06:10:02 2016)
2015-12-27 16 DONE Processed OK. (Sat Jan  9 06:13:07 2016)
2015-12-28 16 DONE Checked. No new data. (Sun Jan 10 06:10:02 2016)
2015-12-29 18 DONE Checked. No new data. (Mon Jan 11 06:10:03 2016)
2015-12-30 18 DONE Checked. No new data. (Tue Jan 12 06:10:02 2016)
2015-12-31 19 DONE Checked. No new data. (Wed Jan 13 06:10:03 2016)
2016-01-01 18 DONE Checked. No new data. (Thu Jan 14 06:10:03 2016)
2016-01-02 18 DONE Checked. No new data. (Fri Jan 15 06:10:03 2016)
2016-01-03 16 DONE Checked. No new data. (Sat Jan 16 06:10:03 2016)
2016-01-04 00 PENDING No data files found. Skip. (Sun Jan 17 06:10:02 2016)
2016-01-05 14 DONE Checked. No new data. (Mon Jan 18 06:10:01 2016)
2016-01-06 13 DONE Checked. No new data. (Tue Jan 19 06:10:02 2016)
2016-01-07 08 DONE Checked. No new data. (Wed Jan 20 06:10:03 2016)
2016-01-08 08 DONE Checked. No new data. (Thu Jan 21 06:10:02 2016)
2016-01-09 08 DONE Checked. No new data. (Fri Jan 22 06:10:02 2016)
2016-01-10 07 DONE Checked. No new data. (Sat Jan 23 06:10:03 2016)
2016-01-11 08 DONE Checked. No new data. (Sun Jan 24 06:10:02 2016)
2016-01-12 08 DONE Checked. No new data. (Mon Jan 25 06:10:02 2016)
2016-01-13 08 DONE Checked. No new data. (Tue Jan 26 06:10:03 2016)
2016-01-14 08 DONE Checked. No new data. (Wed Jan 27 06:10:02 2016)
2016-01-15 09 DONE Checked. No new data. (Thu Jan 28 06:10:02 2016)
2016-01-16 09 DONE Checked. No new data. (Fri Jan 29 06:10:02 2016)
2016-01-17 08 DONE Checked. No new data. (Sat Jan 30 06:10:02 2016)
2016-01-18 09 DONE Checked. No new data. (Sun Jan 31 06:10:02 2016)
2016-01-19 08 DONE Checked. No new data. (Mon Feb  1 06:10:01 2016)
2016-01-20 09 DONE Checked. No new data. (Tue Feb  2 06:10:02 2016)
2016-01-21 09 DONE Checked. No new data. (Wed Feb  3 06:10:02 2016)
2016-01-22 09 DONE Checked. No new data. (Thu Feb  4 06:10:02 2016)
2016-01-23 08 DONE Checked. No new data. (Fri Feb  5 06:10:02 2016)
2016-01-24 08 DONE Checked. No new data. (Sat Feb  6 06:10:02 2016)
2016-01-25 08 DONE Checked. No new data. (Sun Feb  7 06:10:01 2016)
2016-01-26 07 DONE Checked. No new data. (Mon Feb  8 06:10:01 2016)
2016-01-27 08 DONE Checked. No new data. (Tue Feb  9 06:10:02 2016)
2016-01-28 08 DONE Checked. No new data. (Wed Feb 10 06:10:02 2016)
2016-01-29 08 DONE Checked. No new data. (Thu Feb 11 06:10:02 2016)
2016-01-30 09 DONE Checked. No new data. (Fri Feb 12 06:10:02 2016)
2016-01-31 09 DONE Checked. No new data. (Sat Feb 13 06:10:02 2016)
2016-02-01 09 DONE Checked. No new data. (Sun Feb 14 06:10:02 2016)
2016-02-02 09 DONE Checked. No new data. (Mon Feb 15 06:10:02 2016)
2016-02-03 09 DONE Checked. No new data. (Tue Feb 16 06:10:02 2016)
2016-02-04 08 DONE Checked. No new data. (Wed Feb 17 06:10:02 2016)
2016-02-05 00 PENDING No data files found. Skip. (Thu Feb 18 06:10:02 2016)
2016-02-06 07 DONE Checked. No new data. (Fri Feb 19 06:10:03 2016)
2016-02-07 08 DONE Checked. No new data. (Sat Feb 20 06:10:02 2016)
2016-02-08 08 DONE Checked. No new data. (Sun Feb 21 06:10:01 2016)
2016-02-09 08 DONE Checked. No new data. (Mon Feb 22 06:10:02 2016)
2016-02-10 08 DONE Checked. No new data. (Tue Feb 23 06:10:03 2016)
2016-02-11 09 DONE Checked. No new data. (Wed Feb 24 06:10:02 2016)
2016-02-12 08 DONE Checked. No new data. (Thu Feb 25 06:10:02 2016)
2016-02-13 08 DONE Checked. No new data. (Fri Feb 26 06:10:02 2016)
2016-02-14 08 DONE Checked. No new data. (Sat Feb 27 06:10:02 2016)
2016-02-15 08 DONE Checked. No new data. (Sun Feb 28 06:10:01 2016)
2016-02-16 09 DONE Checked. No new data. (Mon Feb 29 06:10:02 2016)
2016-02-17 09 DONE Checked. No new data. (Tue Mar  1 06:10:02 2016)
2016-02-18 08 DONE Checked. No new data. (Wed Mar  2 06:10:03 2016)
2016-02-19 09 DONE Checked. No new data. (Thu Mar  3 06:10:02 2016)
2016-02-20 08 DONE Checked. No new data. (Fri Mar  4 06:10:02 2016)
2016-02-21 09 DONE Checked. No new data. (Sat Mar  5 06:10:02 2016)
2016-02-22 09 DONE Checked. No new data. (Sun Mar  6 06:10:02 2016)
2016-02-23 08 DONE Checked. No new data. (Mon Mar  7 06:10:02 2016)
2016-02-24 08 DONE Checked. No new data. (Tue Mar  8 06:10:03 2016)
2016-02-25 08 DONE Checked. No new data. (Wed Mar  9 06:10:02 2016)
2016-02-26 08 DONE Checked. No new data. (Thu Mar 10 06:10:02 2016)
2016-02-27 07 DONE Checked. No new data. (Fri Mar 11 06:10:03 2016)
2016-02-28 08 DONE Checked. No new data. (Sat Mar 12 06:10:02 2016)
2016-02-29 08 DONE Checked. No new data. (Sun Mar 13 06:10:01 2016)
2016-03-01 08 DONE Checked. No new data. (Mon Mar 14 06:10:01 2016)
2016-03-02 09 DONE Checked. No new data. (Tue Mar 15 06:10:02 2016)
2016-03-03 09 DONE Checked. No new data. (Wed Mar 16 06:10:03 2016)
2016-03-04 09 DONE Checked. No new data. (Thu Mar 17 06:10:02 2016)
2016-03-05 08 DONE Checked. No new data. (Fri Mar 18 06:10:02 2016)
2016-03-06 08 DONE Checked. No new data. (Sat Mar 19 06:10:02 2016)
2016-03-07 07 DONE Checked. No new data. (Sun Mar 20 06:10:02 2016)
2016-03-08 00 PENDING No data files found. Skip. (Mon Mar 21 06:10:01 2016)
2016-03-09 07 DONE Checked. No new data. (Tue Mar 22 06:10:03 2016)
2016-03-10 08 DONE Checked. No new data. (Wed Mar 23 06:10:03 2016)
2016-03-11 08 DONE Checked. No new data. (Thu Mar 24 06:10:02 2016)
2016-03-12 08 DONE Checked. No new data. (Fri Mar 25 06:10:02 2016)
2016-03-13 08 DONE Checked. No new data. (Sat Mar 26 06:10:02 2016)
2016-03-14 07 DONE Checked. No new data. (Sun Mar 27 06:10:02 2016)
2016-03-15 08 DONE Checked. No new data. (Mon Mar 28 06:10:01 2016)
2016-03-16 08 DONE Checked. No new data. (Tue Mar 29 06:10:02 2016)
2016-03-17 08 DONE Checked. No new data. (Wed Mar 30 06:10:02 2016)
2016-03-18 08 DONE Checked. No new data. (Thu Mar 31 06:10:02 2016)
2016-03-19 08 DONE Checked. No new data. (Fri Apr  1 06:10:03 2016)
2016-03-20 08 DONE Checked. No new data. (Sat Apr  2 06:10:02 2016)
2016-03-21 08 DONE Checked. No new data. (Sun Apr  3 06:10:02 2016)
2016-03-22 08 DONE Checked. No new data. (Mon Apr  4 06:10:02 2016)
2016-03-23 07 DONE Checked. No new data. (Tue Apr  5 06:10:02 2016)
2016-03-24 08 DONE Checked. No new data. (Wed Apr  6 06:10:02 2016)
2016-03-25 08 DONE Checked. No new data. (Thu Apr  7 06:10:02 2016)
2016-03-26 08 DONE Checked. No new data. (Fri Apr  8 06:10:02 2016)
2016-03-27 08 DONE Checked. No new data. (Sat Apr  9 06:10:02 2016)
2016-03-28 08 DONE Checked. No new data. (Sun Apr 10 06:10:02 2016)
2016-03-29 08 DONE Checked. No new data. (Mon Apr 11 06:10:01 2016)
2016-03-30 07 DONE Checked. No new data. (Tue Apr 12 06:10:03 2016)
2016-03-31 08 DONE Checked. No new data. (Wed Apr 13 06:10:02 2016)
2016-04-01 08 DONE Checked. No new data. (Thu Apr 14 06:10:02 2016)
2016-04-02 08 DONE Checked. No new data. (Fri Apr 15 06:10:03 2016)
2016-04-03 08 DONE Checked. No new data. (Sat Apr 16 06:10:03 2016)
2016-04-04 08 DONE Checked. No new data. (Sun Apr 17 06:10:02 2016)
2016-04-05 08 DONE Checked. No new data. (Mon Apr 18 06:10:02 2016)
2016-04-06 08 DONE Checked. No new data. (Tue Apr 19 06:10:02 2016)
2016-04-07 08 DONE Checked. No new data. (Wed Apr 20 06:10:02 2016)
2016-04-08 07 DONE Checked. No new data. (Thu Apr 21 06:10:03 2016)
2016-04-09 00 PENDING No data files found. Skip. (Fri Apr 22 06:10:03 2016)
2016-04-10 07 DONE Checked. No new data. (Sat Apr 23 06:10:03 2016)
2016-04-11 08 DONE Checked. No new data. (Sun Apr 24 06:10:03 2016)
2016-04-12 08 DONE Checked. No new data. (Mon Apr 25 06:10:02 2016)
2016-04-13 08 DONE Checked. No new data. (Tue Apr 26 06:10:02 2016)
2016-04-14 08 DONE Checked. No new data. (Wed Apr 27 06:10:03 2016)
2016-04-15 07 DONE Checked. No new data. (Thu Apr 28 06:10:02 2016)
2016-04-16 08 DONE Checked. No new data. (Fri Apr 29 06:10:03 2016)
2016-04-17 08 DONE Checked. No new data. (Sat Apr 30 06:10:03 2016)
2016-04-18 08 DONE Checked. No new data. (Sun May  1 06:10:02 2016)
2016-04-19 08 DONE Checked. No new data. (Mon May  2 06:10:02 2016)
2016-04-20 08 DONE Checked. No new data. (Tue May  3 06:10:02 2016)
2016-04-21 08 DONE Checked. No new data. (Wed May  4 06:10:02 2016)
2016-04-22 08 DONE Checked. No new data. (Thu May  5 06:10:02 2016)
2016-04-23 08 DONE Checked. No new data. (Fri May  6 06:10:03 2016)
2016-04-24 07 DONE Checked. No new data. (Sat May  7 06:10:02 2016)
2016-04-25 08 DONE Checked. No new data. (Sun May  8 06:10:01 2016)
2016-04-26 08 DONE Checked. No new data. (Mon May  9 06:10:02 2016)
2016-04-27 08 DONE Checked. No new data. (Tue May 10 06:10:02 2016)
2016-04-28 08 DONE Checked. No new data. (Wed May 11 06:10:02 2016)
2016-04-29 08 DONE Checked. No new data. (Thu May 12 06:10:03 2016)
2016-04-30 08 DONE Checked. No new data. (Fri May 13 06:10:02 2016)
2016-05-01 07 DONE Checked. No new data. (Sat May 14 06:10:03 2016)
2016-05-02 08 DONE Checked. No new data. (Sun May 15 06:10:02 2016)
2016-05-03 08 DONE Checked. No new data. (Mon May 16 06:10:03 2016)
2016-05-04 08 DONE Checked. No new data. (Tue May 17 06:10:02 2016)
2016-05-05 08 DONE Checked. No new data. (Wed May 18 06:10:03 2016)
2016-05-06 08 DONE Checked. No new data. (Thu May 19 06:10:02 2016)
2016-05-07 08 DONE Checked. No new data. (Fri May 20 06:10:02 2016)
2016-05-08 08 DONE Checked. No new data. (Sat May 21 06:10:02 2016)
2016-05-09 08 DONE Checked. No new data. (Sun May 22 06:10:01 2016)
2016-05-10 07 DONE Checked. No new data. (Mon May 23 06:10:02 2016)
2016-05-11 00 PENDING No data files found. Skip. (Tue May 24 06:10:02 2016)
2016-05-12 07 DONE Checked. No new data. (Wed May 25 06:10:02 2016)
2016-05-13 08 DONE Checked. No new data. (Thu May 26 06:10:03 2016)
2016-05-14 08 DONE Checked. No new data. (Fri May 27 06:10:02 2016)
2016-05-15 08 DONE Checked. No new data. (Sat May 28 06:10:02 2016)
2016-05-16 08 DONE Checked. No new data. (Sun May 29 06:10:02 2016)
2016-05-17 07 DONE Checked. No new data. (Mon May 30 06:10:02 2016)
2016-05-18 08 DONE Checked. No new data. (Tue May 31 06:10:03 2016)
2016-05-19 08 DONE Checked. No new data. (Wed Jun  1 06:10:02 2016)
2016-05-20 08 DONE Checked. No new data. (Thu Jun  2 06:10:03 2016)
2016-05-21 08 DONE Checked. No new data. (Fri Jun  3 06:10:03 2016)
2016-05-22 08 DONE Checked. No new data. (Sat Jun  4 06:10:03 2016)
2016-05-23 08 DONE Checked. No new data. (Sun Jun  5 14:17:53 2016)
2016-05-24 08 DONE Checked. No new data. (Mon Jun  6 06:10:03 2016)
2016-05-25 08 DONE Checked. No new data. (Tue Jun  7 06:10:02 2016)
2016-05-26 07 DONE Checked. No new data. (Wed Jun  8 06:10:03 2016)
2016-05-27 08 DONE Checked. No new data. (Thu Jun  9 06:10:02 2016)
2016-05-28 08 DONE Checked. No new data. (Fri Jun 10 06:10:02 2016)
2016-05-29 08 DONE Checked. No new data. (Sat Jun 11 06:10:02 2016)
2016-05-30 01 DONE Checked. No new data. (Sun Jun 12 06:10:02 2016)
2016-05-31 00 PENDING No data files found. Skip. (Mon Jun 13 06:10:02 2016)
2016-06-01 00 PENDING No data files found. Skip. (Tue Jun 14 06:10:02 2016)
2016-06-02 00 PENDING No data files found. Skip. (Wed Jun 15 06:10:03 2016)
2016-06-03 00 PENDING No data files found. Skip. (Thu Jun 16 06:10:02 2016)
2016-06-04 00 PENDING No data files found. Skip. (Fri Jun 17 06:10:03 2016)
2016-06-05 00 PENDING No data files found. Skip. (Sat Jun 18 06:10:02 2016)
2016-06-06 00 PENDING No data files found. Skip. (Sun Jun 19 06:10:02 2016)
2016-06-07 00 PENDING No data files found. Skip. (Mon Jun 20 06:10:01 2016)
2016-06-08 00 PENDING No data files found. Skip. (Tue Jun 21 06:10:02 2016)
2016-06-09 00 PENDING No data files found. Skip. (Wed Jun 22 06:10:04 2016)
2016-06-10 04 DONE Checked. No new data. (Thu Jun 23 06:10:02 2016)
2016-06-11 00 PENDING No data files found. Skip. (Fri Jun 24 06:10:03 2016)
2016-06-12 00 PENDING No data files found. Skip. (Sat Jun 25 06:10:02 2016)
2016-06-13 00 PENDING No data files found. Skip. (Sun Jun 26 06:10:02 2016)
2016-06-14 08 DONE Checked. No new data. (Mon Jun 27 06:10:01 2016)
2016-06-15 16 DONE Checked. No new data. (Tue Jun 28 06:10:02 2016)
2016-06-16 16 DONE Checked. No new data. (Wed Jun 29 06:10:03 2016)
2016-06-17 16 DONE Checked. No new data. (Thu Jun 30 06:10:03 2016)
2016-06-18 14 DONE Checked. No new data. (Fri Jul  1 06:10:02 2016)
2016-06-19 16 DONE Checked. No new data. (Sat Jul  2 06:10:03 2016)
2016-06-20 16 DONE Checked. No new data. (Sun Jul  3 06:10:02 2016)
2016-06-21 16 DONE Checked. No new data. (Mon Jul  4 06:10:01 2016)
2016-06-22 00 PENDING No data files found. Skip. (Tue Jul  5 06:10:02 2016)
2016-06-23 01 DONE Checked. No new data. (Wed Jul  6 06:10:02 2016)
2016-06-24 08 DONE Checked. No new data. (Thu Jul  7 06:10:03 2016)
2016-06-25 08 DONE Checked. No new data. (Fri Jul  8 06:10:03 2016)
2016-06-26 08 DONE Checked. No new data. (Sat Jul  9 06:10:03 2016)
2016-06-27 07 DONE Checked. No new data. (Sun Jul 10 06:10:02 2016)
2016-06-28 08 DONE Checked. No new data. (Mon Jul 11 06:10:02 2016)
2016-06-29 08 DONE Checked. No new data. (Tue Jul 12 06:10:03 2016)
2016-06-30 08 DONE Checked. No new data. (Wed Jul 13 06:10:03 2016)
2016-07-01 08 DONE Checked. No new data. (Thu Jul 14 06:10:02 2016)
2016-07-02 09 DONE Checked. No new data. (Fri Jul 15 06:10:03 2016)
2016-07-03 08 DONE Checked. No new data. (Sat Jul 16 06:10:03 2016)
2016-07-04 07 DONE Checked. No new data. (Sun Jul 17 06:10:02 2016)
2016-07-05 08 DONE Checked. No new data. (Mon Jul 18 06:10:01 2016)
2016-07-06 08 DONE Checked. No new data. (Tue Jul 19 06:10:03 2016)
2016-07-07 08 DONE Checked. No new data. (Wed Jul 20 06:10:02 2016)
2016-07-08 08 DONE Checked. No new data. (Thu Jul 21 06:10:03 2016)
2016-07-09 08 DONE Checked. No new data. (Fri Jul 22 06:10:03 2016)
2016-07-10 08 DONE Checked. No new data. (Sat Jul 23 06:10:02 2016)
2016-07-11 08 DONE Checked. No new data. (Sun Jul 24 06:10:02 2016)
2016-07-12 08 DONE Checked. No new data. (Mon Jul 25 06:10:02 2016)
2016-07-13 07 DONE Checked. No new data. (Tue Jul 26 06:10:02 2016)
2016-07-14 00 PENDING No data files found. Skip. (Wed Jul 27 06:10:02 2016)
2016-07-15 07 DONE Checked. No new data. (Thu Jul 28 06:10:03 2016)
2016-07-16 08 DONE Checked. No new data. (Fri Jul 29 06:10:03 2016)
2016-07-17 08 DONE Checked. No new data. (Sat Jul 30 06:10:03 2016)
2016-07-18 08 DONE Checked. No new data. (Sun Jul 31 06:10:03 2016)
2016-07-19 08 DONE Checked. No new data. (Mon Aug  1 06:10:02 2016)
2016-07-20 07 DONE Checked. No new data. (Tue Aug  2 06:10:03 2016)
2016-07-21 08 DONE Checked. No new data. (Wed Aug  3 06:10:03 2016)
2016-07-22 08 DONE Checked. No new data. (Thu Aug  4 06:10:02 2016)
2016-07-23 08 DONE Checked. No new data. (Fri Aug  5 06:10:02 2016)
2016-07-24 08 DONE Checked. No new data. (Sat Aug  6 06:10:03 2016)
2016-07-25 08 DONE Checked. No new data. (Sun Aug  7 06:10:02 2016)
2016-07-26 08 DONE Checked. No new data. (Mon Aug  8 06:10:01 2016)
2016-07-27 08 DONE Checked. No new data. (Tue Aug  9 06:10:03 2016)
2016-07-28 08 DONE Checked. No new data. (Wed Aug 10 06:10:02 2016)
2016-07-29 09 DONE Checked. No new data. (Thu Aug 11 06:10:02 2016)
2016-07-30 08 DONE Checked. No new data. (Fri Aug 12 06:10:03 2016)
2016-07-31 08 DONE Checked. No new data. (Sat Aug 13 06:10:03 2016)
2016-08-01 08 DONE Checked. No new data. (Sun Aug 14 06:10:02 2016)
2016-08-02 08 DONE Checked. No new data. (Mon Aug 15 06:10:02 2016)
2016-08-03 08 DONE Checked. No new data. (Tue Aug 16 06:10:03 2016)
2016-08-04 08 DONE Checked. No new data. (Wed Aug 17 06:10:02 2016)
2016-08-05 07 DONE Checked. No new data. (Thu Aug 18 06:10:03 2016)
2016-08-06 08 DONE Checked. No new data. (Fri Aug 19 06:10:03 2016)
2016-08-07 08 DONE Checked. No new data. (Sat Aug 20 06:10:03 2016)
2016-08-08 08 DONE Checked. No new data. (Sun Aug 21 06:10:03 2016)
2016-08-09 08 DONE Checked. No new data. (Mon Aug 22 06:10:02 2016)
2016-08-10 08 DONE Checked. No new data. (Tue Aug 23 06:10:03 2016)
2016-08-11 08 DONE Checked. No new data. (Wed Aug 24 06:10:03 2016)
2016-08-12 08 DONE Checked. No new data. (Thu Aug 25 06:10:03 2016)
2016-08-13 08 DONE Checked. No new data. (Fri Aug 26 06:10:03 2016)
2016-08-14 07 DONE Checked. No new data. (Sat Aug 27 06:10:02 2016)
2016-08-15 00 PENDING No data files found. Skip. (Sun Aug 28 06:10:02 2016)
2016-08-16 07 DONE Checked. No new data. (Mon Aug 29 06:10:01 2016)
2016-08-17 08 DONE Checked. No new data. (Tue Aug 30 06:10:03 2016)
2016-08-18 08 DONE Checked. No new data. (Wed Aug 31 06:10:03 2016)
