2014-08-18 08 DONE Checked. No new data. (Sun Aug 31 06:10:03 2014)
2014-08-19 08 DONE Checked. No new data. (Mon Sep  1 06:10:02 2014)
2014-08-20 08 DONE Checked. No new data. (Tue Sep  2 06:10:04 2014)
2014-08-21 08 DONE Checked. No new data. (Wed Sep  3 06:10:03 2014)
2014-08-22 08 DONE Checked. No new data. (Thu Sep  4 06:10:04 2014)
2014-08-23 08 DONE Checked. No new data. (Fri Sep  5 06:10:04 2014)
2014-08-24 08 DONE Checked. No new data. (Sat Sep  6 06:10:03 2014)
2014-08-25 07 DONE Checked. No new data. (Sun Sep  7 06:10:02 2014)
2014-08-26 08 DONE Checked. No new data. (Mon Sep  8 06:10:02 2014)
2014-08-27 08 DONE Checked. No new data. (Tue Sep  9 06:10:02 2014)
2014-08-28 08 DONE Checked. No new data. (Wed Sep 10 06:10:03 2014)
2014-08-29 08 DONE Checked. No new data. (Thu Sep 11 06:10:03 2014)
2014-08-30 08 DONE Checked. No new data. (Fri Sep 12 06:10:03 2014)
2014-08-31 08 DONE Checked. No new data. (Sat Sep 13 06:10:02 2014)
2014-09-01 07 DONE Checked. No new data. (Sun Sep 14 06:10:03 2014)
2014-09-02 08 DONE Checked. No new data. (Mon Sep 15 06:10:02 2014)
2014-09-03 08 DONE Checked. No new data. (Tue Sep 16 06:10:04 2014)
2014-09-04 08 DONE Checked. No new data. (Wed Sep 17 06:10:03 2014)
2014-09-05 08 DONE Checked. No new data. (Thu Sep 18 06:10:03 2014)
2014-09-06 08 DONE Checked. No new data. (Fri Sep 19 06:10:04 2014)
2014-09-07 08 DONE Checked. No new data. (Sat Sep 20 06:10:02 2014)
2014-09-08 08 DONE Checked. No new data. (Sun Sep 21 06:10:02 2014)
2014-09-09 08 DONE Checked. No new data. (Mon Sep 22 06:10:01 2014)
2014-09-10 07 DONE Checked. No new data. (Tue Sep 23 06:10:04 2014)
2014-09-11 00 PENDING No data files found. Skip. (Wed Sep 24 06:10:03 2014)
2014-09-12 07 DONE Checked. No new data. (Thu Sep 25 06:10:04 2014)
2014-09-13 08 DONE Checked. No new data. (Fri Sep 26 06:10:04 2014)
2014-09-14 16 DONE Processed OK. (Sat Sep 27 06:13:32 2014)
2014-09-15 16 DONE Checked. No new data. (Sun Sep 28 06:10:02 2014)
2014-09-16 16 DONE Checked. No new data. (Mon Sep 29 06:10:01 2014)
2014-09-17 14 DONE Checked. No new data. (Tue Sep 30 06:10:02 2014)
2014-09-18 16 DONE Checked. No new data. (Wed Oct  1 06:10:02 2014)
2014-09-19 08 DONE Checked. No new data. (Thu Oct  2 06:10:02 2014)
2014-09-20 08 DONE Checked. No new data. (Fri Oct  3 06:10:05 2014)
2014-09-21 08 DONE Checked. No new data. (Sat Oct  4 06:10:03 2014)
2014-09-22 08 DONE Checked. No new data. (Sun Oct  5 06:10:02 2014)
2014-09-23 08 DONE Checked. No new data. (Mon Oct  6 06:10:01 2014)
2014-09-24 08 DONE Checked. No new data. (Tue Oct  7 06:10:03 2014)
2014-09-25 08 DONE Checked. No new data. (Wed Oct  8 06:10:03 2014)
2014-09-26 07 DONE Checked. No new data. (Thu Oct  9 06:10:03 2014)
2014-09-27 08 DONE Checked. No new data. (Fri Oct 10 06:10:04 2014)
2014-09-28 08 DONE Checked. No new data. (Sat Oct 11 06:10:02 2014)
2014-09-29 08 DONE Checked. No new data. (Sun Oct 12 06:10:02 2014)
2014-09-30 08 DONE Checked. No new data. (Mon Oct 13 06:10:02 2014)
2014-10-01 08 DONE Checked. No new data. (Tue Oct 14 06:10:02 2014)
2014-10-02 08 DONE Checked. No new data. (Wed Oct 15 06:10:02 2014)
2014-10-03 07 DONE Checked. No new data. (Thu Oct 16 06:10:02 2014)
2014-10-04 08 DONE Checked. No new data. (Fri Oct 17 06:10:02 2014)
2014-10-05 08 DONE Checked. No new data. (Sat Oct 18 06:10:03 2014)
2014-10-06 08 DONE Checked. No new data. (Sun Oct 19 06:10:03 2014)
2014-10-07 08 DONE Checked. No new data. (Mon Oct 20 06:10:03 2014)
2014-10-08 08 DONE Checked. No new data. (Tue Oct 21 06:10:04 2014)
2014-10-09 08 DONE Checked. No new data. (Wed Oct 22 06:10:02 2014)
2014-10-10 09 DONE Checked. No new data. (Thu Oct 23 06:10:04 2014)
2014-10-11 09 DONE Checked. No new data. (Fri Oct 24 06:10:02 2014)
2014-10-12 08 DONE Checked. No new data. (Sat Oct 25 06:10:02 2014)
2014-10-13 00 PENDING No data files found. Skip. (Sun Oct 26 06:10:02 2014)
2014-10-14 07 DONE Checked. No new data. (Mon Oct 27 06:10:01 2014)
2014-10-15 08 DONE Checked. No new data. (Tue Oct 28 06:10:03 2014)
2014-10-16 08 DONE Checked. No new data. (Wed Oct 29 06:10:04 2014)
2014-10-17 08 DONE Checked. No new data. (Thu Oct 30 06:10:02 2014)
2014-10-18 08 DONE Checked. No new data. (Fri Oct 31 06:10:04 2014)
2014-10-19 07 DONE Checked. No new data. (Sat Nov  1 06:10:02 2014)
2014-10-20 08 DONE Checked. No new data. (Sun Nov  2 06:10:02 2014)
2014-10-21 08 DONE Checked. No new data. (Mon Nov  3 06:10:01 2014)
2014-10-22 08 DONE Checked. No new data. (Tue Nov  4 06:10:02 2014)
2014-10-23 08 DONE Checked. No new data. (Wed Nov  5 06:10:03 2014)
2014-10-24 09 DONE Checked. No new data. (Thu Nov  6 06:10:03 2014)
2014-10-25 09 DONE Checked. No new data. (Fri Nov  7 06:10:03 2014)
2014-10-26 08 DONE Checked. No new data. (Sat Nov  8 06:10:02 2014)
2014-10-27 09 DONE Checked. No new data. (Sun Nov  9 06:10:03 2014)
2014-10-28 08 DONE Checked. No new data. (Mon Nov 10 06:10:02 2014)
2014-10-29 09 DONE Checked. No new data. (Tue Nov 11 06:10:04 2014)
2014-10-30 09 DONE Checked. No new data. (Wed Nov 12 06:10:04 2014)
2014-10-31 09 DONE Checked. No new data. (Thu Nov 13 06:10:03 2014)
2014-11-01 08 DONE Checked. No new data. (Fri Nov 14 06:10:05 2014)
2014-11-02 08 DONE Checked. No new data. (Sat Nov 15 06:10:03 2014)
2014-11-03 08 DONE Checked. No new data. (Sun Nov 16 06:10:03 2014)
2014-11-04 07 DONE Checked. No new data. (Mon Nov 17 06:10:02 2014)
2014-11-05 08 DONE Checked. No new data. (Tue Nov 18 06:10:04 2014)
2014-11-06 08 DONE Checked. No new data. (Wed Nov 19 06:10:04 2014)
2014-11-07 08 DONE Checked. No new data. (Thu Nov 20 06:10:03 2014)
2014-11-08 09 DONE Checked. No new data. (Fri Nov 21 06:10:04 2014)
2014-11-09 09 DONE Checked. No new data. (Sat Nov 22 06:10:02 2014)
2014-11-10 09 DONE Checked. No new data. (Sun Nov 23 06:10:03 2014)
2014-11-11 10 DONE Checked. No new data. (Mon Nov 24 06:10:02 2014)
2014-11-12 09 DONE Checked. No new data. (Tue Nov 25 06:10:03 2014)
2014-11-13 08 DONE Checked. No new data. (Wed Nov 26 06:10:02 2014)
2014-11-14 00 PENDING No data files found. Skip. (Thu Nov 27 06:10:02 2014)
2014-11-15 07 DONE Checked. No new data. (Fri Nov 28 06:10:02 2014)
2014-11-16 08 DONE Checked. No new data. (Sat Nov 29 06:10:02 2014)
2014-11-17 08 DONE Checked. No new data. (Sun Nov 30 06:10:02 2014)
2014-11-18 08 DONE Checked. No new data. (Mon Dec  1 06:10:02 2014)
2014-11-19 08 DONE Checked. No new data. (Tue Dec  2 06:10:03 2014)
2014-11-20 07 DONE Checked. No new data. (Wed Dec  3 06:10:02 2014)
2014-11-21 08 DONE Checked. No new data. (Thu Dec  4 06:10:02 2014)
2014-11-22 08 DONE Checked. No new data. (Fri Dec  5 06:10:02 2014)
2014-11-23 08 DONE Checked. No new data. (Sat Dec  6 06:10:02 2014)
2014-11-24 08 DONE Checked. No new data. (Sun Dec  7 06:10:02 2014)
2014-11-25 09 DONE Checked. No new data. (Mon Dec  8 06:10:02 2014)
2014-11-26 09 DONE Checked. No new data. (Tue Dec  9 06:10:03 2014)
2014-11-27 08 DONE Checked. No new data. (Wed Dec 10 06:10:03 2014)
2014-11-28 09 DONE Checked. No new data. (Thu Dec 11 06:10:03 2014)
2014-11-29 08 DONE Checked. No new data. (Fri Dec 12 06:10:02 2014)
2014-11-30 09 DONE Checked. No new data. (Sat Dec 13 06:10:03 2014)
2014-12-01 09 DONE Checked. No new data. (Sun Dec 14 06:10:02 2014)
2014-12-02 09 DONE Checked. No new data. (Mon Dec 15 06:10:02 2014)
2014-12-03 08 DONE Checked. No new data. (Tue Dec 16 06:10:02 2014)
2014-12-04 08 DONE Checked. No new data. (Wed Dec 17 06:10:02 2014)
2014-12-05 08 DONE Checked. No new data. (Thu Dec 18 06:10:02 2014)
2014-12-06 07 DONE Checked. No new data. (Fri Dec 19 06:10:03 2014)
2014-12-07 08 DONE Checked. No new data. (Sat Dec 20 06:10:02 2014)
2014-12-08 08 DONE Checked. No new data. (Sun Dec 21 06:10:02 2014)
2014-12-09 08 DONE Checked. No new data. (Mon Dec 22 06:10:02 2014)
2014-12-10 09 DONE Checked. No new data. (Tue Dec 23 06:10:02 2014)
2014-12-11 09 DONE Checked. No new data. (Wed Dec 24 06:10:03 2014)
2014-12-12 09 DONE Checked. No new data. (Thu Dec 25 06:10:02 2014)
2014-12-13 09 DONE Checked. No new data. (Fri Dec 26 06:10:03 2014)
2014-12-14 09 DONE Checked. No new data. (Sat Dec 27 06:10:03 2014)
2014-12-15 08 DONE Checked. No new data. (Sun Dec 28 06:10:03 2014)
2014-12-16 00 PENDING No data files found. Skip. (Mon Dec 29 06:10:01 2014)
2014-12-17 07 DONE Checked. No new data. (Tue Dec 30 06:10:03 2014)
2014-12-18 08 DONE Checked. No new data. (Wed Dec 31 06:10:02 2014)
2014-12-19 08 DONE Checked. No new data. (Thu Jan  1 06:10:02 2015)
2014-12-20 08 DONE Checked. No new data. (Fri Jan  2 06:10:02 2015)
2014-12-21 08 DONE Checked. No new data. (Sat Jan  3 06:10:02 2015)
2014-12-22 07 DONE Checked. No new data. (Sun Jan  4 06:10:01 2015)
2014-12-23 08 DONE Checked. No new data. (Mon Jan  5 06:10:01 2015)
2014-12-24 08 DONE Checked. No new data. (Tue Jan  6 06:10:02 2015)
2014-12-25 08 DONE Checked. No new data. (Wed Jan  7 06:10:03 2015)
2014-12-26 08 DONE Checked. No new data. (Thu Jan  8 06:10:02 2015)
2014-12-27 09 DONE Checked. No new data. (Fri Jan  9 06:10:03 2015)
2014-12-28 09 DONE Checked. No new data. (Sat Jan 10 06:10:02 2015)
2014-12-29 08 DONE Checked. No new data. (Sun Jan 11 06:10:02 2015)
2014-12-30 09 DONE Checked. No new data. (Mon Jan 12 06:10:02 2015)
2014-12-31 08 DONE Checked. No new data. (Tue Jan 13 06:10:03 2015)
2015-01-01 12 DONE Checked. No new data. (Wed Jan 14 06:10:03 2015)
2015-01-02 18 DONE Checked. No new data. (Thu Jan 15 06:10:03 2015)
2015-01-03 18 DONE Checked. No new data. (Fri Jan 16 06:10:03 2015)
2015-01-04 16 DONE Checked. No new data. (Sat Jan 17 06:10:02 2015)
2015-01-05 16 DONE Checked. No new data. (Sun Jan 18 06:10:03 2015)
2015-01-06 16 DONE Checked. No new data. (Mon Jan 19 06:10:01 2015)
2015-01-07 14 DONE Checked. No new data. (Tue Jan 20 06:10:03 2015)
2015-01-08 08 DONE Checked. No new data. (Wed Jan 21 06:10:02 2015)
2015-01-09 08 DONE Checked. No new data. (Thu Jan 22 06:10:02 2015)
2015-01-10 08 DONE Checked. No new data. (Fri Jan 23 06:10:02 2015)
2015-01-11 09 DONE Checked. No new data. (Sat Jan 24 06:10:02 2015)
2015-01-12 09 DONE Checked. No new data. (Sun Jan 25 06:10:02 2015)
2015-01-13 09 DONE Checked. No new data. (Mon Jan 26 06:10:02 2015)
2015-01-14 09 DONE Checked. No new data. (Tue Jan 27 06:10:02 2015)
2015-01-15 09 DONE Checked. No new data. (Wed Jan 28 06:10:02 2015)
2015-01-16 08 DONE Checked. No new data. (Thu Jan 29 06:10:03 2015)
2015-01-17 00 PENDING No data files found. Skip. (Fri Jan 30 06:10:02 2015)
2015-01-18 07 DONE Checked. No new data. (Sat Jan 31 06:10:03 2015)
2015-01-19 08 DONE Checked. No new data. (Sun Feb  1 06:10:02 2015)
2015-01-20 08 DONE Checked. No new data. (Mon Feb  2 06:10:02 2015)
2015-01-21 08 DONE Checked. No new data. (Tue Feb  3 06:10:02 2015)
2015-01-22 08 DONE Checked. No new data. (Wed Feb  4 06:10:02 2015)
2015-01-23 07 DONE Checked. No new data. (Thu Feb  5 06:10:02 2015)
2015-01-24 08 DONE Checked. No new data. (Fri Feb  6 06:10:02 2015)
2015-01-25 08 DONE Checked. No new data. (Sat Feb  7 06:10:02 2015)
2015-01-26 08 DONE Checked. No new data. (Sun Feb  8 06:10:01 2015)
2015-01-27 08 DONE Checked. No new data. (Mon Feb  9 06:10:01 2015)
2015-01-28 09 DONE Checked. No new data. (Tue Feb 10 06:10:02 2015)
2015-01-29 09 DONE Checked. No new data. (Wed Feb 11 06:10:02 2015)
2015-01-30 08 DONE Checked. No new data. (Thu Feb 12 06:10:02 2015)
2015-01-31 09 DONE Checked. No new data. (Fri Feb 13 06:10:03 2015)
2015-02-01 08 DONE Checked. No new data. (Sat Feb 14 06:10:04 2015)
2015-02-02 09 DONE Checked. No new data. (Sun Feb 15 06:10:02 2015)
2015-02-03 09 DONE Checked. No new data. (Mon Feb 16 06:10:02 2015)
2015-02-04 09 DONE Checked. No new data. (Tue Feb 17 06:10:02 2015)
2015-02-05 08 DONE Checked. No new data. (Wed Feb 18 06:10:02 2015)
2015-02-06 08 DONE Checked. No new data. (Thu Feb 19 06:10:02 2015)
2015-02-07 08 DONE Checked. No new data. (Fri Feb 20 06:10:03 2015)
2015-02-08 07 DONE Checked. No new data. (Sat Feb 21 06:10:04 2015)
2015-02-09 08 DONE Checked. No new data. (Sun Feb 22 06:10:03 2015)
2015-02-10 08 DONE Checked. No new data. (Mon Feb 23 06:10:01 2015)
2015-02-11 08 DONE Checked. No new data. (Tue Feb 24 06:10:02 2015)
2015-02-12 09 DONE Checked. No new data. (Wed Feb 25 06:10:03 2015)
2015-02-13 09 DONE Checked. No new data. (Thu Feb 26 06:10:03 2015)
2015-02-14 09 DONE Checked. No new data. (Fri Feb 27 06:10:03 2015)
2015-02-15 09 DONE Checked. No new data. (Sat Feb 28 06:10:02 2015)
2015-02-16 07 DONE Checked. No new data. (Sun Mar  1 06:10:02 2015)
2015-02-17 08 DONE Checked. No new data. (Mon Mar  2 06:10:02 2015)
2015-02-18 00 PENDING No data files found. Skip. (Tue Mar  3 06:10:02 2015)
2015-02-19 07 DONE Checked. No new data. (Wed Mar  4 06:10:02 2015)
2015-02-20 08 DONE Checked. No new data. (Thu Mar  5 06:10:03 2015)
2015-02-21 08 DONE Checked. No new data. (Fri Mar  6 06:10:02 2015)
2015-02-22 08 DONE Checked. No new data. (Sat Mar  7 06:10:02 2015)
2015-02-23 08 DONE Checked. No new data. (Sun Mar  8 06:10:02 2015)
2015-02-24 07 DONE Checked. No new data. (Mon Mar  9 06:10:02 2015)
2015-02-25 08 DONE Checked. No new data. (Tue Mar 10 06:10:03 2015)
2015-02-26 08 DONE Checked. No new data. (Wed Mar 11 06:10:02 2015)
2015-02-27 08 DONE Checked. No new data. (Thu Mar 12 06:10:02 2015)
2015-02-28 08 DONE Checked. No new data. (Fri Mar 13 06:10:03 2015)
2015-03-01 09 DONE Checked. No new data. (Sat Mar 14 06:10:02 2015)
2015-03-02 09 DONE Checked. No new data. (Sun Mar 15 06:10:02 2015)
2015-03-03 08 DONE Checked. No new data. (Mon Mar 16 06:10:01 2015)
2015-03-04 09 DONE Checked. No new data. (Tue Mar 17 06:10:03 2015)
2015-03-05 08 DONE Checked. No new data. (Wed Mar 18 06:10:03 2015)
2015-03-06 08 DONE Checked. No new data. (Thu Mar 19 06:10:02 2015)
2015-03-07 08 DONE Checked. No new data. (Fri Mar 20 06:10:03 2015)
2015-03-08 08 DONE Checked. No new data. (Sat Mar 21 06:10:02 2015)
2015-03-09 08 DONE Checked. No new data. (Sun Mar 22 06:10:02 2015)
2015-03-10 08 DONE Checked. No new data. (Mon Mar 23 06:10:02 2015)
2015-03-11 08 DONE Checked. No new data. (Tue Mar 24 06:10:03 2015)
2015-03-12 07 DONE Checked. No new data. (Wed Mar 25 06:10:03 2015)
2015-03-13 08 DONE Checked. No new data. (Thu Mar 26 06:10:02 2015)
2015-03-14 08 DONE Checked. No new data. (Fri Mar 27 06:10:02 2015)
2015-03-15 08 DONE Checked. No new data. (Sat Mar 28 06:10:04 2015)
2015-03-16 08 DONE Checked. No new data. (Sun Mar 29 06:10:02 2015)
2015-03-17 08 DONE Checked. No new data. (Mon Mar 30 06:10:02 2015)
2015-03-18 08 DONE Checked. No new data. (Tue Mar 31 06:10:03 2015)
2015-03-19 08 DONE Checked. No new data. (Wed Apr  1 06:10:03 2015)
2015-03-20 08 DONE Checked. No new data. (Thu Apr  2 06:10:03 2015)
2015-03-21 07 DONE Checked. No new data. (Fri Apr  3 06:10:03 2015)
2015-03-22 00 PENDING No data files found. Skip. (Sat Apr  4 06:10:02 2015)
2015-03-23 07 DONE Checked. No new data. (Sun Apr  5 06:10:01 2015)
2015-03-24 08 DONE Checked. No new data. (Mon Apr  6 06:10:01 2015)
2015-03-25 08 DONE Checked. No new data. (Tue Apr  7 06:10:02 2015)
2015-03-26 08 DONE Checked. No new data. (Wed Apr  8 06:10:03 2015)
2015-03-27 08 DONE Checked. No new data. (Thu Apr  9 06:10:02 2015)
2015-03-28 07 DONE Checked. No new data. (Fri Apr 10 06:10:03 2015)
2015-03-29 08 DONE Checked. No new data. (Sat Apr 11 06:10:03 2015)
2015-03-30 08 DONE Checked. No new data. (Sun Apr 12 06:10:01 2015)
2015-03-31 08 DONE Checked. No new data. (Mon Apr 13 06:10:02 2015)
2015-04-01 08 DONE Checked. No new data. (Tue Apr 14 06:10:02 2015)
2015-04-02 08 DONE Checked. No new data. (Wed Apr 15 06:10:02 2015)
2015-04-03 08 DONE Checked. No new data. (Thu Apr 16 06:10:02 2015)
2015-04-04 08 DONE Checked. No new data. (Fri Apr 17 06:10:03 2015)
2015-04-05 08 DONE Checked. No new data. (Sat Apr 18 06:10:02 2015)
2015-04-06 07 DONE Checked. No new data. (Sun Apr 19 06:10:01 2015)
2015-04-07 08 DONE Checked. No new data. (Mon Apr 20 06:10:02 2015)
2015-04-08 08 DONE Checked. No new data. (Tue Apr 21 06:10:03 2015)
2015-04-09 08 DONE Checked. No new data. (Wed Apr 22 06:10:02 2015)
2015-04-10 08 DONE Checked. No new data. (Thu Apr 23 06:10:03 2015)
2015-04-11 08 DONE Checked. No new data. (Fri Apr 24 06:10:02 2015)
2015-04-12 08 DONE Checked. No new data. (Sat Apr 25 06:10:02 2015)
2015-04-13 07 DONE Checked. No new data. (Sun Apr 26 06:10:02 2015)
2015-04-14 08 DONE Checked. No new data. (Mon Apr 27 06:10:02 2015)
2015-04-15 08 DONE Checked. No new data. (Tue Apr 28 06:10:03 2015)
2015-04-16 08 DONE Checked. No new data. (Wed Apr 29 06:10:03 2015)
2015-04-17 08 DONE Checked. No new data. (Thu Apr 30 06:10:02 2015)
2015-04-18 12 DONE Checked. No new data. (Fri May  1 06:10:03 2015)
2015-04-19 08 DONE Checked. No new data. (Sat May  2 06:10:03 2015)
2015-04-20 08 DONE Checked. No new data. (Sun May  3 06:10:01 2015)
2015-04-21 08 DONE Checked. No new data. (Mon May  4 06:10:02 2015)
2015-04-22 07 DONE Checked. No new data. (Tue May  5 06:10:03 2015)
2015-04-23 00 PENDING No data files found. Skip. (Wed May  6 06:10:02 2015)
2015-04-24 07 DONE Checked. No new data. (Thu May  7 06:10:02 2015)
2015-04-25 08 DONE Checked. No new data. (Fri May  8 06:10:02 2015)
2015-04-26 08 DONE Checked. No new data. (Sat May  9 06:10:02 2015)
2015-04-27 08 DONE Checked. No new data. (Sun May 10 06:10:02 2015)
2015-04-28 08 DONE Checked. No new data. (Mon May 11 06:10:01 2015)
2015-04-29 07 DONE Checked. No new data. (Tue May 12 06:10:02 2015)
2015-04-30 08 DONE Checked. No new data. (Wed May 13 06:10:02 2015)
2015-05-01 08 DONE Checked. No new data. (Thu May 14 06:10:02 2015)
2015-05-02 08 DONE Checked. No new data. (Fri May 15 06:10:03 2015)
2015-05-03 08 DONE Checked. No new data. (Sat May 16 06:10:03 2015)
2015-05-04 08 DONE Checked. No new data. (Sun May 17 06:10:02 2015)
2015-05-05 08 DONE Checked. No new data. (Mon May 18 06:10:02 2015)
2015-05-06 08 DONE Checked. No new data. (Tue May 19 06:10:02 2015)
2015-05-07 08 DONE Checked. No new data. (Wed May 20 06:10:02 2015)
2015-05-08 07 DONE Checked. No new data. (Thu May 21 06:10:02 2015)
2015-05-09 08 DONE Checked. No new data. (Fri May 22 06:10:03 2015)
2015-05-10 08 DONE Checked. No new data. (Sat May 23 06:10:03 2015)
2015-05-11 08 DONE Checked. No new data. (Sun May 24 06:10:01 2015)
2015-05-12 08 DONE Checked. No new data. (Mon May 25 06:10:01 2015)
2015-05-13 08 DONE Checked. No new data. (Tue May 26 06:10:02 2015)
2015-05-14 08 DONE Checked. No new data. (Wed May 27 06:10:02 2015)
2015-05-15 07 DONE Checked. No new data. (Thu May 28 06:10:03 2015)
2015-05-16 08 DONE Checked. No new data. (Fri May 29 06:10:03 2015)
2015-05-17 08 DONE Checked. No new data. (Sat May 30 06:10:02 2015)
2015-05-18 08 DONE Checked. No new data. (Sun May 31 06:10:02 2015)
2015-05-19 08 DONE Checked. No new data. (Mon Jun  1 06:10:02 2015)
2015-05-20 08 DONE Checked. No new data. (Tue Jun  2 06:10:02 2015)
2015-05-21 08 DONE Checked. No new data. (Wed Jun  3 06:10:02 2015)
2015-05-22 08 DONE Checked. No new data. (Thu Jun  4 06:10:03 2015)
2015-05-23 08 DONE Checked. No new data. (Fri Jun  5 06:10:02 2015)
2015-05-24 07 DONE Checked. No new data. (Sat Jun  6 06:10:02 2015)
2015-05-25 00 PENDING No data files found. Skip. (Sun Jun  7 06:10:01 2015)
2015-05-26 07 DONE Checked. No new data. (Mon Jun  8 06:10:02 2015)
2015-05-27 08 DONE Checked. No new data. (Tue Jun  9 06:10:02 2015)
2015-05-28 08 DONE Checked. No new data. (Wed Jun 10 06:10:03 2015)
2015-05-29 08 DONE Checked. No new data. (Thu Jun 11 06:10:02 2015)
2015-05-30 08 DONE Checked. No new data. (Fri Jun 12 06:10:03 2015)
2015-05-31 07 DONE Checked. No new data. (Sat Jun 13 06:10:02 2015)
2015-06-01 08 DONE Checked. No new data. (Sun Jun 14 06:10:02 2015)
2015-06-02 08 DONE Checked. No new data. (Mon Jun 15 06:10:01 2015)
2015-06-03 08 DONE Checked. No new data. (Tue Jun 16 06:10:02 2015)
2015-06-04 08 DONE Checked. No new data. (Wed Jun 17 06:10:02 2015)
2015-06-05 08 DONE Checked. No new data. (Thu Jun 18 06:10:03 2015)
2015-06-06 08 DONE Checked. No new data. (Fri Jun 19 06:10:02 2015)
2015-06-07 08 DONE Checked. No new data. (Sat Jun 20 06:10:03 2015)
2015-06-08 08 DONE Checked. No new data. (Sun Jun 21 06:10:02 2015)
2015-06-09 07 DONE Checked. No new data. (Mon Jun 22 06:10:01 2015)
2015-06-10 08 DONE Checked. No new data. (Tue Jun 23 06:10:03 2015)
2015-06-11 08 DONE Checked. No new data. (Wed Jun 24 06:10:02 2015)
2015-06-12 08 DONE Checked. No new data. (Thu Jun 25 06:10:03 2015)
2015-06-13 08 DONE Checked. No new data. (Fri Jun 26 06:10:03 2015)
2015-06-14 08 DONE Checked. No new data. (Sat Jun 27 06:10:02 2015)
2015-06-15 08 DONE Checked. No new data. (Sun Jun 28 06:10:01 2015)
2015-06-16 07 DONE Checked. No new data. (Mon Jun 29 06:10:02 2015)
2015-06-17 08 DONE Checked. No new data. (Tue Jun 30 06:10:02 2015)
2015-06-18 08 DONE Checked. No new data. (Wed Jul  1 06:10:02 2015)
2015-06-19 08 DONE Checked. No new data. (Thu Jul  2 06:10:03 2015)
2015-06-20 08 DONE Checked. No new data. (Fri Jul  3 06:10:02 2015)
2015-06-21 08 DONE Checked. No new data. (Sat Jul  4 06:10:03 2015)
2015-06-22 08 DONE Checked. No new data. (Sun Jul  5 06:10:02 2015)
2015-06-23 08 DONE Checked. No new data. (Mon Jul  6 06:10:02 2015)
2015-06-24 08 DONE Checked. No new data. (Tue Jul  7 06:10:02 2015)
2015-06-25 07 DONE Checked. No new data. (Wed Jul  8 06:10:03 2015)
2015-06-26 00 PENDING No data files found. Skip. (Thu Jul  9 06:10:02 2015)
2015-06-27 07 DONE Checked. No new data. (Fri Jul 10 06:10:02 2015)
2015-06-28 08 DONE Checked. No new data. (Sat Jul 11 06:10:02 2015)
2015-06-29 08 DONE Checked. No new data. (Sun Jul 12 06:10:02 2015)
2015-06-30 08 DONE Checked. No new data. (Mon Jul 13 06:10:02 2015)
2015-07-01 08 DONE Checked. No new data. (Tue Jul 14 06:10:02 2015)
2015-07-02 07 DONE Checked. No new data. (Wed Jul 15 06:10:03 2015)
2015-07-03 08 DONE Checked. No new data. (Thu Jul 16 06:10:02 2015)
2015-07-04 08 DONE Checked. No new data. (Fri Jul 17 06:10:02 2015)
2015-07-05 08 DONE Checked. No new data. (Sat Jul 18 06:10:03 2015)
2015-07-06 08 DONE Checked. No new data. (Sun Jul 19 06:10:02 2015)
2015-07-07 08 DONE Checked. No new data. (Mon Jul 20 06:10:01 2015)
2015-07-08 08 DONE Checked. No new data. (Tue Jul 21 06:10:03 2015)
2015-07-09 08 DONE Checked. No new data. (Wed Jul 22 06:10:03 2015)
2015-07-10 08 DONE Checked. No new data. (Thu Jul 23 06:10:03 2015)
2015-07-11 07 DONE Checked. No new data. (Fri Jul 24 06:10:03 2015)
2015-07-12 08 DONE Checked. No new data. (Sat Jul 25 06:10:03 2015)
2015-07-13 08 DONE Checked. No new data. (Sun Jul 26 06:10:02 2015)
2015-07-14 08 DONE Checked. No new data. (Mon Jul 27 06:10:02 2015)
2015-07-15 08 DONE Checked. No new data. (Tue Jul 28 06:10:02 2015)
2015-07-16 08 DONE Checked. No new data. (Wed Jul 29 06:10:03 2015)
2015-07-17 08 DONE Checked. No new data. (Thu Jul 30 06:10:02 2015)
2015-07-18 07 DONE Checked. No new data. (Fri Jul 31 06:10:02 2015)
2015-07-19 08 DONE Checked. No new data. (Sat Aug  1 06:10:03 2015)
2015-07-20 08 DONE Checked. No new data. (Sun Aug  2 06:10:02 2015)
2015-07-21 08 DONE Checked. No new data. (Mon Aug  3 06:10:01 2015)
2015-07-22 08 DONE Checked. No new data. (Tue Aug  4 06:10:02 2015)
2015-07-23 08 DONE Checked. No new data. (Wed Aug  5 06:10:02 2015)
2015-07-24 08 DONE Checked. No new data. (Thu Aug  6 06:10:02 2015)
2015-07-25 08 DONE Checked. No new data. (Fri Aug  7 06:10:02 2015)
2015-07-26 08 DONE Checked. No new data. (Sat Aug  8 06:10:02 2015)
2015-07-27 07 DONE Checked. No new data. (Sun Aug  9 06:10:01 2015)
2015-07-28 00 PENDING No data files found. Skip. (Mon Aug 10 06:10:02 2015)
2015-07-29 07 DONE Checked. No new data. (Tue Aug 11 06:10:02 2015)
2015-07-30 08 DONE Checked. No new data. (Wed Aug 12 06:10:03 2015)
2015-07-31 08 DONE Checked. No new data. (Thu Aug 13 06:10:02 2015)
2015-08-01 08 DONE Checked. No new data. (Fri Aug 14 06:10:03 2015)
2015-08-02 08 DONE Checked. No new data. (Sat Aug 15 06:10:03 2015)
2015-08-03 07 DONE Checked. No new data. (Sun Aug 16 06:10:02 2015)
2015-08-04 08 DONE Checked. No new data. (Mon Aug 17 06:10:02 2015)
2015-08-05 08 DONE Checked. No new data. (Tue Aug 18 06:10:03 2015)
2015-08-06 08 DONE Checked. No new data. (Wed Aug 19 06:10:02 2015)
2015-08-07 08 DONE Checked. No new data. (Thu Aug 20 06:10:02 2015)
2015-08-08 16 DONE Processed OK. (Fri Aug 21 06:13:17 2015)
2015-08-09 16 DONE Checked. No new data. (Sat Aug 22 06:10:02 2015)
2015-08-10 16 DONE Checked. No new data. (Sun Aug 23 06:10:02 2015)
2015-08-11 12 DONE Checked. No new data. (Mon Aug 24 06:10:02 2015)
2015-08-12 07 DONE Checked. No new data. (Tue Aug 25 06:10:03 2015)
2015-08-13 08 DONE Checked. No new data. (Wed Aug 26 06:10:02 2015)
2015-08-14 08 DONE Checked. No new data. (Thu Aug 27 06:10:03 2015)
2015-08-15 08 DONE Checked. No new data. (Fri Aug 28 06:10:03 2015)
2015-08-16 07 DONE Checked. No new data. (Sat Aug 29 06:10:02 2015)
2015-08-17 08 DONE Checked. No new data. (Sun Aug 30 06:10:01 2015)
2015-08-18 08 DONE Checked. No new data. (Mon Aug 31 06:10:01 2015)
