2016-08-19 08 DONE Checked. No new data. (Thu Sep  1 06:10:03 2016)
2016-08-20 08 DONE Checked. No new data. (Fri Sep  2 06:10:03 2016)
2016-08-21 08 DONE Checked. No new data. (Sat Sep  3 06:10:02 2016)
2016-08-22 08 DONE Checked. No new data. (Sun Sep  4 06:10:02 2016)
2016-08-23 08 DONE Checked. No new data. (Mon Sep  5 06:10:01 2016)
2016-08-24 08 DONE Checked. No new data. (Tue Sep  6 06:10:03 2016)
2016-08-25 08 DONE Checked. No new data. (Wed Sep  7 06:10:02 2016)
2016-08-26 08 DONE Checked. No new data. (Thu Sep  8 06:10:02 2016)
2016-08-27 08 DONE Checked. No new data. (Fri Sep  9 06:10:03 2016)
2016-08-28 08 DONE Checked. No new data. (Sat Sep 10 06:10:02 2016)
2016-08-29 08 DONE Checked. No new data. (Sun Sep 11 06:10:01 2016)
2016-08-30 07 DONE Checked. No new data. (Mon Sep 12 06:10:01 2016)
2016-08-31 08 DONE Checked. No new data. (Tue Sep 13 06:10:03 2016)
2016-09-01 08 DONE Checked. No new data. (Wed Sep 14 06:10:03 2016)
2016-09-02 08 DONE Checked. No new data. (Thu Sep 15 06:10:02 2016)
2016-09-03 08 DONE Checked. No new data. (Fri Sep 16 06:10:02 2016)
2016-09-04 08 DONE Checked. No new data. (Sat Sep 17 06:10:02 2016)
2016-09-05 08 DONE Checked. No new data. (Sun Sep 18 06:10:01 2016)
2016-09-06 07 DONE Checked. No new data. (Mon Sep 19 06:10:01 2016)
2016-09-07 08 DONE Checked. No new data. (Tue Sep 20 06:10:02 2016)
2016-09-08 08 DONE Checked. No new data. (Wed Sep 21 06:10:02 2016)
2016-09-09 08 DONE Checked. No new data. (Thu Sep 22 06:10:03 2016)
2016-09-10 08 DONE Checked. No new data. (Fri Sep 23 06:10:02 2016)
2016-09-11 08 DONE Checked. No new data. (Sat Sep 24 06:10:02 2016)
2016-09-12 08 DONE Checked. No new data. (Sun Sep 25 06:10:02 2016)
2016-09-13 08 DONE Checked. No new data. (Mon Sep 26 06:10:02 2016)
2016-09-14 08 DONE Checked. No new data. (Tue Sep 27 06:10:03 2016)
2016-09-15 07 DONE Checked. No new data. (Wed Sep 28 06:10:02 2016)
2016-09-16 00 PENDING No data files found. Skip. (Thu Sep 29 06:10:02 2016)
2016-09-17 07 DONE Checked. No new data. (Fri Sep 30 06:10:02 2016)
2016-09-18 08 DONE Checked. No new data. (Sat Oct  1 06:10:02 2016)
2016-09-19 08 DONE Checked. No new data. (Sun Oct  2 06:10:01 2016)
2016-09-20 08 DONE Checked. No new data. (Mon Oct  3 06:10:02 2016)
2016-09-21 08 DONE Checked. No new data. (Tue Oct  4 06:10:03 2016)
2016-09-22 07 DONE Checked. No new data. (Wed Oct  5 06:10:03 2016)
2016-09-23 08 DONE Checked. No new data. (Thu Oct  6 06:10:02 2016)
2016-09-24 08 DONE Checked. No new data. (Fri Oct  7 06:10:03 2016)
2016-09-25 08 DONE Checked. No new data. (Sat Oct  8 06:10:04 2016)
2016-09-26 08 DONE Checked. No new data. (Sun Oct  9 06:10:03 2016)
2016-09-27 08 DONE Checked. No new data. (Mon Oct 10 06:10:02 2016)
2016-09-28 08 DONE Checked. No new data. (Tue Oct 11 06:10:02 2016)
2016-09-29 08 DONE Checked. No new data. (Wed Oct 12 06:10:02 2016)
2016-09-30 08 DONE Checked. No new data. (Thu Oct 13 06:10:02 2016)
2016-10-01 07 DONE Checked. No new data. (Fri Oct 14 06:10:03 2016)
2016-10-02 08 DONE Checked. No new data. (Sat Oct 15 06:10:03 2016)
2016-10-03 08 DONE Checked. No new data. (Sun Oct 16 06:10:01 2016)
2016-10-04 12 DONE Checked. No new data. (Mon Oct 17 06:10:01 2016)
2016-10-05 24 DONE Checked. No new data. (Tue Oct 18 06:10:02 2016)
2016-10-06 24 DONE Checked. No new data. (Wed Oct 19 06:10:02 2016)
2016-10-07 24 DONE Checked. No new data. (Thu Oct 20 06:10:03 2016)
2016-10-08 07 DONE Checked. No new data. (Fri Oct 21 06:10:02 2016)
2016-10-09 08 DONE Checked. No new data. (Sat Oct 22 06:10:03 2016)
2016-10-10 08 DONE Checked. No new data. (Sun Oct 23 06:10:02 2016)
2016-10-11 08 DONE Checked. No new data. (Mon Oct 24 06:10:02 2016)
2016-10-12 09 DONE Checked. No new data. (Tue Oct 25 06:10:02 2016)
2016-10-13 09 DONE Checked. No new data. (Wed Oct 26 06:10:02 2016)
2016-10-14 09 DONE Checked. No new data. (Thu Oct 27 06:10:02 2016)
2016-10-15 09 DONE Checked. No new data. (Fri Oct 28 06:10:02 2016)
2016-10-16 09 DONE Checked. No new data. (Sat Oct 29 06:10:02 2016)
2016-10-17 08 DONE Checked. No new data. (Sun Oct 30 06:10:02 2016)
2016-10-18 00 PENDING No data files found. Skip. (Mon Oct 31 06:10:02 2016)
2016-10-19 07 DONE Checked. No new data. (Tue Nov  1 06:10:02 2016)
2016-10-20 08 DONE Checked. No new data. (Wed Nov  2 06:10:02 2016)
2016-10-21 08 DONE Checked. No new data. (Thu Nov  3 06:10:02 2016)
2016-10-22 08 DONE Checked. No new data. (Fri Nov  4 06:10:02 2016)
2016-10-23 08 DONE Checked. No new data. (Sat Nov  5 06:10:02 2016)
2016-10-24 07 DONE Checked. No new data. (Sun Nov  6 06:10:02 2016)
2016-10-25 08 DONE Checked. No new data. (Mon Nov  7 06:10:01 2016)
2016-10-26 08 DONE Checked. No new data. (Tue Nov  8 06:10:02 2016)
2016-10-27 08 DONE Checked. No new data. (Wed Nov  9 06:10:03 2016)
2016-10-28 08 DONE Checked. No new data. (Thu Nov 10 06:10:02 2016)
2016-10-29 10 DONE Checked. No new data. (Fri Nov 11 06:10:03 2016)
2016-10-30 09 DONE Checked. No new data. (Sat Nov 12 06:10:03 2016)
2016-10-31 08 DONE Checked. No new data. (Sun Nov 13 06:10:01 2016)
2016-11-01 09 DONE Checked. No new data. (Mon Nov 14 06:10:02 2016)
2016-11-02 08 DONE Checked. No new data. (Tue Nov 15 06:10:02 2016)
2016-11-03 09 DONE Checked. No new data. (Wed Nov 16 06:10:02 2016)
2016-11-04 09 DONE Checked. No new data. (Thu Nov 17 06:10:03 2016)
2016-11-05 09 DONE Checked. No new data. (Fri Nov 18 06:10:02 2016)
2016-11-06 08 DONE Checked. No new data. (Sat Nov 19 06:10:02 2016)
2016-11-07 08 DONE Checked. No new data. (Sun Nov 20 06:10:01 2016)
2016-11-08 08 DONE Checked. No new data. (Mon Nov 21 06:10:01 2016)
2016-11-09 07 DONE Checked. No new data. (Tue Nov 22 06:10:02 2016)
2016-11-10 08 DONE Checked. No new data. (Wed Nov 23 06:10:03 2016)
2016-11-11 08 DONE Checked. No new data. (Thu Nov 24 06:10:03 2016)
2016-11-12 08 DONE Checked. No new data. (Fri Nov 25 06:10:02 2016)
2016-11-13 10 DONE Checked. No new data. (Sat Nov 26 06:10:02 2016)
2016-11-14 09 DONE Checked. No new data. (Sun Nov 27 06:10:02 2016)
2016-11-15 09 DONE Checked. No new data. (Mon Nov 28 06:10:02 2016)
2016-11-16 09 DONE Checked. No new data. (Tue Nov 29 06:10:03 2016)
2016-11-17 09 DONE Checked. No new data. (Wed Nov 30 06:10:03 2016)
2016-11-18 08 DONE Checked. No new data. (Thu Dec  1 06:10:02 2016)
2016-11-19 00 PENDING No data files found. Skip. (Fri Dec  2 06:10:04 2016)
2016-11-20 07 DONE Checked. No new data. (Sat Dec  3 06:10:02 2016)
2016-11-21 08 DONE Checked. No new data. (Sun Dec  4 06:10:02 2016)
2016-11-22 08 DONE Checked. No new data. (Mon Dec  5 06:10:02 2016)
2016-11-23 08 DONE Checked. No new data. (Tue Dec  6 06:10:02 2016)
2016-11-24 08 DONE Checked. No new data. (Wed Dec  7 06:10:02 2016)
2016-11-25 07 DONE Checked. No new data. (Thu Dec  8 06:10:04 2016)
2016-11-26 08 DONE Checked. No new data. (Fri Dec  9 06:10:03 2016)
2016-11-27 08 DONE Checked. No new data. (Sat Dec 10 06:10:04 2016)
2016-11-28 08 DONE Checked. No new data. (Sun Dec 11 06:10:02 2016)
2016-11-29 08 DONE Checked. No new data. (Mon Dec 12 06:10:01 2016)
2016-11-30 09 DONE Checked. No new data. (Tue Dec 13 06:10:03 2016)
2016-12-01 09 DONE Checked. No new data. (Wed Dec 14 06:10:04 2016)
2016-12-02 08 DONE Checked. No new data. (Thu Dec 15 06:10:02 2016)
2016-12-03 09 DONE Checked. No new data. (Fri Dec 16 06:10:02 2016)
2016-12-04 08 DONE Checked. No new data. (Sat Dec 17 06:10:03 2016)
2016-12-05 09 DONE Checked. No new data. (Sun Dec 18 06:10:02 2016)
2016-12-06 09 DONE Checked. No new data. (Mon Dec 19 06:10:02 2016)
2016-12-07 10 DONE Checked. No new data. (Tue Dec 20 06:10:03 2016)
2016-12-08 08 DONE Checked. No new data. (Wed Dec 21 06:10:02 2016)
2016-12-09 08 DONE Checked. No new data. (Thu Dec 22 06:10:02 2016)
2016-12-10 08 DONE Checked. No new data. (Fri Dec 23 06:10:02 2016)
2016-12-11 07 DONE Checked. No new data. (Sat Dec 24 06:10:03 2016)
2016-12-12 08 DONE Checked. No new data. (Sun Dec 25 06:10:01 2016)
2016-12-13 08 DONE Checked. No new data. (Mon Dec 26 06:10:02 2016)
2016-12-14 08 DONE Checked. No new data. (Tue Dec 27 06:10:02 2016)
2016-12-15 09 DONE Checked. No new data. (Wed Dec 28 06:10:02 2016)
2016-12-16 09 DONE Checked. No new data. (Thu Dec 29 06:10:02 2016)
2016-12-17 09 DONE Checked. No new data. (Fri Dec 30 06:10:02 2016)
2016-12-18 09 DONE Checked. No new data. (Sat Dec 31 06:10:02 2016)
2016-12-19 09 DONE Checked. No new data. (Sun Jan  1 06:10:01 2017)
2016-12-20 08 DONE Checked. No new data. (Mon Jan  2 06:10:02 2017)
2016-12-21 00 PENDING No data files found. Skip. (Tue Jan  3 06:10:03 2017)
2016-12-22 07 DONE Checked. No new data. (Wed Jan  4 06:10:02 2017)
2016-12-23 08 DONE Checked. No new data. (Thu Jan  5 06:10:02 2017)
2016-12-24 08 DONE Checked. No new data. (Fri Jan  6 06:10:02 2017)
2016-12-25 08 DONE Checked. No new data. (Sat Jan  7 06:10:02 2017)
2016-12-26 08 DONE Checked. No new data. (Sun Jan  8 06:10:02 2017)
2016-12-27 07 DONE Checked. No new data. (Mon Jan  9 06:10:02 2017)
2016-12-28 08 DONE Checked. No new data. (Tue Jan 10 06:10:02 2017)
2016-12-29 11 DONE Checked. No new data. (Wed Jan 11 06:10:03 2017)
2016-12-30 08 DONE Checked. No new data. (Thu Jan 12 06:10:02 2017)
2016-12-31 08 DONE Checked. No new data. (Fri Jan 13 06:10:02 2017)
2017-01-01 11 DONE Checked. No new data. (Sat Jan 14 06:10:02 2017)
2017-01-02 11 DONE Checked. No new data. (Sun Jan 15 06:10:03 2017)
2017-01-03 08 DONE Checked. No new data. (Mon Jan 16 06:10:02 2017)
2017-01-04 09 DONE Checked. No new data. (Tue Jan 17 06:10:03 2017)
2017-01-05 08 DONE Checked. No new data. (Wed Jan 18 06:10:02 2017)
2017-01-06 09 DONE Checked. No new data. (Thu Jan 19 06:10:04 2017)
2017-01-07 09 DONE Checked. No new data. (Fri Jan 20 06:10:03 2017)
2017-01-08 09 DONE Checked. No new data. (Sat Jan 21 06:10:02 2017)
2017-01-09 14 DONE Checked. No new data. (Sun Jan 22 06:10:01 2017)
2017-01-10 08 DONE Checked. No new data. (Mon Jan 23 06:10:02 2017)
2017-01-11 08 DONE Checked. No new data. (Tue Jan 24 06:10:02 2017)
2017-01-12 07 DONE Checked. No new data. (Wed Jan 25 06:10:02 2017)
2017-01-13 08 DONE Checked. No new data. (Thu Jan 26 06:10:02 2017)
2017-01-14 08 DONE Checked. No new data. (Fri Jan 27 06:10:04 2017)
2017-01-15 08 DONE Checked. No new data. (Sat Jan 28 06:10:03 2017)
2017-01-16 09 DONE Checked. No new data. (Sun Jan 29 06:10:02 2017)
2017-01-17 09 DONE Checked. No new data. (Mon Jan 30 06:10:02 2017)
2017-01-18 09 DONE Checked. No new data. (Tue Jan 31 06:10:02 2017)
2017-01-19 09 DONE Checked. No new data. (Wed Feb  1 06:10:04 2017)
2017-01-20 09 DONE Checked. No new data. (Thu Feb  2 06:10:03 2017)
2017-01-21 08 DONE Checked. No new data. (Fri Feb  3 06:10:03 2017)
2017-01-22 00 PENDING No data files found. Skip. (Sat Feb  4 06:10:03 2017)
2017-01-23 07 DONE Checked. No new data. (Sun Feb  5 06:10:02 2017)
2017-01-24 08 DONE Checked. No new data. (Mon Feb  6 06:10:02 2017)
2017-01-25 08 DONE Checked. No new data. (Tue Feb  7 06:10:02 2017)
2017-01-26 08 DONE Checked. No new data. (Wed Feb  8 06:10:02 2017)
2017-01-27 08 DONE Checked. No new data. (Thu Feb  9 06:10:03 2017)
2017-01-28 07 DONE Checked. No new data. (Fri Feb 10 06:10:02 2017)
2017-01-29 08 DONE Checked. No new data. (Sat Feb 11 06:10:02 2017)
2017-01-30 08 DONE Checked. No new data. (Sun Feb 12 06:10:02 2017)
2017-01-31 08 DONE Checked. No new data. (Mon Feb 13 06:10:02 2017)
2017-02-01 08 DONE Checked. No new data. (Tue Feb 14 06:10:02 2017)
2017-02-02 09 DONE Checked. No new data. (Wed Feb 15 06:10:02 2017)
2017-02-03 09 DONE Checked. No new data. (Thu Feb 16 06:10:02 2017)
2017-02-04 08 DONE Checked. No new data. (Fri Feb 17 06:10:04 2017)
2017-02-05 09 DONE Checked. No new data. (Sat Feb 18 06:10:02 2017)
2017-02-06 08 DONE Checked. No new data. (Sun Feb 19 06:10:02 2017)
2017-02-07 09 DONE Checked. No new data. (Mon Feb 20 06:10:02 2017)
2017-02-08 09 DONE Checked. No new data. (Tue Feb 21 06:10:04 2017)
2017-02-09 09 DONE Checked. No new data. (Wed Feb 22 06:10:04 2017)
2017-02-10 08 DONE Checked. No new data. (Thu Feb 23 06:10:04 2017)
2017-02-11 08 DONE Checked. No new data. (Fri Feb 24 06:10:04 2017)
2017-02-12 08 DONE Checked. No new data. (Sat Feb 25 06:10:01 2017)
2017-02-13 07 DONE Checked. No new data. (Sun Feb 26 06:10:02 2017)
2017-02-14 08 DONE Checked. No new data. (Mon Feb 27 06:10:02 2017)
2017-02-15 08 DONE Checked. No new data. (Tue Feb 28 06:10:03 2017)
2017-02-16 08 DONE Checked. No new data. (Wed Mar  1 06:10:02 2017)
2017-02-17 09 DONE Checked. No new data. (Thu Mar  2 06:10:03 2017)
2017-02-18 09 DONE Checked. No new data. (Fri Mar  3 06:10:03 2017)
2017-02-19 09 DONE Checked. No new data. (Sat Mar  4 06:10:02 2017)
2017-02-20 09 DONE Checked. No new data. (Sun Mar  5 06:10:02 2017)
2017-02-21 09 DONE Checked. No new data. (Mon Mar  6 06:10:02 2017)
2017-02-22 08 DONE Checked. No new data. (Tue Mar  7 06:10:02 2017)
2017-02-23 00 PENDING No data files found. Skip. (Wed Mar  8 06:10:02 2017)
2017-02-24 07 DONE Checked. No new data. (Thu Mar  9 06:10:02 2017)
2017-02-25 08 DONE Checked. No new data. (Fri Mar 10 06:10:02 2017)
2017-02-26 08 DONE Checked. No new data. (Sat Mar 11 06:10:04 2017)
2017-02-27 08 DONE Checked. No new data. (Sun Mar 12 06:10:03 2017)
2017-02-28 08 DONE Checked. No new data. (Mon Mar 13 06:10:02 2017)
2017-03-01 07 DONE Checked. No new data. (Tue Mar 14 06:10:04 2017)
2017-03-02 08 DONE Checked. No new data. (Wed Mar 15 06:10:03 2017)
2017-03-03 08 DONE Checked. No new data. (Thu Mar 16 06:10:02 2017)
2017-03-04 08 DONE Checked. No new data. (Fri Mar 17 06:10:02 2017)
2017-03-05 08 DONE Checked. No new data. (Sat Mar 18 06:10:03 2017)
2017-03-06 08 DONE Checked. No new data. (Sun Mar 19 06:10:03 2017)
2017-03-07 08 DONE Checked. No new data. (Mon Mar 20 06:10:01 2017)
2017-03-08 08 DONE Checked. No new data. (Tue Mar 21 06:10:04 2017)
2017-03-09 08 DONE Checked. No new data. (Wed Mar 22 06:10:03 2017)
2017-03-10 07 DONE Checked. No new data. (Thu Mar 23 06:10:02 2017)
2017-03-11 08 DONE Checked. No new data. (Fri Mar 24 06:10:03 2017)
2017-03-12 08 DONE Checked. No new data. (Sat Mar 25 06:10:02 2017)
2017-03-13 00 PENDING No data files found. Skip. (Sun Mar 26 06:10:01 2017)
2017-03-14 00 PENDING No data files found. Skip. (Mon Mar 27 06:10:02 2017)
2017-03-15 00 PENDING No data files found. Skip. (Tue Mar 28 06:10:02 2017)
2017-03-16 00 PENDING No data files found. Skip. (Wed Mar 29 06:10:02 2017)
2017-03-17 00 PENDING No data files found. Skip. (Thu Mar 30 06:10:02 2017)
2017-03-18 07 DONE Checked. No new data. (Fri Mar 31 06:10:02 2017)
2017-03-19 08 DONE Checked. No new data. (Sat Apr  1 06:10:02 2017)
2017-03-20 08 DONE Checked. No new data. (Sun Apr  2 06:10:02 2017)
2017-03-21 08 DONE Checked. No new data. (Mon Apr  3 06:10:02 2017)
2017-03-22 08 DONE Checked. No new data. (Tue Apr  4 06:10:04 2017)
2017-03-23 08 DONE Checked. No new data. (Wed Apr  5 06:10:03 2017)
2017-03-24 08 DONE Checked. No new data. (Thu Apr  6 06:10:03 2017)
2017-03-25 08 DONE Checked. No new data. (Fri Apr  7 06:10:04 2017)
2017-03-26 07 DONE Checked. No new data. (Sat Apr  8 06:10:03 2017)
2017-03-27 00 PENDING No data files found. Skip. (Sun Apr  9 06:10:03 2017)
2017-03-28 07 DONE Checked. No new data. (Mon Apr 10 06:10:02 2017)
2017-03-29 08 DONE Checked. No new data. (Tue Apr 11 06:10:03 2017)
2017-03-30 08 DONE Checked. No new data. (Wed Apr 12 06:10:02 2017)
2017-03-31 08 DONE Checked. No new data. (Thu Apr 13 06:10:03 2017)
2017-04-01 08 DONE Checked. No new data. (Fri Apr 14 06:10:03 2017)
2017-04-02 07 DONE Checked. No new data. (Sat Apr 15 06:10:03 2017)
2017-04-03 08 DONE Checked. No new data. (Sun Apr 16 06:10:02 2017)
2017-04-04 08 DONE Checked. No new data. (Mon Apr 17 06:10:01 2017)
2017-04-05 08 DONE Checked. No new data. (Tue Apr 18 06:10:02 2017)
2017-04-06 08 DONE Checked. No new data. (Wed Apr 19 06:10:03 2017)
2017-04-07 08 DONE Checked. No new data. (Thu Apr 20 06:10:03 2017)
2017-04-08 08 DONE Checked. No new data. (Fri Apr 21 06:10:03 2017)
2017-04-09 08 DONE Checked. No new data. (Sat Apr 22 06:10:02 2017)
2017-04-10 08 DONE Checked. No new data. (Sun Apr 23 06:10:02 2017)
2017-04-11 07 DONE Checked. No new data. (Mon Apr 24 06:10:02 2017)
2017-04-12 08 DONE Checked. No new data. (Tue Apr 25 06:10:04 2017)
2017-04-13 08 DONE Checked. No new data. (Wed Apr 26 06:10:02 2017)
2017-04-14 08 DONE Checked. No new data. (Thu Apr 27 06:10:02 2017)
2017-04-15 08 DONE Checked. No new data. (Fri Apr 28 06:10:02 2017)
2017-04-16 08 DONE Checked. No new data. (Sat Apr 29 06:10:03 2017)
2017-04-17 08 DONE Checked. No new data. (Sun Apr 30 06:10:02 2017)
2017-04-18 07 DONE Checked. No new data. (Mon May  1 06:10:01 2017)
2017-04-19 08 DONE Checked. No new data. (Tue May  2 06:10:02 2017)
2017-04-20 08 DONE Checked. No new data. (Wed May  3 06:10:04 2017)
2017-04-21 08 DONE Checked. No new data. (Thu May  4 06:10:03 2017)
2017-04-22 08 DONE Checked. No new data. (Fri May  5 06:10:02 2017)
2017-04-23 08 DONE Checked. No new data. (Sat May  6 06:10:04 2017)
2017-04-24 08 DONE Checked. No new data. (Sun May  7 06:10:01 2017)
2017-04-25 08 DONE Checked. No new data. (Mon May  8 06:10:01 2017)
2017-04-26 08 DONE Checked. No new data. (Tue May  9 06:10:02 2017)
2017-04-27 07 DONE Checked. No new data. (Wed May 10 06:10:02 2017)
2017-04-28 00 PENDING No data files found. Skip. (Thu May 11 06:10:03 2017)
2017-04-29 07 DONE Checked. No new data. (Fri May 12 06:10:02 2017)
2017-04-30 08 DONE Checked. No new data. (Sat May 13 06:10:02 2017)
2017-05-01 08 DONE Checked. No new data. (Sun May 14 06:10:02 2017)
2017-05-02 08 DONE Checked. No new data. (Mon May 15 06:10:02 2017)
2017-05-03 08 DONE Checked. No new data. (Tue May 16 06:10:03 2017)
2017-05-04 07 DONE Checked. No new data. (Wed May 17 06:10:02 2017)
2017-05-05 08 DONE Checked. No new data. (Thu May 18 06:10:03 2017)
2017-05-06 08 DONE Checked. No new data. (Fri May 19 06:10:03 2017)
2017-05-07 08 DONE Checked. No new data. (Sat May 20 06:10:02 2017)
2017-05-08 08 DONE Checked. No new data. (Sun May 21 06:10:02 2017)
2017-05-09 08 DONE Checked. No new data. (Mon May 22 06:10:01 2017)
2017-05-10 08 DONE Checked. No new data. (Tue May 23 06:10:02 2017)
2017-05-11 08 DONE Checked. No new data. (Wed May 24 06:10:03 2017)
2017-05-12 08 DONE Checked. No new data. (Thu May 25 06:10:03 2017)
2017-05-13 07 DONE Checked. No new data. (Fri May 26 06:10:03 2017)
2017-05-14 08 DONE Checked. No new data. (Sat May 27 06:10:02 2017)
2017-05-15 08 DONE Checked. No new data. (Sun May 28 06:10:02 2017)
2017-05-16 08 DONE Checked. No new data. (Mon May 29 06:10:01 2017)
2017-05-17 08 DONE Checked. No new data. (Tue May 30 06:10:04 2017)
2017-05-18 08 DONE Checked. No new data. (Wed May 31 06:10:03 2017)
2017-05-19 08 DONE Checked. No new data. (Thu Jun  1 06:10:03 2017)
2017-05-20 07 DONE Checked. No new data. (Fri Jun  2 06:10:02 2017)
2017-05-21 08 DONE Checked. No new data. (Sat Jun  3 06:10:02 2017)
2017-05-22 08 DONE Checked. No new data. (Sun Jun  4 06:10:02 2017)
2017-05-23 08 DONE Checked. No new data. (Mon Jun  5 06:10:02 2017)
2017-05-24 08 DONE Checked. No new data. (Tue Jun  6 06:10:02 2017)
2017-05-25 08 DONE Checked. No new data. (Wed Jun  7 06:10:03 2017)
2017-05-26 08 DONE Checked. No new data. (Thu Jun  8 06:10:04 2017)
2017-05-27 08 DONE Checked. No new data. (Fri Jun  9 06:10:02 2017)
2017-05-28 08 DONE Checked. No new data. (Sat Jun 10 06:10:03 2017)
2017-05-29 08 DONE Checked. No new data. (Sun Jun 11 06:10:02 2017)
2017-05-30 00 PENDING No data files found. Skip. (Mon Jun 12 06:10:01 2017)
2017-05-31 07 DONE Checked. No new data. (Tue Jun 13 06:10:02 2017)
2017-06-01 08 DONE Checked. No new data. (Wed Jun 14 06:10:02 2017)
2017-06-02 08 DONE Checked. No new data. (Thu Jun 15 06:10:03 2017)
2017-06-03 08 DONE Checked. No new data. (Fri Jun 16 06:10:03 2017)
2017-06-04 08 DONE Checked. No new data. (Sat Jun 17 06:10:02 2017)
2017-06-05 07 DONE Checked. No new data. (Sun Jun 18 06:10:02 2017)
2017-06-06 08 DONE Checked. No new data. (Mon Jun 19 06:10:02 2017)
2017-06-07 08 DONE Checked. No new data. (Tue Jun 20 06:10:02 2017)
2017-06-08 08 DONE Checked. No new data. (Wed Jun 21 06:10:02 2017)
2017-06-09 08 DONE Checked. No new data. (Thu Jun 22 06:10:02 2017)
2017-06-10 08 DONE Checked. No new data. (Fri Jun 23 06:10:03 2017)
2017-06-11 08 DONE Checked. No new data. (Sat Jun 24 06:10:02 2017)
2017-06-12 08 DONE Checked. No new data. (Sun Jun 25 06:10:02 2017)
2017-06-13 08 DONE Checked. No new data. (Mon Jun 26 06:10:02 2017)
2017-06-14 07 DONE Checked. No new data. (Tue Jun 27 06:10:04 2017)
2017-06-15 08 DONE Checked. No new data. (Wed Jun 28 06:10:02 2017)
2017-06-16 08 DONE Checked. No new data. (Thu Jun 29 06:10:03 2017)
2017-06-17 08 DONE Checked. No new data. (Fri Jun 30 06:10:03 2017)
2017-06-18 08 DONE Checked. No new data. (Sat Jul  1 06:10:02 2017)
2017-06-19 08 DONE Checked. No new data. (Sun Jul  2 06:10:02 2017)
2017-06-20 08 DONE Checked. No new data. (Mon Jul  3 06:10:01 2017)
2017-06-21 08 DONE Checked. No new data. (Tue Jul  4 06:10:02 2017)
2017-06-22 08 DONE Checked. No new data. (Wed Jul  5 06:10:02 2017)
2017-06-23 08 DONE Checked. No new data. (Thu Jul  6 06:10:02 2017)
2017-06-24 08 DONE Checked. No new data. (Fri Jul  7 06:10:02 2017)
2017-06-25 08 DONE Checked. No new data. (Sat Jul  8 06:10:02 2017)
2017-06-26 08 DONE Checked. No new data. (Sun Jul  9 06:10:02 2017)
2017-06-27 08 DONE Checked. No new data. (Mon Jul 10 06:10:02 2017)
2017-06-28 08 DONE Checked. No new data. (Tue Jul 11 06:10:03 2017)
2017-06-29 08 DONE Checked. No new data. (Wed Jul 12 06:10:02 2017)
2017-06-30 07 DONE Checked. No new data. (Thu Jul 13 06:10:02 2017)
2017-07-01 00 PENDING No data files found. Skip. (Fri Jul 14 06:10:02 2017)
2017-07-02 07 DONE Checked. No new data. (Sat Jul 15 06:10:03 2017)
2017-07-03 08 DONE Checked. No new data. (Sun Jul 16 06:10:02 2017)
2017-07-04 08 DONE Checked. No new data. (Mon Jul 17 06:10:02 2017)
2017-07-05 08 DONE Checked. No new data. (Tue Jul 18 06:10:03 2017)
2017-07-06 08 DONE Checked. No new data. (Wed Jul 19 06:10:03 2017)
2017-07-07 07 DONE Checked. No new data. (Thu Jul 20 06:10:03 2017)
2017-07-08 08 DONE Checked. No new data. (Fri Jul 21 06:10:03 2017)
2017-07-09 08 DONE Checked. No new data. (Sat Jul 22 06:10:02 2017)
2017-07-10 08 DONE Checked. No new data. (Sun Jul 23 06:10:02 2017)
2017-07-11 08 DONE Checked. No new data. (Mon Jul 24 06:10:02 2017)
2017-07-12 08 DONE Checked. No new data. (Tue Jul 25 06:10:02 2017)
2017-07-13 08 DONE Checked. No new data. (Wed Jul 26 06:10:02 2017)
2017-07-14 08 DONE Checked. No new data. (Thu Jul 27 06:10:03 2017)
2017-07-15 08 DONE Checked. No new data. (Fri Jul 28 06:10:03 2017)
2017-07-16 07 DONE Checked. No new data. (Sat Jul 29 06:10:02 2017)
2017-07-17 08 DONE Checked. No new data. (Sun Jul 30 06:10:02 2017)
2017-07-18 08 DONE Checked. No new data. (Mon Jul 31 06:10:02 2017)
2017-07-19 08 DONE Checked. No new data. (Tue Aug  1 06:10:02 2017)
2017-07-20 08 DONE Checked. No new data. (Wed Aug  2 06:10:02 2017)
2017-07-21 08 DONE Checked. No new data. (Thu Aug  3 06:10:02 2017)
2017-07-22 08 DONE Checked. No new data. (Fri Aug  4 06:10:04 2017)
2017-07-23 07 DONE Checked. No new data. (Sat Aug  5 06:10:02 2017)
2017-07-24 08 DONE Checked. No new data. (Sun Aug  6 06:10:02 2017)
2017-07-25 08 DONE Checked. No new data. (Mon Aug  7 06:10:02 2017)
2017-07-26 08 DONE Checked. No new data. (Tue Aug  8 06:10:02 2017)
2017-07-27 08 DONE Checked. No new data. (Wed Aug  9 06:10:03 2017)
2017-07-28 08 DONE Checked. No new data. (Thu Aug 10 06:10:03 2017)
2017-07-29 08 DONE Checked. No new data. (Fri Aug 11 06:10:02 2017)
2017-07-30 10 DONE Checked. No new data. (Sat Aug 12 06:10:02 2017)
2017-07-31 08 DONE Checked. No new data. (Sun Aug 13 06:10:02 2017)
2017-08-01 07 DONE Checked. No new data. (Mon Aug 14 06:10:01 2017)
2017-08-02 00 PENDING No data files found. Skip. (Tue Aug 15 06:10:03 2017)
2017-08-03 07 DONE Checked. No new data. (Wed Aug 16 06:10:02 2017)
2017-08-04 08 DONE Checked. No new data. (Thu Aug 17 06:10:03 2017)
2017-08-05 08 DONE Checked. No new data. (Fri Aug 18 06:10:03 2017)
2017-08-06 08 DONE Checked. No new data. (Sat Aug 19 06:10:02 2017)
2017-08-07 08 DONE Checked. No new data. (Sun Aug 20 06:10:01 2017)
2017-08-08 07 DONE Checked. No new data. (Mon Aug 21 06:10:02 2017)
2017-08-09 08 DONE Checked. No new data. (Tue Aug 22 06:10:02 2017)
2017-08-10 08 DONE Checked. No new data. (Wed Aug 23 06:10:02 2017)
2017-08-11 08 DONE Checked. No new data. (Thu Aug 24 06:10:03 2017)
2017-08-12 08 DONE Checked. No new data. (Fri Aug 25 06:10:03 2017)
2017-08-13 08 DONE Checked. No new data. (Sat Aug 26 06:10:02 2017)
2017-08-14 08 DONE Checked. No new data. (Sun Aug 27 06:10:02 2017)
2017-08-15 08 DONE Checked. No new data. (Mon Aug 28 06:10:02 2017)
2017-08-16 08 DONE Checked. No new data. (Tue Aug 29 06:10:02 2017)
2017-08-17 07 DONE Checked. No new data. (Wed Aug 30 06:10:03 2017)
2017-08-18 08 DONE Checked. No new data. (Thu Aug 31 06:10:04 2017)
2017-08-19 08 DONE Checked. No new data. (Fri Sep  1 06:10:03 2017)
