2017-08-20 08 DONE Checked. No new data. (Sat Sep  2 06:10:02 2017)
2017-08-21 08 DONE Checked. No new data. (Sun Sep  3 06:10:02 2017)
2017-08-22 08 DONE Checked. No new data. (Mon Sep  4 06:10:02 2017)
2017-08-23 08 DONE Checked. No new data. (Tue Sep  5 06:10:03 2017)
2017-08-24 07 DONE Checked. No new data. (Wed Sep  6 06:10:02 2017)
2017-08-25 08 DONE Checked. No new data. (Thu Sep  7 06:10:04 2017)
2017-08-26 08 DONE Checked. No new data. (Fri Sep  8 06:10:03 2017)
2017-08-27 08 DONE Checked. No new data. (Sat Sep  9 06:10:02 2017)
2017-08-28 08 DONE Checked. No new data. (Sun Sep 10 06:10:02 2017)
2017-08-29 08 DONE Checked. No new data. (Mon Sep 11 06:10:02 2017)
2017-08-30 08 DONE Checked. No new data. (Tue Sep 12 06:10:03 2017)
2017-08-31 08 DONE Checked. No new data. (Wed Sep 13 06:10:03 2017)
2017-09-01 08 DONE Checked. No new data. (Thu Sep 14 06:10:03 2017)
2017-09-02 07 DONE Checked. No new data. (Fri Sep 15 06:10:03 2017)
2017-09-03 00 PENDING No data files found. Skip. (Sat Sep 16 06:10:03 2017)
2017-09-04 07 DONE Checked. No new data. (Sun Sep 17 06:10:02 2017)
2017-09-05 08 DONE Checked. No new data. (Mon Sep 18 06:10:02 2017)
2017-09-06 08 DONE Checked. No new data. (Tue Sep 19 06:10:02 2017)
2017-09-07 08 DONE Checked. No new data. (Wed Sep 20 06:10:02 2017)
2017-09-08 08 DONE Checked. No new data. (Thu Sep 21 06:10:04 2017)
2017-09-09 07 DONE Checked. No new data. (Fri Sep 22 06:10:03 2017)
2017-09-10 08 DONE Checked. No new data. (Sat Sep 23 06:10:03 2017)
2017-09-11 08 DONE Checked. No new data. (Sun Sep 24 06:10:02 2017)
2017-09-12 08 DONE Checked. No new data. (Mon Sep 25 06:10:01 2017)
2017-09-13 08 DONE Checked. No new data. (Tue Sep 26 06:10:02 2017)
2017-09-14 08 DONE Checked. No new data. (Wed Sep 27 06:10:02 2017)
2017-09-15 08 DONE Checked. No new data. (Thu Sep 28 06:10:02 2017)
2017-09-16 08 DONE Checked. No new data. (Fri Sep 29 06:10:02 2017)
2017-09-17 08 DONE Checked. No new data. (Sat Sep 30 06:10:02 2017)
2017-09-18 07 DONE Checked. No new data. (Sun Oct  1 06:10:02 2017)
2017-09-19 08 DONE Checked. No new data. (Mon Oct  2 06:10:01 2017)
2017-09-20 08 DONE Checked. No new data. (Tue Oct  3 06:10:02 2017)
2017-09-21 08 DONE Checked. No new data. (Wed Oct  4 06:10:02 2017)
2017-09-22 08 DONE Checked. No new data. (Thu Oct  5 06:10:02 2017)
2017-09-23 08 DONE Checked. No new data. (Fri Oct  6 06:10:02 2017)
2017-09-24 08 DONE Checked. No new data. (Sat Oct  7 06:10:02 2017)
2017-09-25 07 DONE Checked. No new data. (Sun Oct  8 06:10:02 2017)
2017-09-26 08 DONE Checked. No new data. (Mon Oct  9 06:10:02 2017)
2017-09-27 08 DONE Checked. No new data. (Tue Oct 10 06:10:02 2017)
2017-09-28 08 DONE Checked. No new data. (Wed Oct 11 06:10:02 2017)
2017-09-29 08 DONE Checked. No new data. (Thu Oct 12 06:10:03 2017)
2017-09-30 08 DONE Checked. No new data. (Fri Oct 13 06:10:03 2017)
2017-10-01 08 DONE Checked. No new data. (Sat Oct 14 06:10:02 2017)
2017-10-02 08 DONE Checked. No new data. (Sun Oct 15 06:10:02 2017)
2017-10-03 08 DONE Checked. No new data. (Mon Oct 16 06:10:02 2017)
2017-10-04 07 DONE Checked. No new data. (Tue Oct 17 06:10:02 2017)
2017-10-05 00 PENDING No data files found. Skip. (Wed Oct 18 06:10:02 2017)
2017-10-06 07 DONE Checked. No new data. (Thu Oct 19 06:10:02 2017)
2017-10-07 08 DONE Checked. No new data. (Fri Oct 20 06:10:03 2017)
2017-10-08 08 DONE Checked. No new data. (Sat Oct 21 06:10:02 2017)
2017-10-09 08 DONE Checked. No new data. (Sun Oct 22 06:10:02 2017)
2017-10-10 08 DONE Checked. No new data. (Mon Oct 23 06:10:01 2017)
2017-10-11 07 DONE Checked. No new data. (Tue Oct 24 06:10:02 2017)
2017-10-12 08 DONE Checked. No new data. (Wed Oct 25 06:10:02 2017)
2017-10-13 08 DONE Checked. No new data. (Thu Oct 26 06:10:02 2017)
2017-10-14 08 DONE Checked. No new data. (Fri Oct 27 06:10:02 2017)
2017-10-15 08 DONE Checked. No new data. (Sat Oct 28 06:10:02 2017)
2017-10-16 09 DONE Checked. No new data. (Sun Oct 29 06:10:02 2017)
2017-10-17 09 DONE Checked. No new data. (Mon Oct 30 06:10:02 2017)
2017-10-18 08 DONE Checked. No new data. (Tue Oct 31 06:10:02 2017)
2017-10-19 09 DONE Checked. No new data. (Wed Nov  1 06:10:02 2017)
2017-10-20 08 DONE Checked. No new data. (Thu Nov  2 06:10:02 2017)
2017-10-21 09 DONE Checked. No new data. (Fri Nov  3 06:10:02 2017)
2017-10-22 09 DONE Checked. No new data. (Sat Nov  4 06:10:02 2017)
2017-10-23 09 DONE Checked. No new data. (Sun Nov  5 06:10:02 2017)
2017-10-24 08 DONE Checked. No new data. (Mon Nov  6 06:10:02 2017)
2017-10-25 08 DONE Checked. No new data. (Tue Nov  7 06:10:02 2017)
2017-10-26 08 DONE Checked. No new data. (Wed Nov  8 06:10:04 2017)
2017-10-27 07 DONE Checked. No new data. (Thu Nov  9 06:10:03 2017)
2017-10-28 08 DONE Checked. No new data. (Fri Nov 10 06:10:03 2017)
2017-10-29 08 DONE Checked. No new data. (Sat Nov 11 06:10:02 2017)
2017-10-30 08 DONE Checked. No new data. (Sun Nov 12 06:10:01 2017)
2017-10-31 09 DONE Checked. No new data. (Mon Nov 13 06:10:02 2017)
2017-11-01 09 DONE Checked. No new data. (Tue Nov 14 06:10:02 2017)
2017-11-02 09 DONE Checked. No new data. (Wed Nov 15 06:10:02 2017)
2017-11-03 09 DONE Checked. No new data. (Thu Nov 16 06:10:03 2017)
2017-11-04 09 DONE Checked. No new data. (Fri Nov 17 06:10:02 2017)
2017-11-05 08 DONE Checked. No new data. (Sat Nov 18 06:10:02 2017)
2017-11-06 00 PENDING No data files found. Skip. (Sun Nov 19 06:10:01 2017)
2017-11-07 07 DONE Checked. No new data. (Mon Nov 20 06:10:02 2017)
2017-11-08 08 DONE Checked. No new data. (Tue Nov 21 06:10:03 2017)
2017-11-09 08 DONE Checked. No new data. (Wed Nov 22 06:10:02 2017)
2017-11-10 08 DONE Checked. No new data. (Thu Nov 23 06:10:02 2017)
2017-11-11 08 DONE Checked. No new data. (Fri Nov 24 06:10:02 2017)
2017-11-12 07 DONE Checked. No new data. (Sat Nov 25 06:10:02 2017)
2017-11-13 08 DONE Checked. No new data. (Sun Nov 26 06:10:02 2017)
2017-11-14 08 DONE Checked. No new data. (Mon Nov 27 06:10:02 2017)
2017-11-15 08 DONE Checked. No new data. (Tue Nov 28 06:10:02 2017)
2017-11-16 08 DONE Checked. No new data. (Wed Nov 29 06:10:02 2017)
2017-11-17 09 DONE Checked. No new data. (Thu Nov 30 06:10:02 2017)
2017-11-18 09 DONE Checked. No new data. (Fri Dec  1 06:10:03 2017)
2017-11-19 08 DONE Checked. No new data. (Sat Dec  2 06:10:02 2017)
2017-11-20 09 DONE Checked. No new data. (Sun Dec  3 06:10:02 2017)
2017-11-21 08 DONE Checked. No new data. (Mon Dec  4 06:10:02 2017)
2017-11-22 09 DONE Checked. No new data. (Tue Dec  5 06:10:03 2017)
2017-11-23 09 DONE Checked. No new data. (Wed Dec  6 06:10:02 2017)
2017-11-24 09 DONE Checked. No new data. (Thu Dec  7 06:10:02 2017)
2017-11-25 08 DONE Checked. No new data. (Fri Dec  8 06:10:02 2017)
2017-11-26 08 DONE Checked. No new data. (Sat Dec  9 06:10:02 2017)
2017-11-27 08 DONE Checked. No new data. (Sun Dec 10 06:10:02 2017)
2017-11-28 07 DONE Checked. No new data. (Mon Dec 11 06:10:01 2017)
2017-11-29 08 DONE Checked. No new data. (Tue Dec 12 06:10:02 2017)
2017-11-30 08 DONE Checked. No new data. (Wed Dec 13 06:10:02 2017)
2017-12-01 08 DONE Checked. No new data. (Thu Dec 14 06:10:02 2017)
2017-12-02 09 DONE Checked. No new data. (Fri Dec 15 06:10:02 2017)
2017-12-03 09 DONE Checked. No new data. (Sat Dec 16 06:10:03 2017)
2017-12-04 09 DONE Checked. No new data. (Sun Dec 17 06:10:01 2017)
2017-12-05 09 DONE Checked. No new data. (Mon Dec 18 06:10:02 2017)
2017-12-06 09 DONE Checked. No new data. (Tue Dec 19 06:10:03 2017)
2017-12-07 08 DONE Checked. No new data. (Wed Dec 20 06:10:02 2017)
2017-12-08 00 PENDING No data files found. Skip. (Thu Dec 21 06:10:02 2017)
2017-12-09 07 DONE Checked. No new data. (Fri Dec 22 06:10:02 2017)
2017-12-10 08 DONE Checked. No new data. (Sat Dec 23 06:10:02 2017)
2017-12-11 08 DONE Checked. No new data. (Sun Dec 24 06:10:02 2017)
2017-12-12 08 DONE Checked. No new data. (Mon Dec 25 06:10:01 2017)
2017-12-13 08 DONE Checked. No new data. (Tue Dec 26 06:10:02 2017)
2017-12-14 07 DONE Checked. No new data. (Wed Dec 27 06:10:02 2017)
2017-12-15 08 DONE Checked. No new data. (Thu Dec 28 06:10:04 2017)
2017-12-16 08 DONE Checked. No new data. (Fri Dec 29 06:10:02 2017)
2017-12-17 08 DONE Checked. No new data. (Sat Dec 30 06:10:03 2017)
2017-12-18 08 DONE Checked. No new data. (Sat Dec 30 06:10:04 2017)
2017-12-19 09 DONE Checked. No new data. (Sat Dec 30 06:10:04 2017)
2017-12-20 09 DONE Checked. No new data. (Sat Dec 30 06:10:04 2017)
2017-12-21 08 DONE Checked. No new data. (Sat Dec 30 06:10:05 2017)
2017-12-22 09 PENDING No data files found. Skip. (Thu Jan  4 06:10:02 2018)
2017-12-23 08 PENDING No data files found. Skip. (Fri Jan  5 06:10:02 2018)
2017-12-24 09 PENDING No data files found. Skip. (Sat Jan  6 06:10:02 2018)
2017-12-25 09 PENDING No data files found. Skip. (Sun Jan  7 06:10:02 2018)
2017-12-26 09 PENDING No data files found. Skip. (Mon Jan  8 06:10:01 2018)
2017-12-27 08 PENDING No data files found. Skip. (Tue Jan  9 06:10:02 2018)
2017-12-28 08 PENDING No data files found. Skip. (Wed Jan 10 06:10:02 2018)
2017-12-29 08 PENDING No data files found. Skip. (Thu Jan 11 06:10:02 2018)
2017-12-30 06 DONE Checked. No new data. (Fri Jan 12 06:10:02 2018)
2017-12-31 07 DONE Checked. No new data. (Sat Jan 13 06:10:02 2018)
2018-01-01 08 DONE Checked. No new data. (Sun Jan 14 06:10:02 2018)
2018-01-02 08 DONE Checked. No new data. (Mon Jan 15 06:10:02 2018)
2018-01-03 09 DONE Checked. No new data. (Tue Jan 16 06:10:03 2018)
2018-01-04 09 DONE Checked. No new data. (Wed Jan 17 06:10:02 2018)
2018-01-05 09 DONE Checked. No new data. (Thu Jan 18 06:10:02 2018)
2018-01-06 09 DONE Checked. No new data. (Fri Jan 19 06:10:03 2018)
2018-01-07 09 DONE Checked. No new data. (Sat Jan 20 06:10:02 2018)
2018-01-08 08 DONE Checked. No new data. (Sun Jan 21 06:10:02 2018)
2018-01-09 00 PENDING No data files found. Skip. (Mon Jan 22 06:10:02 2018)
2018-01-10 07 DONE Checked. No new data. (Tue Jan 23 06:10:02 2018)
2018-01-11 08 DONE Checked. No new data. (Wed Jan 24 06:10:02 2018)
2018-01-12 08 DONE Checked. No new data. (Thu Jan 25 06:10:02 2018)
2018-01-13 08 DONE Checked. No new data. (Fri Jan 26 06:10:02 2018)
2018-01-14 08 DONE Checked. No new data. (Sat Jan 27 06:10:02 2018)
2018-01-15 07 DONE Checked. No new data. (Sun Jan 28 06:10:02 2018)
2018-01-16 08 DONE Checked. No new data. (Mon Jan 29 06:10:01 2018)
2018-01-17 08 DONE Checked. No new data. (Tue Jan 30 06:10:02 2018)
2018-01-18 08 DONE Checked. No new data. (Wed Jan 31 06:10:02 2018)
2018-01-19 08 DONE Checked. No new data. (Thu Feb  1 06:10:03 2018)
2018-01-20 09 DONE Checked. No new data. (Fri Feb  2 06:10:02 2018)
2018-01-21 09 DONE Checked. No new data. (Sat Feb  3 06:10:02 2018)
2018-01-22 08 DONE Checked. No new data. (Sun Feb  4 06:10:02 2018)
2018-01-23 09 DONE Checked. No new data. (Mon Feb  5 06:10:02 2018)
2018-01-24 08 DONE Checked. No new data. (Tue Feb  6 06:10:03 2018)
2018-01-25 09 DONE Checked. No new data. (Wed Feb  7 06:10:03 2018)
2018-01-26 09 DONE Checked. No new data. (Thu Feb  8 06:10:02 2018)
2018-01-27 09 DONE Checked. No new data. (Fri Feb  9 06:10:02 2018)
2018-01-28 08 DONE Checked. No new data. (Sat Feb 10 06:10:02 2018)
2018-01-29 08 DONE Checked. No new data. (Sun Feb 11 06:10:02 2018)
2018-01-30 08 DONE Checked. No new data. (Mon Feb 12 06:10:02 2018)
2018-01-31 07 DONE Checked. No new data. (Mon Feb 12 06:10:02 2018)
2018-02-01 08 DONE Checked. No new data. (Wed Feb 14 06:10:02 2018)
2018-02-02 08 DONE Checked. No new data. (Thu Feb 15 06:10:02 2018)
2018-02-03 08 DONE Checked. No new data. (Fri Feb 16 06:10:02 2018)
2018-02-04 09 DONE Checked. No new data. (Sat Feb 17 06:10:03 2018)
2018-02-05 09 DONE Checked. No new data. (Sun Feb 18 06:10:02 2018)
2018-02-06 09 DONE Checked. No new data. (Mon Feb 19 06:10:02 2018)
2018-02-07 09 DONE Checked. No new data. (Tue Feb 20 06:10:03 2018)
2018-02-08 09 DONE Checked. No new data. (Wed Feb 21 06:10:02 2018)
2018-02-09 08 DONE Checked. No new data. (Thu Feb 22 06:10:03 2018)
2018-02-10 00 PENDING No data files found. Skip. (Fri Feb 23 06:10:02 2018)
2018-02-11 07 DONE Checked. No new data. (Sat Feb 24 06:10:02 2018)
2018-02-12 08 DONE Checked. No new data. (Sun Feb 25 06:10:02 2018)
2018-02-13 08 DONE Checked. No new data. (Mon Feb 26 06:10:01 2018)
2018-02-14 08 DONE Checked. No new data. (Tue Feb 27 06:10:02 2018)
2018-02-15 08 DONE Checked. No new data. (Wed Feb 28 06:10:02 2018)
2018-02-16 07 DONE Checked. No new data. (Thu Mar  1 06:10:02 2018)
2018-02-17 08 DONE Checked. No new data. (Fri Mar  2 06:10:02 2018)
2018-02-18 08 DONE Checked. No new data. (Sat Mar  3 06:10:02 2018)
2018-02-19 08 DONE Checked. No new data. (Sun Mar  4 06:10:02 2018)
2018-02-20 08 DONE Checked. No new data. (Mon Mar  5 06:10:02 2018)
2018-02-21 09 DONE Checked. No new data. (Tue Mar  6 06:10:02 2018)
2018-02-22 09 DONE Checked. No new data. (Wed Mar  7 06:10:02 2018)
2018-02-23 08 DONE Checked. No new data. (Thu Mar  8 06:10:02 2018)
2018-02-24 09 DONE Checked. No new data. (Fri Mar  9 06:10:02 2018)
2018-02-25 08 DONE Checked. No new data. (Sat Mar 10 06:10:02 2018)
2018-02-26 09 DONE Checked. No new data. (Sun Mar 11 06:10:01 2018)
2018-02-27 08 DONE Checked. No new data. (Mon Mar 12 06:10:02 2018)
2018-02-28 09 DONE Checked. No new data. (Tue Mar 13 06:10:02 2018)
2018-03-01 08 DONE Checked. No new data. (Wed Mar 14 06:10:02 2018)
2018-03-02 08 DONE Checked. No new data. (Thu Mar 15 06:10:02 2018)
2018-03-03 08 DONE Checked. No new data. (Fri Mar 16 06:10:03 2018)
2018-03-04 07 DONE Checked. No new data. (Sat Mar 17 06:10:02 2018)
2018-03-05 08 DONE Checked. No new data. (Sun Mar 18 06:10:02 2018)
2018-03-06 08 DONE Checked. No new data. (Mon Mar 19 06:10:02 2018)
2018-03-07 08 DONE Checked. No new data. (Tue Mar 20 06:10:02 2018)
2018-03-08 08 DONE Checked. No new data. (Wed Mar 21 06:10:02 2018)
2018-03-09 08 DONE Checked. No new data. (Thu Mar 22 06:10:03 2018)
2018-03-10 08 DONE Checked. No new data. (Fri Mar 23 06:10:02 2018)
2018-03-11 08 DONE Checked. No new data. (Sat Mar 24 06:10:02 2018)
2018-03-12 08 DONE Checked. No new data. (Sun Mar 25 06:10:01 2018)
2018-03-13 07 DONE Checked. No new data. (Mon Mar 26 06:10:02 2018)
2018-03-14 00 PENDING No data files found. Skip. (Tue Mar 27 06:10:02 2018)
2018-03-15 07 DONE Checked. No new data. (Wed Mar 28 06:10:03 2018)
2018-03-16 08 DONE Checked. No new data. (Thu Mar 29 06:10:03 2018)
2018-03-17 08 DONE Checked. No new data. (Fri Mar 30 06:10:03 2018)
2018-03-18 08 DONE Checked. No new data. (Sat Mar 31 06:10:03 2018)
2018-03-19 08 DONE Checked. No new data. (Sun Apr  1 06:10:02 2018)
2018-03-20 07 DONE Checked. No new data. (Mon Apr  2 06:10:02 2018)
2018-03-21 08 DONE Checked. No new data. (Tue Apr  3 06:10:02 2018)
2018-03-22 08 DONE Checked. No new data. (Wed Apr  4 06:10:03 2018)
2018-03-23 08 DONE Checked. No new data. (Thu Apr  5 06:10:03 2018)
2018-03-24 08 DONE Checked. No new data. (Fri Apr  6 06:10:02 2018)
2018-03-25 08 DONE Checked. No new data. (Sat Apr  7 06:10:02 2018)
2018-03-26 08 DONE Checked. No new data. (Sun Apr  8 06:10:02 2018)
2018-03-27 08 DONE Checked. No new data. (Mon Apr  9 06:10:02 2018)
2018-03-28 08 DONE Checked. No new data. (Tue Apr 10 06:10:02 2018)
2018-03-29 07 DONE Checked. No new data. (Wed Apr 11 06:10:02 2018)
2018-03-30 08 DONE Checked. No new data. (Thu Apr 12 06:10:04 2018)
2018-03-31 08 DONE Checked. No new data. (Fri Apr 13 06:10:02 2018)
2018-04-01 08 DONE Checked. No new data. (Sat Apr 14 06:10:03 2018)
2018-04-02 08 DONE Checked. No new data. (Sun Apr 15 06:10:01 2018)
2018-04-03 08 DONE Checked. No new data. (Mon Apr 16 06:10:02 2018)
2018-04-04 08 DONE Checked. No new data. (Tue Apr 17 06:10:03 2018)
2018-04-05 07 DONE Checked. No new data. (Wed Apr 18 06:10:03 2018)
2018-04-06 08 DONE Checked. No new data. (Thu Apr 19 06:10:02 2018)
2018-04-07 08 DONE Checked. No new data. (Fri Apr 20 06:10:03 2018)
2018-04-08 08 DONE Checked. No new data. (Sat Apr 21 06:10:03 2018)
2018-04-09 08 DONE Checked. No new data. (Sun Apr 22 06:10:02 2018)
2018-04-10 08 DONE Checked. No new data. (Mon Apr 23 06:10:01 2018)
2018-04-11 08 DONE Checked. No new data. (Tue Apr 24 06:10:03 2018)
2018-04-12 08 DONE Checked. No new data. (Wed Apr 25 06:10:03 2018)
2018-04-13 08 DONE Checked. No new data. (Thu Apr 26 06:10:03 2018)
2018-04-14 07 DONE Checked. No new data. (Fri Apr 27 06:10:02 2018)
2018-04-15 00 PENDING No data files found. Skip. (Sat Apr 28 06:10:03 2018)
2018-04-16 07 DONE Checked. No new data. (Sun Apr 29 06:10:02 2018)
2018-04-17 08 DONE Checked. No new data. (Mon Apr 30 06:10:02 2018)
2018-04-18 08 DONE Checked. No new data. (Tue May  1 06:10:02 2018)
2018-04-19 08 DONE Checked. No new data. (Wed May  2 06:10:03 2018)
2018-04-20 08 DONE Checked. No new data. (Thu May  3 06:10:02 2018)
2018-04-21 07 DONE Checked. No new data. (Fri May  4 06:10:02 2018)
2018-04-22 08 DONE Checked. No new data. (Sat May  5 06:10:03 2018)
2018-04-23 08 DONE Checked. No new data. (Sun May  6 06:10:02 2018)
2018-04-24 08 DONE Checked. No new data. (Mon May  7 06:10:01 2018)
2018-04-25 08 DONE Checked. No new data. (Tue May  8 06:10:02 2018)
2018-04-26 08 DONE Checked. No new data. (Wed May  9 06:10:02 2018)
2018-04-27 08 DONE Checked. No new data. (Thu May 10 06:10:03 2018)
2018-04-28 08 DONE Checked. No new data. (Fri May 11 06:10:03 2018)
2018-04-29 08 DONE Checked. No new data. (Sat May 12 06:10:02 2018)
2018-04-30 07 DONE Checked. No new data. (Sun May 13 06:10:02 2018)
2018-05-01 08 DONE Checked. No new data. (Mon May 14 06:10:02 2018)
2018-05-02 08 DONE Checked. No new data. (Tue May 15 06:10:03 2018)
2018-05-03 08 DONE Checked. No new data. (Wed May 16 06:10:02 2018)
2018-05-04 08 DONE Checked. No new data. (Thu May 17 06:10:02 2018)
2018-05-05 08 DONE Checked. No new data. (Fri May 18 06:10:02 2018)
2018-05-06 08 DONE Checked. No new data. (Sat May 19 06:10:02 2018)
2018-05-07 07 DONE Checked. No new data. (Sun May 20 06:10:02 2018)
2018-05-08 08 DONE Checked. No new data. (Mon May 21 06:10:02 2018)
2018-05-09 08 DONE Checked. No new data. (Tue May 22 06:10:03 2018)
2018-05-10 08 DONE Checked. No new data. (Wed May 23 06:10:03 2018)
2018-05-11 08 DONE Checked. No new data. (Thu May 24 06:10:03 2018)
2018-05-12 08 DONE Checked. No new data. (Fri May 25 06:10:03 2018)
2018-05-13 08 DONE Checked. No new data. (Sat May 26 06:10:02 2018)
2018-05-14 08 DONE Checked. No new data. (Sun May 27 06:10:02 2018)
2018-05-15 08 DONE Checked. No new data. (Mon May 28 06:10:02 2018)
2018-05-16 07 DONE Checked. No new data. (Tue May 29 06:10:03 2018)
2018-05-17 00 PENDING No data files found. Skip. (Wed May 30 06:10:02 2018)
2018-05-18 07 DONE Checked. No new data. (Thu May 31 06:10:02 2018)
2018-05-19 08 DONE Checked. No new data. (Fri Jun  1 06:10:03 2018)
2018-05-20 08 DONE Checked. No new data. (Sat Jun  2 06:10:02 2018)
2018-05-21 08 DONE Checked. No new data. (Sun Jun  3 06:10:02 2018)
2018-05-22 08 DONE Checked. No new data. (Mon Jun  4 06:10:02 2018)
2018-05-23 07 DONE Checked. No new data. (Tue Jun  5 06:10:02 2018)
2018-05-24 08 DONE Checked. No new data. (Wed Jun  6 06:10:03 2018)
2018-05-25 08 DONE Checked. No new data. (Thu Jun  7 06:10:03 2018)
2018-05-26 08 DONE Checked. No new data. (Fri Jun  8 06:10:03 2018)
2018-05-27 08 DONE Checked. No new data. (Sat Jun  9 06:10:03 2018)
2018-05-28 08 DONE Checked. No new data. (Sun Jun 10 06:10:02 2018)
2018-05-29 08 DONE Checked. No new data. (Mon Jun 11 06:10:01 2018)
2018-05-30 08 DONE Checked. No new data. (Tue Jun 12 06:10:03 2018)
2018-05-31 08 DONE Checked. No new data. (Wed Jun 13 06:10:02 2018)
2018-06-01 07 DONE Checked. No new data. (Thu Jun 14 06:10:02 2018)
2018-06-02 08 DONE Checked. No new data. (Fri Jun 15 06:10:02 2018)
2018-06-03 08 DONE Checked. No new data. (Sat Jun 16 06:10:03 2018)
2018-06-04 08 DONE Checked. No new data. (Sun Jun 17 06:10:02 2018)
2018-06-05 08 DONE Checked. No new data. (Mon Jun 18 06:10:01 2018)
2018-06-06 08 DONE Checked. No new data. (Tue Jun 19 06:10:03 2018)
2018-06-07 08 DONE Checked. No new data. (Wed Jun 20 06:10:02 2018)
2018-06-08 07 DONE Checked. No new data. (Thu Jun 21 06:10:03 2018)
2018-06-09 08 DONE Checked. No new data. (Fri Jun 22 06:10:03 2018)
2018-06-10 08 DONE Checked. No new data. (Sat Jun 23 06:10:02 2018)
2018-06-11 08 DONE Checked. No new data. (Sun Jun 24 06:10:02 2018)
2018-06-12 08 DONE Checked. No new data. (Mon Jun 25 06:10:02 2018)
2018-06-13 08 DONE Checked. No new data. (Tue Jun 26 06:10:03 2018)
2018-06-14 08 DONE Checked. No new data. (Wed Jun 27 06:10:03 2018)
2018-06-15 08 DONE Checked. No new data. (Thu Jun 28 06:10:02 2018)
2018-06-16 08 DONE Checked. No new data. (Fri Jun 29 06:10:02 2018)
2018-06-17 07 DONE Checked. No new data. (Sat Jun 30 06:10:02 2018)
2018-06-18 00 PENDING No data files found. Skip. (Sun Jul  1 06:10:02 2018)
2018-06-19 07 DONE Checked. No new data. (Mon Jul  2 06:10:02 2018)
2018-06-20 08 DONE Checked. No new data. (Tue Jul  3 06:10:02 2018)
2018-06-21 08 DONE Checked. No new data. (Wed Jul  4 06:10:02 2018)
2018-06-22 08 DONE Checked. No new data. (Thu Jul  5 06:10:03 2018)
2018-06-23 08 DONE Checked. No new data. (Fri Jul  6 06:10:03 2018)
2018-06-24 07 DONE Checked. No new data. (Sat Jul  7 06:10:02 2018)
2018-06-25 08 DONE Checked. No new data. (Sun Jul  8 06:10:02 2018)
2018-06-26 08 DONE Checked. No new data. (Mon Jul  9 06:10:02 2018)
2018-06-27 08 DONE Checked. No new data. (Tue Jul 10 06:10:03 2018)
2018-06-28 08 DONE Checked. No new data. (Wed Jul 11 06:10:02 2018)
2018-06-29 08 DONE Checked. No new data. (Thu Jul 12 06:10:02 2018)
2018-06-30 08 DONE Checked. No new data. (Fri Jul 13 06:10:02 2018)
2018-07-01 08 DONE Checked. No new data. (Sat Jul 14 06:10:03 2018)
2018-07-02 08 DONE Checked. No new data. (Sun Jul 15 06:10:01 2018)
2018-07-03 07 DONE Checked. No new data. (Mon Jul 16 06:10:01 2018)
2018-07-04 08 DONE Checked. No new data. (Tue Jul 17 06:10:03 2018)
2018-07-05 08 DONE Checked. No new data. (Wed Jul 18 06:10:02 2018)
2018-07-06 08 DONE Checked. No new data. (Thu Jul 19 06:10:02 2018)
2018-07-07 08 DONE Checked. No new data. (Fri Jul 20 06:10:02 2018)
2018-07-08 08 DONE Checked. No new data. (Sat Jul 21 06:10:02 2018)
2018-07-09 08 DONE Checked. No new data. (Sun Jul 22 06:10:02 2018)
2018-07-10 07 DONE Checked. No new data. (Mon Jul 23 06:10:01 2018)
2018-07-11 08 DONE Checked. No new data. (Tue Jul 24 06:10:02 2018)
2018-07-12 08 DONE Checked. No new data. (Wed Jul 25 06:10:02 2018)
2018-07-13 08 DONE Checked. No new data. (Thu Jul 26 06:10:03 2018)
2018-07-14 08 DONE Checked. No new data. (Fri Jul 27 06:10:03 2018)
2018-07-15 09 DONE Checked. No new data. (Sat Jul 28 06:10:02 2018)
2018-07-16 08 DONE Checked. No new data. (Sun Jul 29 06:10:02 2018)
2018-07-17 08 DONE Checked. No new data. (Mon Jul 30 06:10:02 2018)
2018-07-18 08 DONE Checked. No new data. (Tue Jul 31 06:10:02 2018)
2018-07-19 07 DONE Checked. No new data. (Wed Aug  1 06:10:03 2018)
2018-07-20 00 PENDING No data files found. Skip. (Thu Aug  2 06:10:02 2018)
2018-07-21 07 DONE Checked. No new data. (Fri Aug  3 06:10:02 2018)
2018-07-22 08 DONE Checked. No new data. (Fri Aug  3 06:10:03 2018)
2018-07-23 08 DONE Checked. No new data. (Fri Aug  3 06:10:03 2018)
2018-07-24 08 DONE Checked. No new data. (Fri Aug  3 06:10:03 2018)
2018-07-25 08 DONE Checked. No new data. (Fri Aug  3 06:10:03 2018)
2018-07-26 07 DONE Checked. No new data. (Fri Aug  3 06:10:04 2018)
2018-07-27 08 DONE Checked. No new data. (Fri Aug  3 06:10:04 2018)
2018-07-28 08 DONE Checked. No new data. (Fri Aug  3 06:10:04 2018)
2018-07-29 08 DONE Checked. No new data. (Fri Aug  3 06:10:04 2018)
2018-07-30 08 DONE Checked. No new data. (Fri Aug  3 06:10:04 2018)
2018-07-31 08 DONE Checked. No new data. (Fri Aug  3 06:10:04 2018)
2018-08-01 08 DONE Checked. No new data. (Fri Aug  3 06:10:05 2018)
2018-08-02 08 DONE Processed OK. (Fri Aug  3 06:13:01 2018)
2018-08-03 00 PENDING No data files found. Skip. (Fri Aug  3 06:13:01 2018)
